<?xml version="1.0" encoding="UTF-8"?>
<testsuite name="org.openmrs.api.UserServiceTest" time="8.526" tests="103" errors="0" skipped="1" failures="0">
  <properties>
    <property name="java.runtime.name" value="OpenJDK Runtime Environment"/>
    <property name="sun.boot.library.path" value="/usr/lib/jvm/java-1.8.0-openjdk-1.8.0.201.b09-0.amzn2.x86_64/jre/lib/amd64"/>
    <property name="java.vm.version" value="25.201-b09"/>
    <property name="java.vm.vendor" value="Oracle Corporation"/>
    <property name="maven.multiModuleProjectDirectory" value="/home/ec2-user/3tireapp/openmrs-core"/>
    <property name="java.vendor.url" value="http://java.oracle.com/"/>
    <property name="path.separator" value=":"/>
    <property name="guice.disable.misplaced.annotation.check" value="true"/>
    <property name="java.vm.name" value="OpenJDK 64-Bit Server VM"/>
    <property name="file.encoding.pkg" value="sun.io"/>
    <property name="user.country" value="US"/>
    <property name="sun.java.launcher" value="SUN_STANDARD"/>
    <property name="sun.os.patch.level" value="unknown"/>
    <property name="java.vm.specification.name" value="Java Virtual Machine Specification"/>
    <property name="user.dir" value="/home/ec2-user/3tireapp/openmrs-core"/>
    <property name="java.runtime.version" value="1.8.0_201-b09"/>
    <property name="java.awt.graphicsenv" value="sun.awt.X11GraphicsEnvironment"/>
    <property name="java.endorsed.dirs" value="/usr/lib/jvm/java-1.8.0-openjdk-1.8.0.201.b09-0.amzn2.x86_64/jre/lib/endorsed"/>
    <property name="os.arch" value="amd64"/>
    <property name="java.io.tmpdir" value="/tmp"/>
    <property name="line.separator" value="&#10;"/>
    <property name="java.vm.specification.vendor" value="Oracle Corporation"/>
    <property name="os.name" value="Linux"/>
    <property name="classworlds.conf" value="/usr/share/apache-maven/bin/m2.conf"/>
    <property name="sun.jnu.encoding" value="UTF-8"/>
    <property name="java.library.path" value="/usr/java/packages/lib/amd64:/usr/lib64:/lib64:/lib:/usr/lib"/>
    <property name="maven.conf" value="/usr/share/apache-maven/conf"/>
    <property name="java.specification.name" value="Java Platform API Specification"/>
    <property name="java.class.version" value="52.0"/>
    <property name="sun.management.compiler" value="HotSpot 64-Bit Tiered Compilers"/>
    <property name="os.version" value="4.14.88-88.76.amzn2.x86_64"/>
    <property name="library.jansi.path" value="/usr/share/apache-maven/lib/jansi-native"/>
    <property name="user.home" value="/root"/>
    <property name="user.timezone" value="UTC"/>
    <property name="java.awt.printerjob" value="sun.print.PSPrinterJob"/>
    <property name="java.specification.version" value="1.8"/>
    <property name="file.encoding" value="UTF-8"/>
    <property name="user.name" value="root"/>
    <property name="java.class.path" value="/usr/share/apache-maven/boot/plexus-classworlds-2.5.2.jar"/>
    <property name="java.vm.specification.version" value="1.8"/>
    <property name="sun.arch.data.model" value="64"/>
    <property name="java.home" value="/usr/lib/jvm/java-1.8.0-openjdk-1.8.0.201.b09-0.amzn2.x86_64/jre"/>
    <property name="sun.java.command" value="org.codehaus.plexus.classworlds.launcher.Launcher clean install"/>
    <property name="java.specification.vendor" value="Oracle Corporation"/>
    <property name="user.language" value="en"/>
    <property name="awt.toolkit" value="sun.awt.X11.XToolkit"/>
    <property name="java.vm.info" value="mixed mode"/>
    <property name="java.version" value="1.8.0_201"/>
    <property name="java.ext.dirs" value="/usr/lib/jvm/java-1.8.0-openjdk-1.8.0.201.b09-0.amzn2.x86_64/jre/lib/ext:/usr/java/packages/lib/ext"/>
    <property name="securerandom.source" value="file:/dev/./urandom"/>
    <property name="sun.boot.class.path" value="/usr/lib/jvm/java-1.8.0-openjdk-1.8.0.201.b09-0.amzn2.x86_64/jre/lib/resources.jar:/usr/lib/jvm/java-1.8.0-openjdk-1.8.0.201.b09-0.amzn2.x86_64/jre/lib/rt.jar:/usr/lib/jvm/java-1.8.0-openjdk-1.8.0.201.b09-0.amzn2.x86_64/jre/lib/sunrsasign.jar:/usr/lib/jvm/java-1.8.0-openjdk-1.8.0.201.b09-0.amzn2.x86_64/jre/lib/jsse.jar:/usr/lib/jvm/java-1.8.0-openjdk-1.8.0.201.b09-0.amzn2.x86_64/jre/lib/jce.jar:/usr/lib/jvm/java-1.8.0-openjdk-1.8.0.201.b09-0.amzn2.x86_64/jre/lib/charsets.jar:/usr/lib/jvm/java-1.8.0-openjdk-1.8.0.201.b09-0.amzn2.x86_64/jre/lib/jfr.jar:/usr/lib/jvm/java-1.8.0-openjdk-1.8.0.201.b09-0.amzn2.x86_64/jre/classes"/>
    <property name="java.vendor" value="Oracle Corporation"/>
    <property name="maven.home" value="/usr/share/apache-maven"/>
    <property name="file.separator" value="/"/>
    <property name="java.vendor.url.bug" value="http://bugreport.sun.com/bugreport/"/>
    <property name="sun.cpu.endian" value="little"/>
    <property name="sun.io.unicode.encoding" value="UnicodeLittle"/>
    <property name="sun.cpu.isalist" value=""/>
  </properties>
  <testcase name="getUsers_shouldFetchUsersWithAtLeastOneOfTheGivenRoleObjects" classname="org.openmrs.api.UserServiceTest" time="0.12"/>
  <testcase name="getUsers_shouldMatchSearchToFamilyName2" classname="org.openmrs.api.UserServiceTest" time="0.049"/>
  <testcase name="getUsers_shouldReturnUsersWhoseRolesInheritRequestedRoles" classname="org.openmrs.api.UserServiceTest" time="0.112"/>
  <testcase name="getUsers_shouldFetchUsersWithNameThatContainsGivenNameSearch" classname="org.openmrs.api.UserServiceTest" time="0.006"/>
  <testcase name="getUserByUsernameOrEmail_shouldGetUserByUsingEmail" classname="org.openmrs.api.UserServiceTest" time="0.104"/>
  <testcase name="getPrivilege_shouldFetchPrivilegeForGivenName" classname="org.openmrs.api.UserServiceTest" time="0.105"/>
  <testcase name="setUserProperty_shouldThrowErrorWhenUserIsNotAuthorizedToEditUsers" classname="org.openmrs.api.UserServiceTest" time="0.005"/>
  <testcase name="changeHashedPassword_shouldChangeTheHashedPasswordForTheGivenUser" classname="org.openmrs.api.UserServiceTest" time="0.006"/>
  <testcase name="changePassword_shouldChangePasswordForTheGivenUserAndPassword" classname="org.openmrs.api.UserServiceTest" time="0.007"/>
  <testcase name="changePassword_shouldThrowAPIExceptionIfOldPasswordIsNotCorrect" classname="org.openmrs.api.UserServiceTest" time="0.093"/>
  <testcase name="getAllRoles_shouldReturnAllRolesInTheSystem" classname="org.openmrs.api.UserServiceTest" time="0.111"/>
  <testcase name="getUsersByPerson_shouldNotFetchRetiredAccountsWhenIncludeRetiredIsFalse" classname="org.openmrs.api.UserServiceTest" time="0.107"/>
  <testcase name="createUser_shouldNotAllowExistingUser" classname="org.openmrs.api.UserServiceTest" time="0.007"/>
  <testcase name="purgePrivilege_shouldDeleteGivenPrivilegeFromTheDatabase" classname="org.openmrs.api.UserServiceTest" time="0.388"/>
  <testcase name="changePassword_shouldBeAbleToUpdatePasswordMultipleTimes" classname="org.openmrs.api.UserServiceTest" time="0.007"/>
  <testcase name="getAllPrivileges_shouldReturnAllPrivilegesInTheSystem" classname="org.openmrs.api.UserServiceTest" time="0.103"/>
  <testcase name="setUserProperty_shouldReturnNullIfUserIsNull" classname="org.openmrs.api.UserServiceTest" time="0.003"/>
  <testcase name="changePassword_shouldMatchOnIncorrectlyHashedSha1StoredPassword" classname="org.openmrs.api.UserServiceTest" time="0.106"/>
  <testcase name="getUserByActivationKey_shouldReturnNullIfTokenTimeExpired" classname="org.openmrs.api.UserServiceTest" time="0.01"/>
  <testcase name="changeQuestionAnswer_shouldMatchOnIncorrectlyHashedStoredPassword" classname="org.openmrs.api.UserServiceTest" time="0.103"/>
  <testcase name="saveUserProperties_shouldRemoveAllExistingPropertiesAndAssignNewProperties" classname="org.openmrs.api.UserServiceTest" time="0.103"/>
  <testcase name="getRoleByUuid_shouldReturnNullIfNoObjectFoundWithGivenUuid" classname="org.openmrs.api.UserServiceTest" time="0.006"/>
  <testcase name="createUser_shouldNotAllowDuplicatedSystemId" classname="org.openmrs.api.UserServiceTest" time="0.007"/>
  <testcase name="shouldFetchNamesForPersonsThatWereFirstFetchedAsUsers" classname="org.openmrs.api.UserServiceTest" time="0.004"/>
  <testcase name="createUser_shouldNotAllowUsernameEqualsExistingSystemId" classname="org.openmrs.api.UserServiceTest" time="0.008"/>
  <testcase name="removeUserProperty_shouldReturnNullIfUserIsNull" classname="org.openmrs.api.UserServiceTest" time="0.002"/>
  <testcase name="changePasswordUsingActivationKey_shouldNotUpdatePasswordIfActivationKeyExpired" classname="org.openmrs.api.UserServiceTest" time="0.009"/>
  <testcase name="changePassword_shouldThrowShortPasswordExceptionWithShortPassword" classname="org.openmrs.api.UserServiceTest" time="0.005"/>
  <testcase name="setUserActivationKey_shouldCreateUserActivationKey" classname="org.openmrs.api.UserServiceTest" time="0.092"/>
  <testcase name="createUser_shouldNotAllowNullPassword" classname="org.openmrs.api.UserServiceTest" time="0.004"/>
  <testcase name="changePassword_shouldNotUpdatePasswordOfGivenUserWhenLoggedInUserDoesNotHaveEditUsersPasswordPrivilege" classname="org.openmrs.api.UserServiceTest" time="0.088"/>
  <testcase name="getAllUsers_shouldNotContainsAnyDuplicateUsers" classname="org.openmrs.api.UserServiceTest" time="0.111"/>
  <testcase name="changePasswordUsingActivationKey_shouldNotUpdatePasswordIfActivationKeyIsIncorrect" classname="org.openmrs.api.UserServiceTest" time="0.01"/>
  <testcase name="getUsersByName_shouldNotFetchAnyVoidedUsersWhenIncludeVoidedIsFalse" classname="org.openmrs.api.UserServiceTest" time="0.007"/>
  <testcase name="purgeRole_shouldThrowErrorWhenRoleHasChildRoles" classname="org.openmrs.api.UserServiceTest" time="0.004"/>
  <testcase name="getUserByUsernameOrEmail_shouldFailIfEmailIsWhiteSpace" classname="org.openmrs.api.UserServiceTest" time="0.003"/>
  <testcase name="getUser_shouldFetchUserWithGivenUserId" classname="org.openmrs.api.UserServiceTest" time="0.004"/>
  <testcase name="getUserByUuid_shouldFindObjectGivenValidUuid" classname="org.openmrs.api.UserServiceTest" time="0.005"/>
  <testcase name="getUserByUsernameOrEmail_shouldFailIfEmailIsNull" classname="org.openmrs.api.UserServiceTest" time="0.003"/>
  <testcase name="getUsersByName_shouldFetchUsersExactlyMatchingTheGivenGivenNameAndFamilyName" classname="org.openmrs.api.UserServiceTest" time="0.288"/>
  <testcase name="isSecretAnswer_shouldReturnFalseWhenGivenAnswerDoesNotMatchTheStoredSecretAnswer" classname="org.openmrs.api.UserServiceTest" time="0.684"/>
  <testcase name="changePasswordUsingSecretAnswer_shouldUpdatePasswordIfSecretIsCorrect" classname="org.openmrs.api.UserServiceTest" time="0.098"/>
  <testcase name="setUserProperty_shouldModifyPropertyWithGivenKeyAndValueWhenKeyAlreadyExists" classname="org.openmrs.api.UserServiceTest" time="0.111"/>
  <testcase name="purgeUser_shouldDeleteGivenUser" classname="org.openmrs.api.UserServiceTest" time="0.01"/>
  <testcase name="retireUser_shouldRetireUserAndSetAttributes" classname="org.openmrs.api.UserServiceTest" time="0.009"/>
  <testcase name="createUser_shouldNotAllowBlankPassword" classname="org.openmrs.api.UserServiceTest" time="0.004"/>
  <testcase name="getPrivilegeByUuid_shouldReturnNullIfNoObjectFoundWithGivenUuid" classname="org.openmrs.api.UserServiceTest" time="0.005"/>
  <testcase name="isSecretAnswer_shouldReturnTrueWhenGivenAnswerMatchesStoredSecretAnswer" classname="org.openmrs.api.UserServiceTest" time="0.109"/>
  <testcase name="purgeUser_shouldDeleteGivenUserWhenCascadeEqualsFalse" classname="org.openmrs.api.UserServiceTest" time="0.01"/>
  <testcase name="savePrivilege_shouldSaveGivenPrivilegeToTheDatabase" classname="org.openmrs.api.UserServiceTest" time="0.005"/>
  <testcase name="getUsers_shouldFetchUsersWithSystemIdThatContainsGivenNameSearch" classname="org.openmrs.api.UserServiceTest" time="0.013"/>
  <testcase name="removeUserProperty_shouldRemoveUserPropertyForGivenUserAndKey" classname="org.openmrs.api.UserServiceTest" time="0.119"/>
  <testcase name="changePassword_shouldMatchOnCorrectlyHashedSha1StoredPassword" classname="org.openmrs.api.UserServiceTest" time="0.111"/>
  <testcase name="getUsers_shouldNotFailIfRolesAreSearchedButNameIsEmpty" classname="org.openmrs.api.UserServiceTest" time="0.006"/>
  <testcase name="changePassword_shouldThrowExceptionIfNewPasswortIsTooShort" classname="org.openmrs.api.UserServiceTest" time="0.094"/>
  <testcase name="getUserByUuid_shouldReturnNullIfNoObjectFoundWithGivenUuid" classname="org.openmrs.api.UserServiceTest" time="0.003"/>
  <testcase name="setUserProperty_shouldAddPropertyWithGivenKeyAndValueWhenKeyDoesNotAlreadyExist" classname="org.openmrs.api.UserServiceTest" time="0.133"/>
  <testcase name="getUsers_shouldNotFetchDuplicateUsers" classname="org.openmrs.api.UserServiceTest" time="0.117"/>
  <testcase name="purgeRole_shouldReturnIfRoleIsNull" classname="org.openmrs.api.UserServiceTest" time="0.003"/>
  <testcase name="changePasswordUsingActivationKey_shouldUpdatePasswordIfActivationKeyIsCorrect" classname="org.openmrs.api.UserServiceTest" time="0.013"/>
  <testcase name="getUsers_shouldFetchAllUsersIfNameSearchIsEmptyOrNull" classname="org.openmrs.api.UserServiceTest" time="0.011"/>
  <testcase name="createUser_shouldCreateNewUserWithBasicElements" classname="org.openmrs.api.UserServiceTest" time="0.011"/>
  <testcase name="unretireUser_shouldUnretireAndUnmarkAllAttributes" classname="org.openmrs.api.UserServiceTest" time="0.007"/>
  <testcase name="changePassword_shouldUpdatePasswordOfGivenUserWhenLoggedInUserHasEditUsersPasswordPrivilege" classname="org.openmrs.api.UserServiceTest" time="0.007"/>
  <testcase name="saveRole_shouldThrowErrorIfRoleInheritsFromItself" classname="org.openmrs.api.UserServiceTest" time="0.004"/>
  <testcase name="changePassword_shouldMatchOnSha512HashedPassword" classname="org.openmrs.api.UserServiceTest" time="0.106"/>
  <testcase name="getRole_shouldFetchRoleForGivenRoleName" classname="org.openmrs.api.UserServiceTest" time="0.101"/>
  <testcase name="getUsers_shouldNotFetchVoidedUsersIfIncludedVoidedIsFalse" classname="org.openmrs.api.UserServiceTest" time="0.003"/>
  <testcase name="createUser_shouldNotAllowSystemIdEqualsExistingUsername" classname="org.openmrs.api.UserServiceTest" time="0.006"/>
  <testcase name="saveUser_shouldUpdateUsersUsername" classname="org.openmrs.api.UserServiceTest" time="0.005"/>
  <testcase name="getUsersByRole_shouldFetchUsersAssignedGivenRole" classname="org.openmrs.api.UserServiceTest" time="0.106"/>
  <testcase name="saveRole_shouldSaveGivenRoleToTheDatabase" classname="org.openmrs.api.UserServiceTest" time="0.003"/>
  <testcase name="hasDuplicateUsername_shouldVerifyThatUsernameAndSystemIdIsUnique" classname="org.openmrs.api.UserServiceTest" time="0.11"/>
  <testcase name="purgeRole_shouldDeleteGivenRoleFromDatabase" classname="org.openmrs.api.UserServiceTest" time="0.098"/>
  <testcase name="getUserByActivationKey_shouldGetUserByActivationKey" classname="org.openmrs.api.UserServiceTest" time="0.006"/>
  <testcase name="saveUser_shouldGrantNewRolesInRolesListToUser" classname="org.openmrs.api.UserServiceTest" time="0.108"/>
  <testcase name="createUser_shouldNotAllowSystemIdEqualsUsernameWithLuhnCheckDigit" classname="org.openmrs.api.UserServiceTest" time="0.007"/>
  <testcase name="getUsers_shouldFetchVoidedUsersIfIncludedVoidedIsTrue" classname="org.openmrs.api.UserServiceTest" time="0.005"/>
  <testcase name="changePassword_shouldChangePasswordForGivenUserIfOldPasswordIsCorrectlyPassed" classname="org.openmrs.api.UserServiceTest" time="0.094"/>
  <testcase name="purgePrivilege_shouldThrowErrorWhenPrivilegeIsCorePrivilege" classname="org.openmrs.api.UserServiceTest" time="0.004"/>
  <testcase name="changePassword_shouldThrowAPIExceptionIfGivenUserDoesNotExist" classname="org.openmrs.api.UserServiceTest" time="0.005"/>
  <testcase name="saveUserProperty_shouldAddNewPropertyToExistingUserProperties" classname="org.openmrs.api.UserServiceTest" time="0.109"/>
  <testcase name="getUsersByName_shouldNotFetchAnyDuplicateUsers" classname="org.openmrs.api.UserServiceTest" time="0.269"/>
  <testcase name="getAllUsers_shouldFetchAllUsersInTheSystem" classname="org.openmrs.api.UserServiceTest" time="0.667"/>
  <testcase name="createUser_shouldShouldCreateUserWhoIsPatientAlready" classname="org.openmrs.api.UserServiceTest" time="0.298"/>
  <testcase name="getRoleByUuid_shouldFindObjectGivenValidUuid" classname="org.openmrs.api.UserServiceTest" time="0.684"/>
  <testcase name="changePassword_shouldThrowExceptionIfOldPasswordIsNullAndChangingUserHaveNotPrivileges" classname="org.openmrs.api.UserServiceTest" time="0.093"/>
  <testcase name="purgeUser_shouldThrowAPIExceptionIfCascadeIsTrue" classname="org.openmrs.api.UserServiceTest" time="0.006"/>
  <testcase name="getUsersByPerson_shouldFetchAllAccountsForAPersonWhenIncludeRetiredIsTrue" classname="org.openmrs.api.UserServiceTest" time="0.104"/>
  <testcase name="changeQuestionAnswer_shouldChangeTheSecretQuestionAndAnswerForGivenUser" classname="org.openmrs.api.UserServiceTest" time="0">
    <skipped/>
  </testcase>
  <testcase name="getUserByUsernameOrEmail_shouldNotGetUserIfEmailIsEmpty" classname="org.openmrs.api.UserServiceTest" time="0.002"/>
  <testcase name="getUsersByName_shouldFetchVoidedUsersWhenincludeVoidedIsTrue" classname="org.openmrs.api.UserServiceTest" time="0.005"/>
  <testcase name="getUserByUsername_shouldGetUserByUsername" classname="org.openmrs.api.UserServiceTest" time="0.003"/>
  <testcase name="removeUserProperty_shouldThrowErrorWhenUserIsNotAuthorizedToEditUsers" classname="org.openmrs.api.UserServiceTest" time="0.103"/>
  <testcase name="changeQuestionAnswer_shouldMatchOnCorrectlyHashedStoredPassword" classname="org.openmrs.api.UserServiceTest" time="0.102"/>
  <testcase name="getPrivilegeByUuid_shouldFindObjectGivenValidUuid" classname="org.openmrs.api.UserServiceTest" time="0.1"/>
  <testcase name="changePasswordUsingSecretAnswer_shouldNotUpdatePasswordIfSecretIsNotCorrect" classname="org.openmrs.api.UserServiceTest" time="0.089"/>
  <testcase name="saveUser_shouldFailToCreateTheUserWithAWeakPassword" classname="org.openmrs.api.UserServiceTest" time="0.004"/>
  <testcase name="getUsersByRole_shouldNotFetchUserThatDoesNotBelongToGivenRole" classname="org.openmrs.api.UserServiceTest" time="0.102"/>
  <testcase name="getUserByUuid_shouldFetchUserWithGivenUuid" classname="org.openmrs.api.UserServiceTest" time="0.263"/>
  <testcase name="purgeRole_shouldThrowErrorWhenRoleIsACoreRole" classname="org.openmrs.api.UserServiceTest" time="0.645"/>
  <testcase name="createUser_shouldNotAllowForDuplicatedUsername" classname="org.openmrs.api.UserServiceTest" time="0.008"/>
  <testcase name="changePassword_shouldChangePasswordForGivenUserIfOldPasswordIsNullAndChangingUserHavePrivileges" classname="org.openmrs.api.UserServiceTest" time="0.091"/>
</testsuite>