<?xml version="1.0" encoding="UTF-8"?>
<testsuite name="org.openmrs.api.db.hibernate.HibernatePersonDAOTest" time="7.66" tests="41" errors="0" skipped="0" failures="0">
  <properties>
    <property name="java.runtime.name" value="OpenJDK Runtime Environment"/>
    <property name="sun.boot.library.path" value="/usr/lib/jvm/java-1.8.0-openjdk-1.8.0.201.b09-0.amzn2.x86_64/jre/lib/amd64"/>
    <property name="java.vm.version" value="25.201-b09"/>
    <property name="java.vm.vendor" value="Oracle Corporation"/>
    <property name="maven.multiModuleProjectDirectory" value="/home/ec2-user/3tireapp/openmrs-core"/>
    <property name="java.vendor.url" value="http://java.oracle.com/"/>
    <property name="path.separator" value=":"/>
    <property name="guice.disable.misplaced.annotation.check" value="true"/>
    <property name="java.vm.name" value="OpenJDK 64-Bit Server VM"/>
    <property name="file.encoding.pkg" value="sun.io"/>
    <property name="user.country" value="US"/>
    <property name="sun.java.launcher" value="SUN_STANDARD"/>
    <property name="sun.os.patch.level" value="unknown"/>
    <property name="java.vm.specification.name" value="Java Virtual Machine Specification"/>
    <property name="user.dir" value="/home/ec2-user/3tireapp/openmrs-core"/>
    <property name="java.runtime.version" value="1.8.0_201-b09"/>
    <property name="java.awt.graphicsenv" value="sun.awt.X11GraphicsEnvironment"/>
    <property name="java.endorsed.dirs" value="/usr/lib/jvm/java-1.8.0-openjdk-1.8.0.201.b09-0.amzn2.x86_64/jre/lib/endorsed"/>
    <property name="os.arch" value="amd64"/>
    <property name="java.io.tmpdir" value="/tmp"/>
    <property name="line.separator" value="&#10;"/>
    <property name="java.vm.specification.vendor" value="Oracle Corporation"/>
    <property name="os.name" value="Linux"/>
    <property name="classworlds.conf" value="/usr/share/apache-maven/bin/m2.conf"/>
    <property name="sun.jnu.encoding" value="UTF-8"/>
    <property name="java.library.path" value="/usr/java/packages/lib/amd64:/usr/lib64:/lib64:/lib:/usr/lib"/>
    <property name="maven.conf" value="/usr/share/apache-maven/conf"/>
    <property name="java.specification.name" value="Java Platform API Specification"/>
    <property name="java.class.version" value="52.0"/>
    <property name="sun.management.compiler" value="HotSpot 64-Bit Tiered Compilers"/>
    <property name="os.version" value="4.14.88-88.76.amzn2.x86_64"/>
    <property name="library.jansi.path" value="/usr/share/apache-maven/lib/jansi-native"/>
    <property name="user.home" value="/root"/>
    <property name="user.timezone" value="UTC"/>
    <property name="java.awt.printerjob" value="sun.print.PSPrinterJob"/>
    <property name="java.specification.version" value="1.8"/>
    <property name="file.encoding" value="UTF-8"/>
    <property name="user.name" value="root"/>
    <property name="java.class.path" value="/usr/share/apache-maven/boot/plexus-classworlds-2.5.2.jar"/>
    <property name="java.vm.specification.version" value="1.8"/>
    <property name="sun.arch.data.model" value="64"/>
    <property name="java.home" value="/usr/lib/jvm/java-1.8.0-openjdk-1.8.0.201.b09-0.amzn2.x86_64/jre"/>
    <property name="sun.java.command" value="org.codehaus.plexus.classworlds.launcher.Launcher clean install"/>
    <property name="java.specification.vendor" value="Oracle Corporation"/>
    <property name="user.language" value="en"/>
    <property name="awt.toolkit" value="sun.awt.X11.XToolkit"/>
    <property name="java.vm.info" value="mixed mode"/>
    <property name="java.version" value="1.8.0_201"/>
    <property name="java.ext.dirs" value="/usr/lib/jvm/java-1.8.0-openjdk-1.8.0.201.b09-0.amzn2.x86_64/jre/lib/ext:/usr/java/packages/lib/ext"/>
    <property name="securerandom.source" value="file:/dev/./urandom"/>
    <property name="sun.boot.class.path" value="/usr/lib/jvm/java-1.8.0-openjdk-1.8.0.201.b09-0.amzn2.x86_64/jre/lib/resources.jar:/usr/lib/jvm/java-1.8.0-openjdk-1.8.0.201.b09-0.amzn2.x86_64/jre/lib/rt.jar:/usr/lib/jvm/java-1.8.0-openjdk-1.8.0.201.b09-0.amzn2.x86_64/jre/lib/sunrsasign.jar:/usr/lib/jvm/java-1.8.0-openjdk-1.8.0.201.b09-0.amzn2.x86_64/jre/lib/jsse.jar:/usr/lib/jvm/java-1.8.0-openjdk-1.8.0.201.b09-0.amzn2.x86_64/jre/lib/jce.jar:/usr/lib/jvm/java-1.8.0-openjdk-1.8.0.201.b09-0.amzn2.x86_64/jre/lib/charsets.jar:/usr/lib/jvm/java-1.8.0-openjdk-1.8.0.201.b09-0.amzn2.x86_64/jre/lib/jfr.jar:/usr/lib/jvm/java-1.8.0-openjdk-1.8.0.201.b09-0.amzn2.x86_64/jre/classes"/>
    <property name="java.vendor" value="Oracle Corporation"/>
    <property name="maven.home" value="/usr/share/apache-maven"/>
    <property name="file.separator" value="/"/>
    <property name="java.vendor.url.bug" value="http://bugreport.sun.com/bugreport/"/>
    <property name="sun.cpu.endian" value="little"/>
    <property name="sun.io.unicode.encoding" value="UnicodeLittle"/>
    <property name="sun.cpu.isalist" value=""/>
  </properties>
  <testcase name="getPeople_shouldGetNoOneByNonexistingNameAndNonsearchableAttribute" classname="org.openmrs.api.db.hibernate.HibernatePersonDAOTest" time="0.343"/>
  <testcase name="getPeople_shouldGetVoidedByVoidedNameWhenVoidedIsTrue" classname="org.openmrs.api.db.hibernate.HibernatePersonDAOTest" time="0.253"/>
  <testcase name="getPeople_shouldGetNoOneByNonexistingAttribute" classname="org.openmrs.api.db.hibernate.HibernatePersonDAOTest" time="0.243"/>
  <testcase name="getPeople_shouldGetMultiplePeopleByMiddleName" classname="org.openmrs.api.db.hibernate.HibernatePersonDAOTest" time="0.252"/>
  <testcase name="getPeople_shouldGetOnePersonByFamilyName" classname="org.openmrs.api.db.hibernate.HibernatePersonDAOTest" time="0.219"/>
  <testcase name="getPeople_shouldGetNoOneByVoidedAttribute" classname="org.openmrs.api.db.hibernate.HibernatePersonDAOTest" time="0.294"/>
  <testcase name="getPeople_shouldGetOnePersonBySearchingForAMixOfAttributeAndVoidedAttribute" classname="org.openmrs.api.db.hibernate.HibernatePersonDAOTest" time="0.204"/>
  <testcase name="getPeople_shouldGetOnePersonByName" classname="org.openmrs.api.db.hibernate.HibernatePersonDAOTest" time="0.203"/>
  <testcase name="getPeople_shouldGetOnePersonByGivenName" classname="org.openmrs.api.db.hibernate.HibernatePersonDAOTest" time="0.2"/>
  <testcase name="getPeople_shouldNotGetDeadPerson" classname="org.openmrs.api.db.hibernate.HibernatePersonDAOTest" time="0.156"/>
  <testcase name="getPeople_shouldGetMultiplePeopleByGivenName" classname="org.openmrs.api.db.hibernate.HibernatePersonDAOTest" time="0.17"/>
  <testcase name="getPeople_shouldNotGetVoided" classname="org.openmrs.api.db.hibernate.HibernatePersonDAOTest" time="0.29"/>
  <testcase name="getPeople_shouldGetSingleDeadPerson" classname="org.openmrs.api.db.hibernate.HibernatePersonDAOTest" time="0.166"/>
  <testcase name="getPeople_shouldGetNoOneByNonexistingNameAndNonexistingAttribute" classname="org.openmrs.api.db.hibernate.HibernatePersonDAOTest" time="0.158"/>
  <testcase name="getPeople_shouldObeyAttributeMatchMode" classname="org.openmrs.api.db.hibernate.HibernatePersonDAOTest" time="0.207"/>
  <testcase name="savePerson_shouldSavePersonWithBirthDateTime" classname="org.openmrs.api.db.hibernate.HibernatePersonDAOTest" time="0.156"/>
  <testcase name="getPeople_shouldGetNoOneByVoidedName" classname="org.openmrs.api.db.hibernate.HibernatePersonDAOTest" time="0.192"/>
  <testcase name="getPeople_shouldGetOnePersonByMultipleNameParts" classname="org.openmrs.api.db.hibernate.HibernatePersonDAOTest" time="0.178"/>
  <testcase name="getPeople_shouldGetMultipleDeadPeople" classname="org.openmrs.api.db.hibernate.HibernatePersonDAOTest" time="0.159"/>
  <testcase name="getPeople_shouldGetMultiplePeopleByMultipleNames" classname="org.openmrs.api.db.hibernate.HibernatePersonDAOTest" time="0.163"/>
  <testcase name="getPeople_shouldGetMultiplePeopleByFamilyName" classname="org.openmrs.api.db.hibernate.HibernatePersonDAOTest" time="0.212"/>
  <testcase name="getPeople_shouldGetNoOneByNonexistingName" classname="org.openmrs.api.db.hibernate.HibernatePersonDAOTest" time="0.145"/>
  <testcase name="getPeople_shouldGetOnePersonByNameAndAttribute" classname="org.openmrs.api.db.hibernate.HibernatePersonDAOTest" time="0.179"/>
  <testcase name="getPeople_shouldGetMultiplePeopleBySingleName" classname="org.openmrs.api.db.hibernate.HibernatePersonDAOTest" time="0.167"/>
  <testcase name="getPeople_shouldGetOnePersonByRandomCaseName" classname="org.openmrs.api.db.hibernate.HibernatePersonDAOTest" time="0.156"/>
  <testcase name="getPeople_shouldNotGetVoidedPerson" classname="org.openmrs.api.db.hibernate.HibernatePersonDAOTest" time="0.143"/>
  <testcase name="getPeople_shouldGetOnePersonByRandomCaseAttribute" classname="org.openmrs.api.db.hibernate.HibernatePersonDAOTest" time="0.155"/>
  <testcase name="getPeople_shouldGetMultiplePeopleByFamilyName2" classname="org.openmrs.api.db.hibernate.HibernatePersonDAOTest" time="0.151"/>
  <testcase name="getPeople_shouldGetNoOneByNull" classname="org.openmrs.api.db.hibernate.HibernatePersonDAOTest" time="0.145"/>
  <testcase name="getPeople_shouldGetEveryOneByEmptyStringIncludingVoided" classname="org.openmrs.api.db.hibernate.HibernatePersonDAOTest" time="0.195"/>
  <testcase name="getPeople_shouldGetMultiplePeopleBySingleAttribute" classname="org.openmrs.api.db.hibernate.HibernatePersonDAOTest" time="0.176"/>
  <testcase name="getPeople_shouldGetNoOneByNonsearchableAttribute" classname="org.openmrs.api.db.hibernate.HibernatePersonDAOTest" time="0.148"/>
  <testcase name="getPeople_shouldGetOnePersonByMiddleName" classname="org.openmrs.api.db.hibernate.HibernatePersonDAOTest" time="0.156"/>
  <testcase name="getPeople_shouldGetMultiplePeopleByMultipleAttributes" classname="org.openmrs.api.db.hibernate.HibernatePersonDAOTest" time="0.17"/>
  <testcase name="getPeople_shouldGetEveryOneExceptVoidedByEmptyString" classname="org.openmrs.api.db.hibernate.HibernatePersonDAOTest" time="0.188"/>
  <testcase name="getPeople_shouldGetNoOneByNonexistingNameAndVoidedAttribute" classname="org.openmrs.api.db.hibernate.HibernatePersonDAOTest" time="0.15"/>
  <testcase name="getPeople_shouldGetOnePersonByAttribute" classname="org.openmrs.api.db.hibernate.HibernatePersonDAOTest" time="0.178"/>
  <testcase name="getPeople_shouldGetOnePersonByNameAndVoidedAttribute" classname="org.openmrs.api.db.hibernate.HibernatePersonDAOTest" time="0.144"/>
  <testcase name="getPeople_shouldGetMultiplePeopleByMultipleNameParts" classname="org.openmrs.api.db.hibernate.HibernatePersonDAOTest" time="0.165"/>
  <testcase name="getPeople_shouldGetMultiplePeopleByNameAndAttribute" classname="org.openmrs.api.db.hibernate.HibernatePersonDAOTest" time="0.176"/>
  <testcase name="getPeople_shouldGetOnePersonByFamilyName2" classname="org.openmrs.api.db.hibernate.HibernatePersonDAOTest" time="0.155"/>
</testsuite>