<?xml version="1.0" encoding="UTF-8"?>
<testsuite name="org.openmrs.api.AdministrationServiceTest" time="0.651" tests="57" errors="0" skipped="4" failures="0">
  <properties>
    <property name="java.runtime.name" value="OpenJDK Runtime Environment"/>
    <property name="sun.boot.library.path" value="/usr/lib/jvm/java-1.8.0-openjdk-1.8.0.201.b09-0.amzn2.x86_64/jre/lib/amd64"/>
    <property name="java.vm.version" value="25.201-b09"/>
    <property name="java.vm.vendor" value="Oracle Corporation"/>
    <property name="maven.multiModuleProjectDirectory" value="/home/ec2-user/3tireapp/openmrs-core"/>
    <property name="java.vendor.url" value="http://java.oracle.com/"/>
    <property name="path.separator" value=":"/>
    <property name="guice.disable.misplaced.annotation.check" value="true"/>
    <property name="java.vm.name" value="OpenJDK 64-Bit Server VM"/>
    <property name="file.encoding.pkg" value="sun.io"/>
    <property name="user.country" value="US"/>
    <property name="sun.java.launcher" value="SUN_STANDARD"/>
    <property name="sun.os.patch.level" value="unknown"/>
    <property name="java.vm.specification.name" value="Java Virtual Machine Specification"/>
    <property name="user.dir" value="/home/ec2-user/3tireapp/openmrs-core"/>
    <property name="java.runtime.version" value="1.8.0_201-b09"/>
    <property name="java.awt.graphicsenv" value="sun.awt.X11GraphicsEnvironment"/>
    <property name="java.endorsed.dirs" value="/usr/lib/jvm/java-1.8.0-openjdk-1.8.0.201.b09-0.amzn2.x86_64/jre/lib/endorsed"/>
    <property name="os.arch" value="amd64"/>
    <property name="java.io.tmpdir" value="/tmp"/>
    <property name="line.separator" value="&#10;"/>
    <property name="java.vm.specification.vendor" value="Oracle Corporation"/>
    <property name="os.name" value="Linux"/>
    <property name="classworlds.conf" value="/usr/share/apache-maven/bin/m2.conf"/>
    <property name="sun.jnu.encoding" value="UTF-8"/>
    <property name="java.library.path" value="/usr/java/packages/lib/amd64:/usr/lib64:/lib64:/lib:/usr/lib"/>
    <property name="maven.conf" value="/usr/share/apache-maven/conf"/>
    <property name="java.specification.name" value="Java Platform API Specification"/>
    <property name="java.class.version" value="52.0"/>
    <property name="sun.management.compiler" value="HotSpot 64-Bit Tiered Compilers"/>
    <property name="os.version" value="4.14.88-88.76.amzn2.x86_64"/>
    <property name="library.jansi.path" value="/usr/share/apache-maven/lib/jansi-native"/>
    <property name="user.home" value="/root"/>
    <property name="user.timezone" value="UTC"/>
    <property name="java.awt.printerjob" value="sun.print.PSPrinterJob"/>
    <property name="java.specification.version" value="1.8"/>
    <property name="file.encoding" value="UTF-8"/>
    <property name="user.name" value="root"/>
    <property name="java.class.path" value="/usr/share/apache-maven/boot/plexus-classworlds-2.5.2.jar"/>
    <property name="java.vm.specification.version" value="1.8"/>
    <property name="sun.arch.data.model" value="64"/>
    <property name="java.home" value="/usr/lib/jvm/java-1.8.0-openjdk-1.8.0.201.b09-0.amzn2.x86_64/jre"/>
    <property name="sun.java.command" value="org.codehaus.plexus.classworlds.launcher.Launcher clean install"/>
    <property name="java.specification.vendor" value="Oracle Corporation"/>
    <property name="user.language" value="en"/>
    <property name="awt.toolkit" value="sun.awt.X11.XToolkit"/>
    <property name="java.vm.info" value="mixed mode"/>
    <property name="java.version" value="1.8.0_201"/>
    <property name="java.ext.dirs" value="/usr/lib/jvm/java-1.8.0-openjdk-1.8.0.201.b09-0.amzn2.x86_64/jre/lib/ext:/usr/java/packages/lib/ext"/>
    <property name="securerandom.source" value="file:/dev/./urandom"/>
    <property name="sun.boot.class.path" value="/usr/lib/jvm/java-1.8.0-openjdk-1.8.0.201.b09-0.amzn2.x86_64/jre/lib/resources.jar:/usr/lib/jvm/java-1.8.0-openjdk-1.8.0.201.b09-0.amzn2.x86_64/jre/lib/rt.jar:/usr/lib/jvm/java-1.8.0-openjdk-1.8.0.201.b09-0.amzn2.x86_64/jre/lib/sunrsasign.jar:/usr/lib/jvm/java-1.8.0-openjdk-1.8.0.201.b09-0.amzn2.x86_64/jre/lib/jsse.jar:/usr/lib/jvm/java-1.8.0-openjdk-1.8.0.201.b09-0.amzn2.x86_64/jre/lib/jce.jar:/usr/lib/jvm/java-1.8.0-openjdk-1.8.0.201.b09-0.amzn2.x86_64/jre/lib/charsets.jar:/usr/lib/jvm/java-1.8.0-openjdk-1.8.0.201.b09-0.amzn2.x86_64/jre/lib/jfr.jar:/usr/lib/jvm/java-1.8.0-openjdk-1.8.0.201.b09-0.amzn2.x86_64/jre/classes"/>
    <property name="java.vendor" value="Oracle Corporation"/>
    <property name="maven.home" value="/usr/share/apache-maven"/>
    <property name="file.separator" value="/"/>
    <property name="java.vendor.url.bug" value="http://bugreport.sun.com/bugreport/"/>
    <property name="sun.cpu.endian" value="little"/>
    <property name="sun.io.unicode.encoding" value="UnicodeLittle"/>
    <property name="sun.cpu.isalist" value=""/>
  </properties>
  <testcase name="getSearchLocales_shouldExcludeNotAllowedLocales" classname="org.openmrs.api.AdministrationServiceTest" time="0.015"/>
  <testcase name="setImplementationId_shouldSetUuidOnImplementationIdGlobalProperty" classname="org.openmrs.api.AdministrationServiceTest" time="0">
    <skipped/>
  </testcase>
  <testcase name="getGlobalPropertyObject_shouldReturnNullWhenNoGlobalPropertyMatchGivenPropertyName" classname="org.openmrs.api.AdministrationServiceTest" time="0.017"/>
  <testcase name="getGlobalPropertyValue_shouldReturnValueInTheSpecifiedDoubleType" classname="org.openmrs.api.AdministrationServiceTest" time="0.016"/>
  <testcase name="getPresentationLocales_shouldReturnLanguageLocaleIfItIsSpecifiedInAllowedListAndThereAreNoCountryLocaleMessageFilesAvailable" classname="org.openmrs.api.AdministrationServiceTest" time="0.016"/>
  <testcase name="saveGlobalProperties_shouldSavePropertiesWithCaseDifferenceOnly" classname="org.openmrs.api.AdministrationServiceTest" time="0.006"/>
  <testcase name="updateGlobalProperty_shouldFailIfGlobalPropertyBeingUpdatedDoesNotAlreadyExist" classname="org.openmrs.api.AdministrationServiceTest" time="0.016"/>
  <testcase name="getGlobalProperty_shouldGetPropertyInCaseInsensitiveWay" classname="org.openmrs.api.AdministrationServiceTest" time="0.015"/>
  <testcase name="setImplementationId_shouldThrowAPIExceptionIfGivenEmptyImplementationIdObject" classname="org.openmrs.api.AdministrationServiceTest" time="0.006"/>
  <testcase name="setGlobalProperty_shouldOverwriteGlobalPropertyIfExists" classname="org.openmrs.api.AdministrationServiceTest" time="0.014"/>
  <testcase name="getGlobalPropertyByUuid_shouldFindObjectGivenValidUuid" classname="org.openmrs.api.AdministrationServiceTest" time="0.006"/>
  <testcase name="updateGlobalProperty_shouldUpdateGlobalPropertyInDatabase" classname="org.openmrs.api.AdministrationServiceTest" time="0.014"/>
  <testcase name="saveGlobalProperties_shouldSaveAllGlobalPropertiesToTheDatabase" classname="org.openmrs.api.AdministrationServiceTest" time="0.011"/>
  <testcase name="saveGlobalProperty_shouldSaveAGlobalPropertyWhoseTypedValueIsHandledByACustomDatatype" classname="org.openmrs.api.AdministrationServiceTest" time="0.006"/>
  <testcase name="saveGlobalProperty_shouldCreateGlobalPropertyInDatabase" classname="org.openmrs.api.AdministrationServiceTest" time="0.015"/>
  <testcase name="getAllGlobalProperties_shouldReturnAllGlobalPropertiesInTheDatabase" classname="org.openmrs.api.AdministrationServiceTest" time="0.016"/>
  <testcase name="getPresentationLocales_shouldReturnAllCountryLocalesIfLanguageLocaleAndNoCountryLocalesAreSpecifiedInAllowedList" classname="org.openmrs.api.AdministrationServiceTest" time="0.01"/>
  <testcase name="getGlobalProperty_shouldNotFailWithNullPropertyName" classname="org.openmrs.api.AdministrationServiceTest" time="0.005"/>
  <testcase name="getAllowedLocales_shouldNotReturnDuplicatesEvenIfTheGlobalPropertyHasThem" classname="org.openmrs.api.AdministrationServiceTest" time="0.004"/>
  <testcase name="saveGlobalProperty_shouldOverwriteGlobalPropertyIfExists" classname="org.openmrs.api.AdministrationServiceTest" time="0.015"/>
  <testcase name="setGlobalProperty_shouldSaveAGlobalPropertyWhoseTypedValueIsHandledByACustomDatatype" classname="org.openmrs.api.AdministrationServiceTest" time="0.005"/>
  <testcase name="getGlobalProperty_shouldNotFailWithNullDefaultValue" classname="org.openmrs.api.AdministrationServiceTest" time="0.002"/>
  <testcase name="getPresentationLocales_shouldPreserveInsertionOrderInSetReturnedByMethod" classname="org.openmrs.api.AdministrationServiceTest" time="0.009"/>
  <testcase name="saveGlobalProperty_shouldFailIfGivenAllowedLocaleListDoesNotContainDefaultLocale" classname="org.openmrs.api.AdministrationServiceTest" time="0.005"/>
  <testcase name="purgeGlobalProperties_shouldDeleteGlobalPropertiesFromDatabase" classname="org.openmrs.api.AdministrationServiceTest" time="0.006"/>
  <testcase name="saveGlobalProperty_shouldNotAllowDifferentPropertiesToHaveTheSameStringWithDifferentCase" classname="org.openmrs.api.AdministrationServiceTest" time="0.014"/>
  <testcase name="getPresentationLocales_shouldReturnLanguageLocaleIfCountryLocaleIsSpecifiedInAllowedListButCountryLocaleMessageFileIsMissing" classname="org.openmrs.api.AdministrationServiceTest" time="0.009"/>
  <testcase name="saveGlobalProperties_shouldAssignUuidToAllNewProperties" classname="org.openmrs.api.AdministrationServiceTest" time="0.012"/>
  <testcase name="setImplementationId_shouldOverwriteImplementationIdInDatabaseIfExists" classname="org.openmrs.api.AdministrationServiceTest" time="0">
    <skipped/>
  </testcase>
  <testcase name="getAllowedLocales_shouldReturnAtLeastOneLocaleIfNoLocalesDefinedInDatabaseYet" classname="org.openmrs.api.AdministrationServiceTest" time="0.005"/>
  <testcase name="getPresentationLocales_shouldReturnAtLeastOneLocaleIfNoLocalesDefinedInDatabaseYet" classname="org.openmrs.api.AdministrationServiceTest" time="0">
    <skipped/>
  </testcase>
  <testcase name="getGlobalPropertiesByPrefix_shouldReturnAllRelevantGlobalPropertiesInTheDatabase" classname="org.openmrs.api.AdministrationServiceTest" time="0.014"/>
  <testcase name="getGlobalPropertyByUuid_shouldReturnNullIfNoObjectFoundWithGivenUuid" classname="org.openmrs.api.AdministrationServiceTest" time="0.004"/>
  <testcase name="getGlobalPropertyValue_shouldReturnValueInTheSpecifiedIntegerType" classname="org.openmrs.api.AdministrationServiceTest" time="0.013"/>
  <testcase name="updateGlobalProperty_shouldUpdateAGlobalPropertyWhoseTypedvalueIsHandledByACustomDatatype" classname="org.openmrs.api.AdministrationServiceTest" time="0.006"/>
  <testcase name="getPresentationLocales_shouldNotReturnMoreLocalesThanMessageSourceServiceLocales" classname="org.openmrs.api.AdministrationServiceTest" time="0.137"/>
  <testcase name="getSystemVariables_shouldReturnAllRegisteredSystemVariables" classname="org.openmrs.api.AdministrationServiceTest" time="0.008"/>
  <testcase name="getImplementationId_shouldReturnNullIfNoImplementationIdIsDefinedYet" classname="org.openmrs.api.AdministrationServiceTest" time="0.016"/>
  <testcase name="getAllowedLocales_shouldNotFailIfNotGlobalPropertyForLocalesAllowedDefinedYet" classname="org.openmrs.api.AdministrationServiceTest" time="0.006"/>
  <testcase name="getPresentationLocales_shouldReturnOnlyCountryLocaleIfBothCountryLocaleAndLanguageLocaleAreSpecifiedInAllowedList" classname="org.openmrs.api.AdministrationServiceTest" time="0.01"/>
  <testcase name="getGlobalProperty_shouldReturnDefaultValueIfPropertyNameDoesNotExist" classname="org.openmrs.api.AdministrationServiceTest" time="0.005"/>
  <testcase name="setImplementationId_shouldNotFailIfGivenImplementationIdIsNull" classname="org.openmrs.api.AdministrationServiceTest" time="0.005"/>
  <testcase name="getSearchLocales_shouldIncludeUsersProficientLocales" classname="org.openmrs.api.AdministrationServiceTest" time="0.008"/>
  <testcase name="executeSQL_shouldExecuteSqlContainingGroupBy" classname="org.openmrs.api.AdministrationServiceTest" time="0.005"/>
  <testcase name="getSearchLocales_shouldCacheResultsForAnUser" classname="org.openmrs.api.AdministrationServiceTest" time="0.01"/>
  <testcase name="purgeGlobalProperty_shouldDeleteGlobalPropertyFromDatabase" classname="org.openmrs.api.AdministrationServiceTest" time="0.017"/>
  <testcase name="setImplementationId_shouldThrowAPIExceptionIfGivenACaretInTheImplementationIdCode" classname="org.openmrs.api.AdministrationServiceTest" time="0.007"/>
  <testcase name="setImplementationId_shouldThrowAPIExceptionIfGivenAPipeInTheImplementationIdCode" classname="org.openmrs.api.AdministrationServiceTest" time="0.009"/>
  <testcase name="setImplementationId_shouldCreateImplementationIdInDatabase" classname="org.openmrs.api.AdministrationServiceTest" time="0">
    <skipped/>
  </testcase>
  <testcase name="setGlobalProperty_shouldCreateGlobalPropertyInDatabase" classname="org.openmrs.api.AdministrationServiceTest" time="0.014"/>
  <testcase name="getGlobalPropertyValue_shouldReturnDefaultValueForMissingProperty" classname="org.openmrs.api.AdministrationServiceTest" time="0.016"/>
  <testcase name="getSearchLocales_shouldIncludeCurrentlySelectedFullLocaleAndLangugage" classname="org.openmrs.api.AdministrationServiceTest" time="0.008"/>
  <testcase name="saveGlobalProperty_shouldFailIfDefaultLocaleNotInAllowedLocaleList" classname="org.openmrs.api.AdministrationServiceTest" time="0.006"/>
  <testcase name="validate_shouldThrowThrowAPIExceptionIfTheInputIsNull" classname="org.openmrs.api.AdministrationServiceTest" time="0.005"/>
  <testcase name="saveGlobalProperties_shouldNotFailWithEmptyList" classname="org.openmrs.api.AdministrationServiceTest" time="0.005"/>
  <testcase name="getGlobalProperty_shouldGetPropertyValueGivenValidPropertyName" classname="org.openmrs.api.AdministrationServiceTest" time="0.017"/>
  <testcase name="saveGlobalProperty_shouldEvictCachedResults" classname="org.openmrs.api.AdministrationServiceTest" time="0.01"/>
</testsuite>