<?xml version="1.0" encoding="UTF-8"?>
<testsuite name="org.openmrs.api.ObsServiceTest" time="2.466" tests="80" errors="0" skipped="0" failures="0">
  <properties>
    <property name="java.runtime.name" value="OpenJDK Runtime Environment"/>
    <property name="sun.boot.library.path" value="/usr/lib/jvm/java-1.8.0-openjdk-1.8.0.201.b09-0.amzn2.x86_64/jre/lib/amd64"/>
    <property name="java.vm.version" value="25.201-b09"/>
    <property name="java.vm.vendor" value="Oracle Corporation"/>
    <property name="maven.multiModuleProjectDirectory" value="/home/ec2-user/3tireapp/openmrs-core"/>
    <property name="java.vendor.url" value="http://java.oracle.com/"/>
    <property name="path.separator" value=":"/>
    <property name="guice.disable.misplaced.annotation.check" value="true"/>
    <property name="java.vm.name" value="OpenJDK 64-Bit Server VM"/>
    <property name="file.encoding.pkg" value="sun.io"/>
    <property name="user.country" value="US"/>
    <property name="sun.java.launcher" value="SUN_STANDARD"/>
    <property name="sun.os.patch.level" value="unknown"/>
    <property name="java.vm.specification.name" value="Java Virtual Machine Specification"/>
    <property name="user.dir" value="/home/ec2-user/3tireapp/openmrs-core"/>
    <property name="java.runtime.version" value="1.8.0_201-b09"/>
    <property name="java.awt.graphicsenv" value="sun.awt.X11GraphicsEnvironment"/>
    <property name="java.endorsed.dirs" value="/usr/lib/jvm/java-1.8.0-openjdk-1.8.0.201.b09-0.amzn2.x86_64/jre/lib/endorsed"/>
    <property name="os.arch" value="amd64"/>
    <property name="java.io.tmpdir" value="/tmp"/>
    <property name="line.separator" value="&#10;"/>
    <property name="java.vm.specification.vendor" value="Oracle Corporation"/>
    <property name="os.name" value="Linux"/>
    <property name="classworlds.conf" value="/usr/share/apache-maven/bin/m2.conf"/>
    <property name="sun.jnu.encoding" value="UTF-8"/>
    <property name="java.library.path" value="/usr/java/packages/lib/amd64:/usr/lib64:/lib64:/lib:/usr/lib"/>
    <property name="maven.conf" value="/usr/share/apache-maven/conf"/>
    <property name="java.specification.name" value="Java Platform API Specification"/>
    <property name="java.class.version" value="52.0"/>
    <property name="sun.management.compiler" value="HotSpot 64-Bit Tiered Compilers"/>
    <property name="os.version" value="4.14.88-88.76.amzn2.x86_64"/>
    <property name="library.jansi.path" value="/usr/share/apache-maven/lib/jansi-native"/>
    <property name="user.home" value="/root"/>
    <property name="user.timezone" value="UTC"/>
    <property name="java.awt.printerjob" value="sun.print.PSPrinterJob"/>
    <property name="java.specification.version" value="1.8"/>
    <property name="file.encoding" value="UTF-8"/>
    <property name="user.name" value="root"/>
    <property name="java.class.path" value="/usr/share/apache-maven/boot/plexus-classworlds-2.5.2.jar"/>
    <property name="java.vm.specification.version" value="1.8"/>
    <property name="sun.arch.data.model" value="64"/>
    <property name="java.home" value="/usr/lib/jvm/java-1.8.0-openjdk-1.8.0.201.b09-0.amzn2.x86_64/jre"/>
    <property name="sun.java.command" value="org.codehaus.plexus.classworlds.launcher.Launcher clean install"/>
    <property name="java.specification.vendor" value="Oracle Corporation"/>
    <property name="user.language" value="en"/>
    <property name="awt.toolkit" value="sun.awt.X11.XToolkit"/>
    <property name="java.vm.info" value="mixed mode"/>
    <property name="java.version" value="1.8.0_201"/>
    <property name="java.ext.dirs" value="/usr/lib/jvm/java-1.8.0-openjdk-1.8.0.201.b09-0.amzn2.x86_64/jre/lib/ext:/usr/java/packages/lib/ext"/>
    <property name="securerandom.source" value="file:/dev/./urandom"/>
    <property name="sun.boot.class.path" value="/usr/lib/jvm/java-1.8.0-openjdk-1.8.0.201.b09-0.amzn2.x86_64/jre/lib/resources.jar:/usr/lib/jvm/java-1.8.0-openjdk-1.8.0.201.b09-0.amzn2.x86_64/jre/lib/rt.jar:/usr/lib/jvm/java-1.8.0-openjdk-1.8.0.201.b09-0.amzn2.x86_64/jre/lib/sunrsasign.jar:/usr/lib/jvm/java-1.8.0-openjdk-1.8.0.201.b09-0.amzn2.x86_64/jre/lib/jsse.jar:/usr/lib/jvm/java-1.8.0-openjdk-1.8.0.201.b09-0.amzn2.x86_64/jre/lib/jce.jar:/usr/lib/jvm/java-1.8.0-openjdk-1.8.0.201.b09-0.amzn2.x86_64/jre/lib/charsets.jar:/usr/lib/jvm/java-1.8.0-openjdk-1.8.0.201.b09-0.amzn2.x86_64/jre/lib/jfr.jar:/usr/lib/jvm/java-1.8.0-openjdk-1.8.0.201.b09-0.amzn2.x86_64/jre/classes"/>
    <property name="java.vendor" value="Oracle Corporation"/>
    <property name="maven.home" value="/usr/share/apache-maven"/>
    <property name="file.separator" value="/"/>
    <property name="java.vendor.url.bug" value="http://bugreport.sun.com/bugreport/"/>
    <property name="sun.cpu.endian" value="little"/>
    <property name="sun.io.unicode.encoding" value="UnicodeLittle"/>
    <property name="sun.cpu.isalist" value=""/>
  </properties>
  <testcase name="getObservationCount_shouldGetCountOfObsWithAnswerConceptInGivenAnswersParameter" classname="org.openmrs.api.ObsServiceTest" time="0.056"/>
  <testcase name="saveObs_shouldNotChangeStatusOfPreliminaryWhenModifyingAnObs" classname="org.openmrs.api.ObsServiceTest" time="0.009"/>
  <testcase name="registerHandler_shouldRegisterHandlerWithTheGivenKey" classname="org.openmrs.api.ObsServiceTest" time="0.003"/>
  <testcase name="removeHandler_shouldNotFailWithInvalidKey" classname="org.openmrs.api.ObsServiceTest" time="0.002"/>
  <testcase name="registerHandler_shouldLoadHandlerAndRegisterKey" classname="org.openmrs.api.ObsServiceTest" time="0.002"/>
  <testcase name="saveObs_shouldCreateNewFileFromComplexDataForNewObs" classname="org.openmrs.api.ObsServiceTest" time="0.052"/>
  <testcase name="saveObs_shouldDeleteThePreviousFileWhenAComplexObservationIsUpdatedWithANewComplexValue" classname="org.openmrs.api.ObsServiceTest" time="0.058"/>
  <testcase name="saveObs_shouldCreateVeryBasicObsAndAddNewObsId" classname="org.openmrs.api.ObsServiceTest" time="0.004"/>
  <testcase name="getObservationCount_shouldReturnCountOfObsWithLocationInGivenLocationsParameter" classname="org.openmrs.api.ObsServiceTest" time="0.002"/>
  <testcase name="getObservations_shouldReturnObsWhosePersonIsAUserOnly" classname="org.openmrs.api.ObsServiceTest" time="0.051"/>
  <testcase name="getObservationCount_shouldGetCountOfObsAssignedToGivenEncounters" classname="org.openmrs.api.ObsServiceTest" time="0.002"/>
  <testcase name="getObservations_shouldNotIncludeVoidedObs" classname="org.openmrs.api.ObsServiceTest" time="0.05"/>
  <testcase name="voidObs_shouldFailIfReasonParameterIsEmpty" classname="org.openmrs.api.ObsServiceTest" time="0.006"/>
  <testcase name="setHandlers_shouldAddNewHandlersWithNewKeys" classname="org.openmrs.api.ObsServiceTest" time="0.002"/>
  <testcase name="getObservations_shouldGetObsMatchingEncounterIdInSearchString" classname="org.openmrs.api.ObsServiceTest" time="0.006"/>
  <testcase name="getObservationCount_shouldReturnCountOfObsWhoseGroupIdIsGivenObsGroupId" classname="org.openmrs.api.ObsServiceTest" time="0.051"/>
  <testcase name="getObservationCount_shouldReturnCountOfObsWhosePersonIsAUserOnly" classname="org.openmrs.api.ObsServiceTest" time="0.052"/>
  <testcase name="getObservationCount_shouldReturnCountOfObsWithMatchingAccessionNumber" classname="org.openmrs.api.ObsServiceTest" time="0.053"/>
  <testcase name="saveObs_shouldCascadeUpdateToNewChildObsGroups" classname="org.openmrs.api.ObsServiceTest" time="0.06"/>
  <testcase name="shouldSaveUpdateDeleteVoidObsGroupCascades" classname="org.openmrs.api.ObsServiceTest" time="0.099"/>
  <testcase name="saveObs_shouldNotVoidAnObsWithNoChanges" classname="org.openmrs.api.ObsServiceTest" time="0.039"/>
  <testcase name="getObservationCount_shouldReturnCountOfAllObsWhosePersonIsAPersonOnly" classname="org.openmrs.api.ObsServiceTest" time="0.052"/>
  <testcase name="shouldGetObservationsOnDay" classname="org.openmrs.api.ObsServiceTest" time="0.055"/>
  <testcase name="saveObs_shouldVoidOnlyOldObsWhenAllObsEditedAndNewObsAdded" classname="org.openmrs.api.ObsServiceTest" time="0.068"/>
  <testcase name="saveObs_shouldLinkOriginalAndUpdatedObs" classname="org.openmrs.api.ObsServiceTest" time="0.01"/>
  <testcase name="getObservations_shouldReturnObsWhosePersonIsAPatientOnly" classname="org.openmrs.api.ObsServiceTest" time="0.055"/>
  <testcase name="saveObs_shouldOverwriteObsPersonValueWithEncounterPatient" classname="org.openmrs.api.ObsServiceTest" time="0.033"/>
  <testcase name="getObservations_shouldGetAllObsWithQuestionConceptInGivenQuestionsParameter" classname="org.openmrs.api.ObsServiceTest" time="0.006"/>
  <testcase name="getObservationCount_shouldIncludeVoidedObservationsUsingTheSpecifiedConceptNamesAsAnswers" classname="org.openmrs.api.ObsServiceTest" time="0.005"/>
  <testcase name="saveObs_shouldReturnADifferentObjectWhenUpdatingAnObs" classname="org.openmrs.api.ObsServiceTest" time="0.01"/>
  <testcase name="getObservationCount_shouldIncludeVoidedObsInTheCountIfIncludeVoidedObsIsTrue" classname="org.openmrs.api.ObsServiceTest" time="0.063"/>
  <testcase name="getObservationsByPerson_shouldGetAllObservationsAssignedToGivenPerson" classname="org.openmrs.api.ObsServiceTest" time="0.007"/>
  <testcase name="getObservations_shouldOnlyReturnedObsWithMatchingAccessionNumber" classname="org.openmrs.api.ObsServiceTest" time="0.057"/>
  <testcase name="getHandler_shouldHaveDefaultImageAndTextHandlersRegisteredBySpring" classname="org.openmrs.api.ObsServiceTest" time="0.003"/>
  <testcase name="setHandlers_shouldOverrideHandlersWithSameKey" classname="org.openmrs.api.ObsServiceTest" time="0.002"/>
  <testcase name="getObservationCount_shouldReturnCountOfObsWhosePersonIsAPatientOnly" classname="org.openmrs.api.ObsServiceTest" time="0.053"/>
  <testcase name="saveObs_shouldVoidTheGivenObsInTheDatabase" classname="org.openmrs.api.ObsServiceTest" time="0.01"/>
  <testcase name="getObservations_shouldGetObsMatchingPatientIdentifierInSearchString" classname="org.openmrs.api.ObsServiceTest" time="0.126"/>
  <testcase name="purgeObs_shouldNotDeleteReferencedOrdersWhenPurgingObs" classname="org.openmrs.api.ObsServiceTest" time="0.057"/>
  <testcase name="getObservationCount_shouldGetCountOfObsWithQuestionConceptInGivenQuestionsParameter" classname="org.openmrs.api.ObsServiceTest" time="0.003"/>
  <testcase name="getObservations_shouldLimitNumberOfObsReturnedToMostReturnNParameter" classname="org.openmrs.api.ObsServiceTest" time="0.056"/>
  <testcase name="getObservations_shouldGetAllObsAssignedToGivenEncounters" classname="org.openmrs.api.ObsServiceTest" time="0.005"/>
  <testcase name="getObs_shouldGetObsMatchingGivenObsId" classname="org.openmrs.api.ObsServiceTest" time="0.005"/>
  <testcase name="shouldReturnAPIExceptionWhenObsIsNull" classname="org.openmrs.api.ObsServiceTest" time="0.004"/>
  <testcase name="purgeObs_shouldThrowAPIExceptionIfGivenTrueCascade" classname="org.openmrs.api.ObsServiceTest" time="0.003"/>
  <testcase name="saveObs_shouldSetVoidReasonMessageToChangeMessage" classname="org.openmrs.api.ObsServiceTest" time="0.009"/>
  <testcase name="getComplexObs_shouldReturnNormalObsForNonComplexObs" classname="org.openmrs.api.ObsServiceTest" time="0.055"/>
  <testcase name="getObservations_shouldCompareDatesUsingLteAndGte" classname="org.openmrs.api.ObsServiceTest" time="0.058"/>
  <testcase name="getObservations_shouldReturnAllObsWhosePersonIsAPersonOnly" classname="org.openmrs.api.ObsServiceTest" time="0.059"/>
  <testcase name="getObservations_shouldIncludeVoidedObsIfIncludeVoidedObsIsTrue" classname="org.openmrs.api.ObsServiceTest" time="0.054"/>
  <testcase name="getObservationsByPersonAndConcept_shouldNotFailWithNullPersonParameter" classname="org.openmrs.api.ObsServiceTest" time="0.003"/>
  <testcase name="unvoidObs_shouldUnsetVoidedBitOnGivenObs" classname="org.openmrs.api.ObsServiceTest" time="0.008"/>
  <testcase name="getObservationsByPersonAndConcept_shouldGetObservationsMatchingPersonAndQuestion" classname="org.openmrs.api.ObsServiceTest" time="0.005"/>
  <testcase name="saveObs_shouldSetStatusToAmendedWhenModifyingAnObsWithFinalStatus" classname="org.openmrs.api.ObsServiceTest" time="0.01"/>
  <testcase name="getObservations_shouldGetObsMatchingObsIdInSearchString" classname="org.openmrs.api.ObsServiceTest" time="0.01"/>
  <testcase name="saveObs_shouldCascadeSaveToChildObsGroups" classname="org.openmrs.api.ObsServiceTest" time="0.005"/>
  <testcase name="shouldNotAutomaticallySetStatusWhenManuallyCopyingAnObs" classname="org.openmrs.api.ObsServiceTest" time="0.007"/>
  <testcase name="unvoidObs_shouldCascadeUnvoidToChildGroupedObs" classname="org.openmrs.api.ObsServiceTest" time="0.055"/>
  <testcase name="shouldGetRevisedObs" classname="org.openmrs.api.ObsServiceTest" time="0.084"/>
  <testcase name="getObservations_shouldGetAllObsWithAnswerConceptInGivenAnswersParameter" classname="org.openmrs.api.ObsServiceTest" time="0.053"/>
  <testcase name="getObservations_shouldReturnObsWhoseGroupIdIsGivenObsGroupId" classname="org.openmrs.api.ObsServiceTest" time="0.056"/>
  <testcase name="getObservations_shouldReturnObsWithLocationInGivenLocationsParameter" classname="org.openmrs.api.ObsServiceTest" time="0.006"/>
  <testcase name="getObservationCount_shouldReturnTheCountOfAllObservationsUsingTheSpecifiedConceptNamesAsAnswers" classname="org.openmrs.api.ObsServiceTest" time="0.01"/>
  <testcase name="saveObs_shouldSetCreatorAndDateCreatedOnNewObs" classname="org.openmrs.api.ObsServiceTest" time="0.004"/>
  <testcase name="voidObs_shouldSetVoidedBitOnGivenObs" classname="org.openmrs.api.ObsServiceTest" time="0.005"/>
  <testcase name="getObservationCount_shouldReturnZeroIfNoObservationIsUsingAnyOfTheConcepNamesInTheList" classname="org.openmrs.api.ObsServiceTest" time="0.003"/>
  <testcase name="removeHandler_shouldRemoveHandlerWithMatchingKey" classname="org.openmrs.api.ObsServiceTest" time="0.002"/>
  <testcase name="purgeObs_shouldDeleteTheGivenObsFromTheDatabase" classname="org.openmrs.api.ObsServiceTest" time="0.059"/>
  <testcase name="saveObs_shouldLetYouChangeStatusFromPreliminaryToFinalWhenModifyingAnObs" classname="org.openmrs.api.ObsServiceTest" time="0.01"/>
  <testcase name="getObservations_shouldSortReturnedObsByObsDatetimeIfSortIsEmpty" classname="org.openmrs.api.ObsServiceTest" time="0.052"/>
  <testcase name="saveObs_shouldNotOverwriteFileWhenUpdatingAComplexObs" classname="org.openmrs.api.ObsServiceTest" time="0.051"/>
  <testcase name="getHandlers_shouldNeverReturnNull" classname="org.openmrs.api.ObsServiceTest" time="0.006"/>
  <testcase name="getObservationCount_shouldNotIncludeVoidedObsInCount" classname="org.openmrs.api.ObsServiceTest" time="0.05"/>
  <testcase name="getObservations_shouldSortReturnedObsByConceptIdIfSortIsConcept" classname="org.openmrs.api.ObsServiceTest" time="0.006"/>
  <testcase name="saveObs_shouldAllowSettingPropertiesOnObs" classname="org.openmrs.api.ObsServiceTest" time="0.003"/>
  <testcase name="saveObs_shouldCopyTheFormNamespaceAndPathFieldInEditedObs" classname="org.openmrs.api.ObsServiceTest" time="0.055"/>
  <testcase name="purgeObs_shouldDeleteAnyObsGroupMembersBeforeDeletingTheObs" classname="org.openmrs.api.ObsServiceTest" time="0.055"/>
  <testcase name="getComplexObs_shouldNotFailWithNullView" classname="org.openmrs.api.ObsServiceTest" time="0.088"/>
  <testcase name="getHandler_shouldGetHandlerWithMatchingKey" classname="org.openmrs.api.ObsServiceTest" time="0.002"/>
  <testcase name="getComplexObs_shouldFillInComplexDataObjectForComplexObs" classname="org.openmrs.api.ObsServiceTest" time="0.061"/>
</testsuite>