<?xml version="1.0" encoding="UTF-8"?>
<testsuite name="org.openmrs.api.EncounterServiceTest" time="26.242" tests="142" errors="0" skipped="2" failures="0">
  <properties>
    <property name="java.runtime.name" value="OpenJDK Runtime Environment"/>
    <property name="sun.boot.library.path" value="/usr/lib/jvm/java-1.8.0-openjdk-1.8.0.201.b09-0.amzn2.x86_64/jre/lib/amd64"/>
    <property name="java.vm.version" value="25.201-b09"/>
    <property name="java.vm.vendor" value="Oracle Corporation"/>
    <property name="maven.multiModuleProjectDirectory" value="/home/ec2-user/3tireapp/openmrs-core"/>
    <property name="java.vendor.url" value="http://java.oracle.com/"/>
    <property name="path.separator" value=":"/>
    <property name="guice.disable.misplaced.annotation.check" value="true"/>
    <property name="java.vm.name" value="OpenJDK 64-Bit Server VM"/>
    <property name="file.encoding.pkg" value="sun.io"/>
    <property name="user.country" value="US"/>
    <property name="sun.java.launcher" value="SUN_STANDARD"/>
    <property name="sun.os.patch.level" value="unknown"/>
    <property name="java.vm.specification.name" value="Java Virtual Machine Specification"/>
    <property name="user.dir" value="/home/ec2-user/3tireapp/openmrs-core"/>
    <property name="java.runtime.version" value="1.8.0_201-b09"/>
    <property name="java.awt.graphicsenv" value="sun.awt.X11GraphicsEnvironment"/>
    <property name="java.endorsed.dirs" value="/usr/lib/jvm/java-1.8.0-openjdk-1.8.0.201.b09-0.amzn2.x86_64/jre/lib/endorsed"/>
    <property name="os.arch" value="amd64"/>
    <property name="java.io.tmpdir" value="/tmp"/>
    <property name="line.separator" value="&#10;"/>
    <property name="java.vm.specification.vendor" value="Oracle Corporation"/>
    <property name="os.name" value="Linux"/>
    <property name="classworlds.conf" value="/usr/share/apache-maven/bin/m2.conf"/>
    <property name="sun.jnu.encoding" value="UTF-8"/>
    <property name="java.library.path" value="/usr/java/packages/lib/amd64:/usr/lib64:/lib64:/lib:/usr/lib"/>
    <property name="maven.conf" value="/usr/share/apache-maven/conf"/>
    <property name="java.specification.name" value="Java Platform API Specification"/>
    <property name="java.class.version" value="52.0"/>
    <property name="sun.management.compiler" value="HotSpot 64-Bit Tiered Compilers"/>
    <property name="os.version" value="4.14.88-88.76.amzn2.x86_64"/>
    <property name="library.jansi.path" value="/usr/share/apache-maven/lib/jansi-native"/>
    <property name="user.home" value="/root"/>
    <property name="user.timezone" value="UTC"/>
    <property name="java.awt.printerjob" value="sun.print.PSPrinterJob"/>
    <property name="java.specification.version" value="1.8"/>
    <property name="file.encoding" value="UTF-8"/>
    <property name="user.name" value="root"/>
    <property name="java.class.path" value="/usr/share/apache-maven/boot/plexus-classworlds-2.5.2.jar"/>
    <property name="java.vm.specification.version" value="1.8"/>
    <property name="sun.arch.data.model" value="64"/>
    <property name="java.home" value="/usr/lib/jvm/java-1.8.0-openjdk-1.8.0.201.b09-0.amzn2.x86_64/jre"/>
    <property name="sun.java.command" value="org.codehaus.plexus.classworlds.launcher.Launcher clean install"/>
    <property name="java.specification.vendor" value="Oracle Corporation"/>
    <property name="user.language" value="en"/>
    <property name="awt.toolkit" value="sun.awt.X11.XToolkit"/>
    <property name="java.vm.info" value="mixed mode"/>
    <property name="java.version" value="1.8.0_201"/>
    <property name="java.ext.dirs" value="/usr/lib/jvm/java-1.8.0-openjdk-1.8.0.201.b09-0.amzn2.x86_64/jre/lib/ext:/usr/java/packages/lib/ext"/>
    <property name="securerandom.source" value="file:/dev/./urandom"/>
    <property name="sun.boot.class.path" value="/usr/lib/jvm/java-1.8.0-openjdk-1.8.0.201.b09-0.amzn2.x86_64/jre/lib/resources.jar:/usr/lib/jvm/java-1.8.0-openjdk-1.8.0.201.b09-0.amzn2.x86_64/jre/lib/rt.jar:/usr/lib/jvm/java-1.8.0-openjdk-1.8.0.201.b09-0.amzn2.x86_64/jre/lib/sunrsasign.jar:/usr/lib/jvm/java-1.8.0-openjdk-1.8.0.201.b09-0.amzn2.x86_64/jre/lib/jsse.jar:/usr/lib/jvm/java-1.8.0-openjdk-1.8.0.201.b09-0.amzn2.x86_64/jre/lib/jce.jar:/usr/lib/jvm/java-1.8.0-openjdk-1.8.0.201.b09-0.amzn2.x86_64/jre/lib/charsets.jar:/usr/lib/jvm/java-1.8.0-openjdk-1.8.0.201.b09-0.amzn2.x86_64/jre/lib/jfr.jar:/usr/lib/jvm/java-1.8.0-openjdk-1.8.0.201.b09-0.amzn2.x86_64/jre/classes"/>
    <property name="java.vendor" value="Oracle Corporation"/>
    <property name="maven.home" value="/usr/share/apache-maven"/>
    <property name="file.separator" value="/"/>
    <property name="java.vendor.url.bug" value="http://bugreport.sun.com/bugreport/"/>
    <property name="sun.cpu.endian" value="little"/>
    <property name="sun.io.unicode.encoding" value="UnicodeLittle"/>
    <property name="sun.cpu.isalist" value=""/>
  </properties>
  <testcase name="getEncounters_shouldIncludeVoidedEncounters" classname="org.openmrs.api.EncounterServiceTest" time="0.187"/>
  <testcase name="findEncounterTypes_shouldNotPartialMatchNameOnInternalSubstrings" classname="org.openmrs.api.EncounterServiceTest" time="0.175"/>
  <testcase name="unretireEncounterRole_shouldUnretireTypeAndUnmarkAttributes" classname="org.openmrs.api.EncounterServiceTest" time="0.188"/>
  <testcase name="getCountOfEncounters_shouldGetTheCorrectCountOfUniqueEncounters" classname="org.openmrs.api.EncounterServiceTest" time="0.213"/>
  <testcase name="canViewEncounter_shouldFailfIfEncounterIsNull" classname="org.openmrs.api.EncounterServiceTest" time="0.178"/>
  <testcase name="getEncounters_shouldMatchOnTheProviderName" classname="org.openmrs.api.EncounterServiceTest" time="0.178"/>
  <testcase name="getEncountersByPatientId_shouldNotGetVoidedEncounters" classname="org.openmrs.api.EncounterServiceTest" time="0.174"/>
  <testcase name="saveEncounter_shouldCascadeSaveToContainedObs" classname="org.openmrs.api.EncounterServiceTest" time="0.193"/>
  <testcase name="saveEncounterType_shouldNotOverwriteCreator" classname="org.openmrs.api.EncounterServiceTest" time="0.173"/>
  <testcase name="getEncounters_shouldExcludeVoidedEncounters" classname="org.openmrs.api.EncounterServiceTest" time="0.18"/>
  <testcase name="saveEncounter_shouldSaveEncounterWithBasicDetails" classname="org.openmrs.api.EncounterServiceTest" time="0.174"/>
  <testcase name="getEncounters_shouldMatchOnTheLocationName" classname="org.openmrs.api.EncounterServiceTest" time="0.614"/>
  <testcase name="saveEncounter_shouldCascadeDeleteEncounterProviders" classname="org.openmrs.api.EncounterServiceTest" time="0.198"/>
  <testcase name="getEncounters_shouldMatchOnTheEncounterTypeName" classname="org.openmrs.api.EncounterServiceTest" time="0.181"/>
  <testcase name="saveEncounter_shouldSaveEncounterWithComplexObs" classname="org.openmrs.api.EncounterServiceTest" time="0.251"/>
  <testcase name="saveEncounterType_shouldSaveEncounterType" classname="org.openmrs.api.EncounterServiceTest" time="0.182"/>
  <testcase name="shouldSaveOrderGroupAlongWithOrders" classname="org.openmrs.api.EncounterServiceTest" time="0.246"/>
  <testcase name="saveEncounterType_shouldNotOverwriteCreatorOrDateCreated" classname="org.openmrs.api.EncounterServiceTest" time="0.181"/>
  <testcase name="getEncountersByPatientId_shouldThrowErrorIfGivenANullParameter" classname="org.openmrs.api.EncounterServiceTest" time="0.175"/>
  <testcase name="voidEncounter_shouldVoidEncounterAndSetAttributes" classname="org.openmrs.api.EncounterServiceTest" time="0.188"/>
  <testcase name="getEncountersByPatient_shouldGetAllUnvoidedEncountersForTheGivenPatientName" classname="org.openmrs.api.EncounterServiceTest" time="0.196"/>
  <testcase name="getEncountersNotAssignedToAnyVisit_shouldReturnTheUnvoidedEncountersNotAssignedToAnyVisit" classname="org.openmrs.api.EncounterServiceTest" time="0.216"/>
  <testcase name="purgeEncounter_shouldPurgeEncounter" classname="org.openmrs.api.EncounterServiceTest" time="0.172"/>
  <testcase name="getEncounterType_shouldReturnNullWithNullNameParameter" classname="org.openmrs.api.EncounterServiceTest" time="0.171"/>
  <testcase name="getEncounters_shouldFetchEncountersByPatientId" classname="org.openmrs.api.EncounterServiceTest" time="0.178"/>
  <testcase name="filterEncountersByViewPermissions_shouldFilterEncountersIfUserIsNotAllowedToSeeSomeEncounters" classname="org.openmrs.api.EncounterServiceTest" time="0.194"/>
  <testcase name="getEncountersByPatient_shouldNotGetVoidedEncounters" classname="org.openmrs.api.EncounterServiceTest" time="0.18"/>
  <testcase name="saveEncounter_shouldAssignEncounterToVisitIfTheAssignToExistingHandlerIsRegistered" classname="org.openmrs.api.EncounterServiceTest" time="0.177"/>
  <testcase name="getActiveEncounterVisitHandler_shouldThrowIfBeanWithGivenTypeAndNameNotFound" classname="org.openmrs.api.EncounterServiceTest" time="0.169"/>
  <testcase name="getEncounter_shouldThrowErrorIfGivenNullParameter" classname="org.openmrs.api.EncounterServiceTest" time="0.169"/>
  <testcase name="getVisitAssignmentHandlers_shouldReturnTheExistingOrNewVisitAssignmentHandler" classname="org.openmrs.api.EncounterServiceTest" time="0.17"/>
  <testcase name="saveEncounter_shouldNotCascadeLocationChangeForDifferentInitialLocations" classname="org.openmrs.api.EncounterServiceTest" time="0.184"/>
  <testcase name="getEncounterTypeByUuid_shouldReturnNullIfNoObjectFoundWithGivenUuid" classname="org.openmrs.api.EncounterServiceTest" time="0.174"/>
  <testcase name="saveEncounter_shouldOnlyCascadeTheObsdatetimesToObsWithDifferentInitialObsdatetimes" classname="org.openmrs.api.EncounterServiceTest" time="0.183"/>
  <testcase name="getEncounters_shouldMatchOnTheProviderPersonName" classname="org.openmrs.api.EncounterServiceTest" time="0.203"/>
  <testcase name="unvoidEncounter_shouldCascadeUnvoidToOrders" classname="org.openmrs.api.EncounterServiceTest" time="0.176"/>
  <testcase name="saveEncounter_shouldNotOverwriteCreatorIfNonNull" classname="org.openmrs.api.EncounterServiceTest" time="0.178"/>
  <testcase name="getEncounterRoleByUuid_shouldFindEncounterRoleBasedOnUuid" classname="org.openmrs.api.EncounterServiceTest" time="0.169"/>
  <testcase name="getEncounters_shouldMatchOnTheFormName" classname="org.openmrs.api.EncounterServiceTest" time="0.173"/>
  <testcase name="shouldSaveMultipleOrderGroupsIfDifferentOrdersHaveDifferentOrderGroups" classname="org.openmrs.api.EncounterServiceTest" time="0.252"/>
  <testcase name="getAllEncounters_shouldGetAllEncountersForACohortOfPatients" classname="org.openmrs.api.EncounterServiceTest" time="0.181"/>
  <testcase name="getEncounters_shouldGetEncountersModifiedAfterSpecifiedDate" classname="org.openmrs.api.EncounterServiceTest" time="0.186"/>
  <testcase name="saveEncounter_shouldCascadeSaveEncounterProviders" classname="org.openmrs.api.EncounterServiceTest" time="0.199"/>
  <testcase name="getEncounterTypeByUuid_shouldFindObjectGivenValidUuid" classname="org.openmrs.api.EncounterServiceTest" time="0.172"/>
  <testcase name="filterEncountersByViewPermissions_shouldNotFilterAllEncountersWhenTheEncounterTypesViewPrivilegeColumnIsNull" classname="org.openmrs.api.EncounterServiceTest" time="0.185"/>
  <testcase name="saveEncounter_shouldNotOverwriteObsAndOrdersCreatorOrDateCreated" classname="org.openmrs.api.EncounterServiceTest" time="0.187"/>
  <testcase name="voidEncounter_shouldThrowErrorWithNullReasonParameter" classname="org.openmrs.api.EncounterServiceTest" time="0.173"/>
  <testcase name="canViewEncounter_shouldReturnFalseIfUserCanNotViewEncounter" classname="org.openmrs.api.EncounterServiceTest" time="0.175"/>
  <testcase name="getEncountersByPatientIdentifier_shouldThrowErrorIfGivenNullParameter" classname="org.openmrs.api.EncounterServiceTest" time="0.176"/>
  <testcase name="retireEncounterType_shouldThrowErrorWhenTryingToRetireEncounterTypeWhenEncounterTypesAreLocked" classname="org.openmrs.api.EncounterServiceTest" time="0.178"/>
  <testcase name="saveEncounter_shouldUpdateExistingEncounterWhenNewObsIsAddedToParentObs" classname="org.openmrs.api.EncounterServiceTest" time="0.247"/>
  <testcase name="saveEncounter_shouldFailfIfUserIsNotSupposedToEditEncountersOfTypeOfGivenEncounter" classname="org.openmrs.api.EncounterServiceTest" time="0.19"/>
  <testcase name="voidEncounter_shouldCascadeToObs" classname="org.openmrs.api.EncounterServiceTest" time="0.189"/>
  <testcase name="getEncountersByPatient_shouldThrowErrorIfGivenNullParameter" classname="org.openmrs.api.EncounterServiceTest" time="0.176"/>
  <testcase name="unvoidEncounter_shouldCascadeUnvoidToObs" classname="org.openmrs.api.EncounterServiceTest" time="0.188"/>
  <testcase name="canEditEncounter_shouldReturnTrueIfUserCanEditEncounter" classname="org.openmrs.api.EncounterServiceTest" time="0.187"/>
  <testcase name="saveEncounter_shouldCascadeEncounterDatetimeToObs" classname="org.openmrs.api.EncounterServiceTest" time="0.188"/>
  <testcase name="saveEncounter_shouldCascadePatientToOrdersInTheEncounter" classname="org.openmrs.api.EncounterServiceTest" time="0.185"/>
  <testcase name="getEncountersByPatient_shouldIncludeVoidedEncountersInTheReturnedListIfIncludedVoidedIsTrue" classname="org.openmrs.api.EncounterServiceTest" time="0.19"/>
  <testcase name="saveEncounter_shouldUpdateValueOfLeafObsAndNotDuplicateAtEncounterLevel" classname="org.openmrs.api.EncounterServiceTest" time="0.242"/>
  <testcase name="saveEncounter_shouldSetDateStoppedOnTheOriginalAfterAddingReviseOrder" classname="org.openmrs.api.EncounterServiceTest" time="0.2"/>
  <testcase name="transferEncounter_shouldVoidGivenEncounterVisitIfGivenEncounterIsTheOnlyEncounter" classname="org.openmrs.api.EncounterServiceTest" time="0.26"/>
  <testcase name="getEncounterType_shouldNotGetRetiredTypes" classname="org.openmrs.api.EncounterServiceTest" time="0.17"/>
  <testcase name="getEncounterRolesByName_shouldFindEncounterRolesByName" classname="org.openmrs.api.EncounterServiceTest" time="0.171"/>
  <testcase name="getAllEncounterRoles_shouldGetAllEncounterRolesBasedOnIncludeRetiredFlag" classname="org.openmrs.api.EncounterServiceTest" time="0.181"/>
  <testcase name="saveEncounter_shouldNotCascadeToExistingOrder" classname="org.openmrs.api.EncounterServiceTest" time="0.19"/>
  <testcase name="purgeEncounterCascade_shouldFailfIfUserIsNotSupposedToEditEncountersOfTypeOfGivenEncounter" classname="org.openmrs.api.EncounterServiceTest" time="0.185"/>
  <testcase name="purgeEncounterType_shouldThrowErrorWhenTryingToDeleteEncounterTypeWhenEncounterTypesAreLocked" classname="org.openmrs.api.EncounterServiceTest" time="0.175"/>
  <testcase name="findEncounterTypes_shouldIncludeRetiredTypesInTheResults" classname="org.openmrs.api.EncounterServiceTest" time="0.176"/>
  <testcase name="canViewEncounter_shouldReturnTrueIfUserCanViewEncounter" classname="org.openmrs.api.EncounterServiceTest" time="0.181"/>
  <testcase name="getEncounterRoleByName_shouldFindEncounterRoleByName" classname="org.openmrs.api.EncounterServiceTest" time="0.18"/>
  <testcase name="retireEncounterType_shouldThrowErrorIfGivenNullReasonParameter" classname="org.openmrs.api.EncounterServiceTest" time="0.17"/>
  <testcase name="saveEncounter_shouldAssignEncounterToVisitIfTheAssignToExistingOrNewHandlerIsRegistered" classname="org.openmrs.api.EncounterServiceTest" time="0.181"/>
  <testcase name="unvoidEncounter_shouldUnvoidAndUnmarkAllAttributes" classname="org.openmrs.api.EncounterServiceTest" time="0.196"/>
  <testcase name="saveEncounterType_shouldThrowErrorWhenTryingToSaveEncounterTypeWhenEncounterTypesAreLocked" classname="org.openmrs.api.EncounterServiceTest" time="0.172"/>
  <testcase name="saveEncounter_shouldUpdateEncounterSuccessfully" classname="org.openmrs.api.EncounterServiceTest" time="0.177"/>
  <testcase name="getVisitAssignmentHandlers_shouldReturnTheNoAssignmentHandler" classname="org.openmrs.api.EncounterServiceTest" time="0.172"/>
  <testcase name="getEncounters_shouldGetEncountersByVisitType" classname="org.openmrs.api.EncounterServiceTest" time="0.183"/>
  <testcase name="getEncounters_shouldGetEncountersByVisit" classname="org.openmrs.api.EncounterServiceTest" time="0.184"/>
  <testcase name="saveEncounterType_shouldSetAuditInfoIfAnyItemInEncounterTypeIsEdited" classname="org.openmrs.api.EncounterServiceTest" time="0.171"/>
  <testcase name="getEncounters_shouldGetEncountersByForm" classname="org.openmrs.api.EncounterServiceTest" time="0.171"/>
  <testcase name="getEncounters_shouldGetEncountersByType" classname="org.openmrs.api.EncounterServiceTest" time="0.178"/>
  <testcase name="getVisitAssignmentHandlers_shouldReturnTheExistingVisitOnlyAssignmentHandler" classname="org.openmrs.api.EncounterServiceTest" time="0.171"/>
  <testcase name="getEncounters_shouldGetEncountersOnOrAfterDate" classname="org.openmrs.api.EncounterServiceTest" time="0.188"/>
  <testcase name="retireEncounterRole_shouldRetireTypeAndSetAttributes" classname="org.openmrs.api.EncounterServiceTest" time="0.175"/>
  <testcase name="getEncounter_shouldReturnEncounterIfUserIsAllowedToViewIt" classname="org.openmrs.api.EncounterServiceTest" time="0.188"/>
  <testcase name="getEncounters_shouldGetAllTheUniqueEncountersThatMatchTheSpecifiedParameterValues" classname="org.openmrs.api.EncounterServiceTest" time="0">
    <skipped/>
  </testcase>
  <testcase name="unretireEncounterType_shouldThrowErrorWhenTryingToUnretireEncounterTypeWhenEncounterTypesAreLocked" classname="org.openmrs.api.EncounterServiceTest" time="0.174"/>
  <testcase name="getEncounter_shouldFailIfUserIsNotAllowedToViewEncounterByGivenId" classname="org.openmrs.api.EncounterServiceTest" time="0.179"/>
  <testcase name="getEncounterByUuid_shouldFindObjectGivenValidUuid" classname="org.openmrs.api.EncounterServiceTest" time="0.172"/>
  <testcase name="getEncounterType_shouldNotGetByInexactName" classname="org.openmrs.api.EncounterServiceTest" time="0.172"/>
  <testcase name="findEncounterTypes_shouldReturnTypesByPartialCaseInsensitiveMatch" classname="org.openmrs.api.EncounterServiceTest" time="0.167"/>
  <testcase name="getEncountersByPatient_shouldGetAllUnvoidedEncountersForTheGivenPatientIdentifier" classname="org.openmrs.api.EncounterServiceTest" time="0.176"/>
  <testcase name="getEncountersByPatient_shouldThrowErrorWhenGivenNullParameter" classname="org.openmrs.api.EncounterServiceTest" time="0.165"/>
  <testcase name="canEditEncounter_shouldReturnFalseIfUserCanNotEditEncounter" classname="org.openmrs.api.EncounterServiceTest" time="0.175"/>
  <testcase name="transferEncounter_shouldVoidGivenEncounter" classname="org.openmrs.api.EncounterServiceTest" time="0.246"/>
  <testcase name="saveEncounter_shouldNotAssignEncounterToVisitIfNoHandlerIsRegistered" classname="org.openmrs.api.EncounterServiceTest" time="0.174"/>
  <testcase name="getEncounters_shouldNotReturnVoidedEncountersIfIncludeVoidedIsSetToTrue" classname="org.openmrs.api.EncounterServiceTest" time="0">
    <skipped/>
  </testcase>
  <testcase name="getEncounters_shouldGetEncountersOnOrUpToADate" classname="org.openmrs.api.EncounterServiceTest" time="0.178"/>
  <testcase name="purgeEncounter_shouldCascadePurgeToObsAndOrders" classname="org.openmrs.api.EncounterServiceTest" time="0.177"/>
  <testcase name="saveEncounter_shouldVoidAndCreateNewObsWhenSavingEncounter" classname="org.openmrs.api.EncounterServiceTest" time="0.179"/>
  <testcase name="saveEncounter_shouldCascadeSaveToContainedObsWhenEncounterAlreadyExists" classname="org.openmrs.api.EncounterServiceTest" time="0.183"/>
  <testcase name="getEncounters_shouldShouldMatchOnProviderIdentifier" classname="org.openmrs.api.EncounterServiceTest" time="0.181"/>
  <testcase name="getEncounterByUuid_shouldReturnNullIfNoObjectFoundWithGivenUuid" classname="org.openmrs.api.EncounterServiceTest" time="0.169"/>
  <testcase name="findEncounterTypes_shouldReturnTypesOrderedOnNameAndNonretiredFirst" classname="org.openmrs.api.EncounterServiceTest" time="0.166"/>
  <testcase name="findEncounterTypes_shouldReturnTypesByPartialNameMatch" classname="org.openmrs.api.EncounterServiceTest" time="0.17"/>
  <testcase name="saveEncounter_shouldNotOverwriteDateCreatedIfNonNull" classname="org.openmrs.api.EncounterServiceTest" time="0.18"/>
  <testcase name="canViewAllEncounterTypes_shouldReturnTrueWhenTheEncounterTypesEditPrivilegeColumnIsNull" classname="org.openmrs.api.EncounterServiceTest" time="0.172"/>
  <testcase name="saveEncounter_shouldNotAssignEncounterToVisitIfTheNoAssignHandlerIsRegistered" classname="org.openmrs.api.EncounterServiceTest" time="0.171"/>
  <testcase name="getEncounters_shouldGetEncountersByLocation" classname="org.openmrs.api.EncounterServiceTest" time="0.172"/>
  <testcase name="unvoidEncounter_shouldFailfIfUserIsNotSupposedToEditEncountersOfTypeOfGivenEncounter" classname="org.openmrs.api.EncounterServiceTest" time="0.179"/>
  <testcase name="purgeEncounterType_shouldPurgeType" classname="org.openmrs.api.EncounterServiceTest" time="0.169"/>
  <testcase name="getEncounters_shouldReturnEmptyListForEmptyQuery" classname="org.openmrs.api.EncounterServiceTest" time="0.17"/>
  <testcase name="canEditAllEncounterTypes_shouldReturnTrueIfUserIsGrantedToEditEncounters" classname="org.openmrs.api.EncounterServiceTest" time="0.173"/>
  <testcase name="transferEncounter_shouldTransferAnEncounterWithObservationsButNotOrdersToGivenPatient" classname="org.openmrs.api.EncounterServiceTest" time="0.257"/>
  <testcase name="getEncounters_shouldIncludeVoidedEncountersIfIncludeVoidedIsSetToTrue" classname="org.openmrs.api.EncounterServiceTest" time="0.174"/>
  <testcase name="canEditEncounter_shouldFailfIfEncounterIsNull" classname="org.openmrs.api.EncounterServiceTest" time="0.166"/>
  <testcase name="saveEncounter_shouldUpdateExistingEncounterWhenAChildObsIsEdited" classname="org.openmrs.api.EncounterServiceTest" time="0.304"/>
  <testcase name="saveEncounter_shouldCascadeChangeOfLocationInEncounterToContainedObs" classname="org.openmrs.api.EncounterServiceTest" time="0.173"/>
  <testcase name="getActiveEncounterVisitHandler_shouldReturnBeanHaveBeenRegisteredWithGivenName" classname="org.openmrs.api.EncounterServiceTest" time="0.168"/>
  <testcase name="voidEncounter_shouldCascadeToOrders" classname="org.openmrs.api.EncounterServiceTest" time="0.175"/>
  <testcase name="canViewAllEncounterTypes_shouldReturnTrueWhenTheEncounterTypesViewPrivilegeColumnIsNull" classname="org.openmrs.api.EncounterServiceTest" time="0.185"/>
  <testcase name="saveEncounterRole_shouldSaveEncounterRoleWithBasicDetails" classname="org.openmrs.api.EncounterServiceTest" time="0.17"/>
  <testcase name="saveEncounter_shouldSaveEncounterWhenTopLevelObsIsUpdatedByRemovingChildObs" classname="org.openmrs.api.EncounterServiceTest" time="0.239"/>
  <testcase name="voidEncounter_shouldFailfIfUserIsNotSupposedToEditEncountersOfTypeOfGivenEncounter" classname="org.openmrs.api.EncounterServiceTest" time="0.186"/>
  <testcase name="saveEncounterType_shouldUpdateAnExistingEncounterTypeName" classname="org.openmrs.api.EncounterServiceTest" time="0.184"/>
  <testcase name="getEncountersByPatientIdentifier_shouldNotGetVoidedEncounters" classname="org.openmrs.api.EncounterServiceTest" time="0.178"/>
  <testcase name="retireEncounterType_shouldRetireTypeAndSetAttributes" classname="org.openmrs.api.EncounterServiceTest" time="0.167"/>
  <testcase name="getEncounterType_shouldReturnNullIfOnlyRetiredTypeFound" classname="org.openmrs.api.EncounterServiceTest" time="0.168"/>
  <testcase name="purgeEncounter_shouldFailfIfUserIsNotSupposedToEditEncountersOfTypeOfGivenEncounter" classname="org.openmrs.api.EncounterServiceTest" time="0.185"/>
  <testcase name="purgeEncounterRole_shouldPurgeEncounterRole" classname="org.openmrs.api.EncounterServiceTest" time="0.169"/>
  <testcase name="unretireEncounterType_shouldUnretireTypeAndUnmarkAttributes" classname="org.openmrs.api.EncounterServiceTest" time="0.17"/>
  <testcase name="getAllEncounterTypes_shouldIncludeRetiredTypesWithTrueIncludeRetiredParameter" classname="org.openmrs.api.EncounterServiceTest" time="0.168"/>
  <testcase name="saveEncounterType_shouldNotOverwriteDateCreated" classname="org.openmrs.api.EncounterServiceTest" time="0.172"/>
  <testcase name="getEncounterType_shouldThrowErrorIfGivenNullParameter" classname="org.openmrs.api.EncounterServiceTest" time="0.169"/>
  <testcase name="voidEncounter_shouldNotVoidProviders" classname="org.openmrs.api.EncounterServiceTest" time="0.178"/>
  <testcase name="retireEncounterRole_shouldThrowErrorIfGivenNullReasonParameter" classname="org.openmrs.api.EncounterServiceTest" time="0.168"/>
  <testcase name="getEncountersByVisit_shouldIncludeVoidedEncountersWhenIncludeVoidedIsTrue" classname="org.openmrs.api.EncounterServiceTest" time="0.185"/>
  <testcase name="canViewAllEncounterTypes_shouldReturnTrueIfUserIsGrantedToViewEncounters" classname="org.openmrs.api.EncounterServiceTest" time="0.173"/>
  <testcase name="getAllEncounterTypes_shouldNotReturnRetiredTypes" classname="org.openmrs.api.EncounterServiceTest" time="0.167"/>
  <testcase name="saveEncounter_shouldCascadeUpdatedEncounterDatetimeToObsDatetimeOfAllObsWithMatchingObsDatetime" classname="org.openmrs.api.EncounterServiceTest" time="0.228"/>
  <testcase name="getEncountersByVisit_shouldGetActiveEncountersByVisit" classname="org.openmrs.api.EncounterServiceTest" time="0.174"/>
</testsuite>