<?xml version="1.0" encoding="UTF-8"?>
<testsuite name="org.openmrs.ObsTest" time="0.013" tests="58" errors="0" skipped="0" failures="0">
  <properties>
    <property name="java.runtime.name" value="OpenJDK Runtime Environment"/>
    <property name="sun.boot.library.path" value="/usr/lib/jvm/java-1.8.0-openjdk-1.8.0.201.b09-0.amzn2.x86_64/jre/lib/amd64"/>
    <property name="java.vm.version" value="25.201-b09"/>
    <property name="java.vm.vendor" value="Oracle Corporation"/>
    <property name="maven.multiModuleProjectDirectory" value="/home/ec2-user/3tireapp/openmrs-core"/>
    <property name="java.vendor.url" value="http://java.oracle.com/"/>
    <property name="path.separator" value=":"/>
    <property name="guice.disable.misplaced.annotation.check" value="true"/>
    <property name="java.vm.name" value="OpenJDK 64-Bit Server VM"/>
    <property name="file.encoding.pkg" value="sun.io"/>
    <property name="user.country" value="US"/>
    <property name="sun.java.launcher" value="SUN_STANDARD"/>
    <property name="sun.os.patch.level" value="unknown"/>
    <property name="java.vm.specification.name" value="Java Virtual Machine Specification"/>
    <property name="user.dir" value="/home/ec2-user/3tireapp/openmrs-core"/>
    <property name="java.runtime.version" value="1.8.0_201-b09"/>
    <property name="java.awt.graphicsenv" value="sun.awt.X11GraphicsEnvironment"/>
    <property name="java.endorsed.dirs" value="/usr/lib/jvm/java-1.8.0-openjdk-1.8.0.201.b09-0.amzn2.x86_64/jre/lib/endorsed"/>
    <property name="os.arch" value="amd64"/>
    <property name="java.io.tmpdir" value="/tmp"/>
    <property name="line.separator" value="&#10;"/>
    <property name="java.vm.specification.vendor" value="Oracle Corporation"/>
    <property name="os.name" value="Linux"/>
    <property name="classworlds.conf" value="/usr/share/apache-maven/bin/m2.conf"/>
    <property name="sun.jnu.encoding" value="UTF-8"/>
    <property name="java.library.path" value="/usr/java/packages/lib/amd64:/usr/lib64:/lib64:/lib:/usr/lib"/>
    <property name="maven.conf" value="/usr/share/apache-maven/conf"/>
    <property name="java.specification.name" value="Java Platform API Specification"/>
    <property name="java.class.version" value="52.0"/>
    <property name="sun.management.compiler" value="HotSpot 64-Bit Tiered Compilers"/>
    <property name="os.version" value="4.14.88-88.76.amzn2.x86_64"/>
    <property name="library.jansi.path" value="/usr/share/apache-maven/lib/jansi-native"/>
    <property name="user.home" value="/root"/>
    <property name="user.timezone" value="UTC"/>
    <property name="java.awt.printerjob" value="sun.print.PSPrinterJob"/>
    <property name="java.specification.version" value="1.8"/>
    <property name="file.encoding" value="UTF-8"/>
    <property name="user.name" value="root"/>
    <property name="java.class.path" value="/usr/share/apache-maven/boot/plexus-classworlds-2.5.2.jar"/>
    <property name="java.vm.specification.version" value="1.8"/>
    <property name="sun.arch.data.model" value="64"/>
    <property name="java.home" value="/usr/lib/jvm/java-1.8.0-openjdk-1.8.0.201.b09-0.amzn2.x86_64/jre"/>
    <property name="sun.java.command" value="org.codehaus.plexus.classworlds.launcher.Launcher clean install"/>
    <property name="java.specification.vendor" value="Oracle Corporation"/>
    <property name="user.language" value="en"/>
    <property name="awt.toolkit" value="sun.awt.X11.XToolkit"/>
    <property name="java.vm.info" value="mixed mode"/>
    <property name="java.version" value="1.8.0_201"/>
    <property name="java.ext.dirs" value="/usr/lib/jvm/java-1.8.0-openjdk-1.8.0.201.b09-0.amzn2.x86_64/jre/lib/ext:/usr/java/packages/lib/ext"/>
    <property name="securerandom.source" value="file:/dev/./urandom"/>
    <property name="sun.boot.class.path" value="/usr/lib/jvm/java-1.8.0-openjdk-1.8.0.201.b09-0.amzn2.x86_64/jre/lib/resources.jar:/usr/lib/jvm/java-1.8.0-openjdk-1.8.0.201.b09-0.amzn2.x86_64/jre/lib/rt.jar:/usr/lib/jvm/java-1.8.0-openjdk-1.8.0.201.b09-0.amzn2.x86_64/jre/lib/sunrsasign.jar:/usr/lib/jvm/java-1.8.0-openjdk-1.8.0.201.b09-0.amzn2.x86_64/jre/lib/jsse.jar:/usr/lib/jvm/java-1.8.0-openjdk-1.8.0.201.b09-0.amzn2.x86_64/jre/lib/jce.jar:/usr/lib/jvm/java-1.8.0-openjdk-1.8.0.201.b09-0.amzn2.x86_64/jre/lib/charsets.jar:/usr/lib/jvm/java-1.8.0-openjdk-1.8.0.201.b09-0.amzn2.x86_64/jre/lib/jfr.jar:/usr/lib/jvm/java-1.8.0-openjdk-1.8.0.201.b09-0.amzn2.x86_64/jre/classes"/>
    <property name="java.vendor" value="Oracle Corporation"/>
    <property name="maven.home" value="/usr/share/apache-maven"/>
    <property name="file.separator" value="/"/>
    <property name="java.vendor.url.bug" value="http://bugreport.sun.com/bugreport/"/>
    <property name="sun.cpu.endian" value="little"/>
    <property name="sun.io.unicode.encoding" value="UnicodeLittle"/>
    <property name="sun.cpu.isalist" value=""/>
  </properties>
  <testcase name="setGroupMembers_shouldNotMarkTheExistingObsAsDirtyWhenTheSetIsReplacedWithAnotherWithDifferentMembers" classname="org.openmrs.ObsTest" time="0"/>
  <testcase name="getValueAsString_shouldUseCommasOrDecimalPlacesDependingOnLocale" classname="org.openmrs.ObsTest" time="0.001"/>
  <testcase name="isDirty_shouldReturnTrueWhenAnyImmutableFieldHasBeenChangedForEditedObs" classname="org.openmrs.ObsTest" time="0.001"/>
  <testcase name="shouldSetFinalStatusOnNewObsByDefault" classname="org.openmrs.ObsTest" time="0"/>
  <testcase name="removeGroupMember_shouldReturnFalseForDirtyFlagWhenAnObsIsRemovedFromGroup" classname="org.openmrs.ObsTest" time="0"/>
  <testcase name="isComplex_shouldReturnTrueIfTheConceptIsComplex" classname="org.openmrs.ObsTest" time="0"/>
  <testcase name="isDirty_shouldReturnFalseWhenAnImmutableFieldIsChangedFromANullToANonNullValueInNewObs" classname="org.openmrs.ObsTest" time="0"/>
  <testcase name="getValueAsBoolean_shouldReturnNullForValue_numericConceptsIfValueIsNeither1Nor0" classname="org.openmrs.ObsTest" time="0"/>
  <testcase name="getValueAsString_shouldNotReturnLongDecimalNumbersAsScientificNotation" classname="org.openmrs.ObsTest" time="0"/>
  <testcase name="setValueAsString_shouldFailIfTheValueOfTheStringIsEmpty" classname="org.openmrs.ObsTest" time="0"/>
  <testcase name="shouldSupportInterpretationProperty" classname="org.openmrs.ObsTest" time="0"/>
  <testcase name="setObsDateTime_shouldNotMarkTheObsAsDirtyWhenDateIsNotChangedAndExistingValueIsOfTimeStampType" classname="org.openmrs.ObsTest" time="0"/>
  <testcase name="addGroupMember_shouldReturnFalseWhenANewObsIsAddedAsAMember" classname="org.openmrs.ObsTest" time="0"/>
  <testcase name="isDirty_shouldReturnTrueWhenAnImmutableFieldIsChangedFromANullToANonNullValueInExistingObs" classname="org.openmrs.ObsTest" time="0"/>
  <testcase name="getValueAsString_shouldReturnRegularNumberIfDecimalPlacesAreAsHighAsSix" classname="org.openmrs.ObsTest" time="0.001"/>
  <testcase name="getValueAsString_shouldReturnLocalizedCodedConcept" classname="org.openmrs.ObsTest" time="0.001"/>
  <testcase name="setFormField_shouldMarkTheObsAsDirtyWhenTheValueIsChangedFromANonNullToANullValue" classname="org.openmrs.ObsTest" time="0"/>
  <testcase name="removeGroupMember_shouldReturnDirtyFalseWhenAnObsIsRemoved" classname="org.openmrs.ObsTest" time="0"/>
  <testcase name="setFormField_shouldMarkTheObsAsDirtyWhenTheValueHasBeenChanged" classname="org.openmrs.ObsTest" time="0"/>
  <testcase name="setFormField_shouldRejectANamepaceContainingTheSeparator" classname="org.openmrs.ObsTest" time="0.001"/>
  <testcase name="newInstance_shouldCopyMostFields" classname="org.openmrs.ObsTest" time="0"/>
  <testcase name="setGroupMembers_shouldNotMarkNewObsAsDirtyWhenTheSetIsChangedFromNullToANonEmptyOne" classname="org.openmrs.ObsTest" time="0"/>
  <testcase name="isDirty_shouldReturnTrueWhenAnImmutableFieldIsChangedFromANonNullToANullValueForEditedObs" classname="org.openmrs.ObsTest" time="0.002"/>
  <testcase name="setValueAsString_shouldFailIfTheValueOfTheStringIsNull" classname="org.openmrs.ObsTest" time="0"/>
  <testcase name="addGroupMember_shouldReturnFalseWhenADuplicateObsIsAddedAsAMemberToNewObs" classname="org.openmrs.ObsTest" time="0"/>
  <testcase name="isDirty_shouldReturnFalseWhenNoChangeHasBeenMade" classname="org.openmrs.ObsTest" time="0.003"/>
  <testcase name="shouldAddandRemoveObsToGroup" classname="org.openmrs.ObsTest" time="0.001"/>
  <testcase name="setGroupMembers_shouldNotMarkTheObsAsDirtyWhenTheSetIsChangedFromNullToAnEmptyOne" classname="org.openmrs.ObsTest" time="0"/>
  <testcase name="getFormFieldPath_shouldReturnTheCorrectPathForAFormFieldWithANamespace" classname="org.openmrs.ObsTest" time="0"/>
  <testcase name="hasGroupMembers_shouldReturnTrueIfThisObsHasGroupMembersBasedOnParameter" classname="org.openmrs.ObsTest" time="0"/>
  <testcase name="getValueAsBoolean_shouldReturnTrueForValue_numericConceptsIfValueIs1" classname="org.openmrs.ObsTest" time="0"/>
  <testcase name="getValueAsString_shouldReturnRegularNumberForSizeOfZeroToOrGreaterThanTenDigits" classname="org.openmrs.ObsTest" time="0"/>
  <testcase name="setFormField_shouldMarkTheObsAsDirtyWhenTheValueIsChangedFromANullToANonNullValue" classname="org.openmrs.ObsTest" time="0"/>
  <testcase name="addGroupMember_shouldReturnFalseWhenADuplicateObsIsAddedAsAMember" classname="org.openmrs.ObsTest" time="0"/>
  <testcase name="setFormField_shouldNotMarkTheObsAsDirtyWhenTheValueHasNotBeenChanged" classname="org.openmrs.ObsTest" time="0"/>
  <testcase name="shouldGetRelatedObservations" classname="org.openmrs.ObsTest" time="0"/>
  <testcase name="getFormFieldNamespace_shouldReturnTheCorrectNamespaceForAFormFieldWithAPath" classname="org.openmrs.ObsTest" time="0"/>
  <testcase name="setGroupMembers_shouldNotMarkTheObsAsDirtyWhenTheSetIsReplacedWithAnotherWithSameMembers" classname="org.openmrs.ObsTest" time="0"/>
  <testcase name="isDirty_shouldReturnFalseWhenAnyImmutableFieldHasBeenChangedForNewObs" classname="org.openmrs.ObsTest" time="0.001"/>
  <testcase name="getValueAsString_shouldReturnDateInCorrectFormat" classname="org.openmrs.ObsTest" time="0"/>
  <testcase name="getFormFieldPath_shouldReturnNullIfThePathIsNotSpecified" classname="org.openmrs.ObsTest" time="0"/>
  <testcase name="isDirty_shouldReturnFalsWhenAnImmutableFieldIsChangedFromANonNullToANullValueForNewObs" classname="org.openmrs.ObsTest" time="0"/>
  <testcase name="removeGroupMember_shouldReturnFalseWhenANonExistentObsIsRemoved" classname="org.openmrs.ObsTest" time="0"/>
  <testcase name="getFormFieldNamespace_shouldReturnTheNamespaceForAFormFieldThatHasNoPath" classname="org.openmrs.ObsTest" time="0"/>
  <testcase name="isObsGrouping_shouldIncludeVoidedObs" classname="org.openmrs.ObsTest" time="0"/>
  <testcase name="getValueAsBoolean_shouldReturnFalseForValue_numericConceptsIfValueIs0" classname="org.openmrs.ObsTest" time="0"/>
  <testcase name="setValueBoolean_shouldNotSetValueForNonBooleanConcept" classname="org.openmrs.ObsTest" time="0"/>
  <testcase name="isDirty_shouldReturnFalseWhenOnlyMutableFieldsAreChanged" classname="org.openmrs.ObsTest" time="0"/>
  <testcase name="setFormField_shouldSetTheUnderlyingFormNamespaceAndPathInTheCorrectPattern" classname="org.openmrs.ObsTest" time="0"/>
  <testcase name="setGroupMembers_shouldNotMarkTheNewObsAsDirtyWhenTheSetIsReplacedWithAnotherWithDifferentMembers" classname="org.openmrs.ObsTest" time="0"/>
  <testcase name="getValueAsString_shouldReturnNonPreciseValuesForNumericConcepts" classname="org.openmrs.ObsTest" time="0"/>
  <testcase name="getFormFieldNamespace_shouldReturnNullIfTheNamespaceIsNotSpecified" classname="org.openmrs.ObsTest" time="0"/>
  <testcase name="setFormField_shouldRejectAPathContainingTheSeparator" classname="org.openmrs.ObsTest" time="0"/>
  <testcase name="getGroupMembers_shouldGetAllGroupMembersIfPassedTrueAndNonvoidedIfPassedFalse" classname="org.openmrs.ObsTest" time="0"/>
  <testcase name="getFormFieldPath_shouldReturnThePathForAFormFieldThatHasNoNamespace" classname="org.openmrs.ObsTest" time="0"/>
  <testcase name="setGroupMembers_shouldNotMarkTheExistingObsAsDirtyWhenTheSetIsChangedFromNullToANonEmptyOne" classname="org.openmrs.ObsTest" time="0.001"/>
  <testcase name="getValueAsString_shouldNotUseThousandSeparator" classname="org.openmrs.ObsTest" time="0"/>
  <testcase name="setFormField_shouldRejectANamepaceAndPathCombinationLongerThanTheMaxLength" classname="org.openmrs.ObsTest" time="0"/>
</testsuite>