<?xml version="1.0" encoding="UTF-8"?>
<testsuite name="org.openmrs.util.OpenmrsUtilTest" time="3.026" tests="47" errors="0" skipped="0" failures="0">
  <properties>
    <property name="java.runtime.name" value="OpenJDK Runtime Environment"/>
    <property name="sun.boot.library.path" value="/usr/lib/jvm/java-1.8.0-openjdk-1.8.0.201.b09-0.amzn2.x86_64/jre/lib/amd64"/>
    <property name="java.vm.version" value="25.201-b09"/>
    <property name="java.vm.vendor" value="Oracle Corporation"/>
    <property name="maven.multiModuleProjectDirectory" value="/home/ec2-user/3tireapp/openmrs-core"/>
    <property name="java.vendor.url" value="http://java.oracle.com/"/>
    <property name="path.separator" value=":"/>
    <property name="guice.disable.misplaced.annotation.check" value="true"/>
    <property name="java.vm.name" value="OpenJDK 64-Bit Server VM"/>
    <property name="file.encoding.pkg" value="sun.io"/>
    <property name="user.country" value="US"/>
    <property name="sun.java.launcher" value="SUN_STANDARD"/>
    <property name="sun.os.patch.level" value="unknown"/>
    <property name="java.vm.specification.name" value="Java Virtual Machine Specification"/>
    <property name="user.dir" value="/home/ec2-user/3tireapp/openmrs-core"/>
    <property name="java.runtime.version" value="1.8.0_201-b09"/>
    <property name="java.awt.graphicsenv" value="sun.awt.X11GraphicsEnvironment"/>
    <property name="java.endorsed.dirs" value="/usr/lib/jvm/java-1.8.0-openjdk-1.8.0.201.b09-0.amzn2.x86_64/jre/lib/endorsed"/>
    <property name="os.arch" value="amd64"/>
    <property name="java.io.tmpdir" value="/tmp"/>
    <property name="line.separator" value="&#10;"/>
    <property name="java.vm.specification.vendor" value="Oracle Corporation"/>
    <property name="os.name" value="Linux"/>
    <property name="classworlds.conf" value="/usr/share/apache-maven/bin/m2.conf"/>
    <property name="sun.jnu.encoding" value="UTF-8"/>
    <property name="java.library.path" value="/usr/java/packages/lib/amd64:/usr/lib64:/lib64:/lib:/usr/lib"/>
    <property name="maven.conf" value="/usr/share/apache-maven/conf"/>
    <property name="java.specification.name" value="Java Platform API Specification"/>
    <property name="java.class.version" value="52.0"/>
    <property name="sun.management.compiler" value="HotSpot 64-Bit Tiered Compilers"/>
    <property name="os.version" value="4.14.88-88.76.amzn2.x86_64"/>
    <property name="library.jansi.path" value="/usr/share/apache-maven/lib/jansi-native"/>
    <property name="user.home" value="/root"/>
    <property name="user.timezone" value="UTC"/>
    <property name="java.awt.printerjob" value="sun.print.PSPrinterJob"/>
    <property name="java.specification.version" value="1.8"/>
    <property name="file.encoding" value="UTF-8"/>
    <property name="user.name" value="root"/>
    <property name="java.class.path" value="/usr/share/apache-maven/boot/plexus-classworlds-2.5.2.jar"/>
    <property name="java.vm.specification.version" value="1.8"/>
    <property name="sun.arch.data.model" value="64"/>
    <property name="java.home" value="/usr/lib/jvm/java-1.8.0-openjdk-1.8.0.201.b09-0.amzn2.x86_64/jre"/>
    <property name="sun.java.command" value="org.codehaus.plexus.classworlds.launcher.Launcher clean install"/>
    <property name="java.specification.vendor" value="Oracle Corporation"/>
    <property name="user.language" value="en"/>
    <property name="awt.toolkit" value="sun.awt.X11.XToolkit"/>
    <property name="java.vm.info" value="mixed mode"/>
    <property name="java.version" value="1.8.0_201"/>
    <property name="java.ext.dirs" value="/usr/lib/jvm/java-1.8.0-openjdk-1.8.0.201.b09-0.amzn2.x86_64/jre/lib/ext:/usr/java/packages/lib/ext"/>
    <property name="securerandom.source" value="file:/dev/./urandom"/>
    <property name="sun.boot.class.path" value="/usr/lib/jvm/java-1.8.0-openjdk-1.8.0.201.b09-0.amzn2.x86_64/jre/lib/resources.jar:/usr/lib/jvm/java-1.8.0-openjdk-1.8.0.201.b09-0.amzn2.x86_64/jre/lib/rt.jar:/usr/lib/jvm/java-1.8.0-openjdk-1.8.0.201.b09-0.amzn2.x86_64/jre/lib/sunrsasign.jar:/usr/lib/jvm/java-1.8.0-openjdk-1.8.0.201.b09-0.amzn2.x86_64/jre/lib/jsse.jar:/usr/lib/jvm/java-1.8.0-openjdk-1.8.0.201.b09-0.amzn2.x86_64/jre/lib/jce.jar:/usr/lib/jvm/java-1.8.0-openjdk-1.8.0.201.b09-0.amzn2.x86_64/jre/lib/charsets.jar:/usr/lib/jvm/java-1.8.0-openjdk-1.8.0.201.b09-0.amzn2.x86_64/jre/lib/jfr.jar:/usr/lib/jvm/java-1.8.0-openjdk-1.8.0.201.b09-0.amzn2.x86_64/jre/classes"/>
    <property name="java.vendor" value="Oracle Corporation"/>
    <property name="maven.home" value="/usr/share/apache-maven"/>
    <property name="file.separator" value="/"/>
    <property name="java.vendor.url.bug" value="http://bugreport.sun.com/bugreport/"/>
    <property name="sun.cpu.endian" value="little"/>
    <property name="sun.io.unicode.encoding" value="UnicodeLittle"/>
    <property name="sun.cpu.isalist" value=""/>
  </properties>
  <testcase name="nullSafeEqualsIgnoreCase_shouldReturnFalseIfOnlyOneOfTheStringsIsNull" classname="org.openmrs.util.OpenmrsUtilTest" time="0.756"/>
  <testcase name="containsUpperAndLowerCase_shouldReturnTrueIfStringContainsUpperAndLowerCase" classname="org.openmrs.util.OpenmrsUtilTest" time="0.047"/>
  <testcase name="getDateFormat_shouldReturnAPatternWithFourYCharactersInIt" classname="org.openmrs.util.OpenmrsUtilTest" time="0.057"/>
  <testcase name="validatePassword_shouldFailWithShortPasswordByDefault" classname="org.openmrs.util.OpenmrsUtilTest" time="0.048"/>
  <testcase name="containsOnlyDigits_shouldReturnFalseIfStringContainsAnyNonDigits" classname="org.openmrs.util.OpenmrsUtilTest" time="0.051"/>
  <testcase name="validatePassword_shouldFailWithCharOnlyPasswordByDefault" classname="org.openmrs.util.OpenmrsUtilTest" time="0.045"/>
  <testcase name="copyFile_shouldCopyInputstreamToOutputstreamAndCloseTheOutputstream" classname="org.openmrs.util.OpenmrsUtilTest" time="0.069"/>
  <testcase name="openmrsDateFormat_shouldAllowSingleDigitDatesAndMonths" classname="org.openmrs.util.OpenmrsUtilTest" time="0.051"/>
  <testcase name="validatePassword_shouldAllowPasswordToContainNonAlphanumericCharacters" classname="org.openmrs.util.OpenmrsUtilTest" time="0.058"/>
  <testcase name="containsDigit_shouldReturnFalseIfStringContainsNoDigits" classname="org.openmrs.util.OpenmrsUtilTest" time="0.052"/>
  <testcase name="url2file_shouldReturnNullGivenNullParameter" classname="org.openmrs.util.OpenmrsUtilTest" time="0.043"/>
  <testcase name="validatePassword_shouldFailWithDigitOnlyPasswordByDefault" classname="org.openmrs.util.OpenmrsUtilTest" time="0.047"/>
  <testcase name="validatePassword_shouldPassWithDigitOnlyPasswordIfAllowed" classname="org.openmrs.util.OpenmrsUtilTest" time="0.047"/>
  <testcase name="nullSafeEqualsIgnoreCase_shouldBeCaseInsensitive" classname="org.openmrs.util.OpenmrsUtilTest" time="0.066"/>
  <testcase name="validatePassword_shouldAllowPasswordToContainWhiteSpaces" classname="org.openmrs.util.OpenmrsUtilTest" time="0.045"/>
  <testcase name="openmrsDateFormat_shouldParseValidDate" classname="org.openmrs.util.OpenmrsUtilTest" time="0.048"/>
  <testcase name="openmrsDateFormat_shouldNotAllowDatesWithInvalidDaysOrMonths" classname="org.openmrs.util.OpenmrsUtilTest" time="0.043"/>
  <testcase name="containsUpperAndLowerCase_shouldReturnFalseIfStringDoesNotContainUpperCaseCharacters" classname="org.openmrs.util.OpenmrsUtilTest" time="0.049"/>
  <testcase name="validatePassword_shouldPassWithPasswordEqualsToUserNameIfAllowed" classname="org.openmrs.util.OpenmrsUtilTest" time="0.051"/>
  <testcase name="containsDigit_shouldReturnTrueIfStringContainsAnyDigits" classname="org.openmrs.util.OpenmrsUtilTest" time="0.049"/>
  <testcase name="validatePassword_shouldFailWithCharOnlyPasswordIfNotAllowed" classname="org.openmrs.util.OpenmrsUtilTest" time="0.05"/>
  <testcase name="validatePassword_shouldFailWithoutUpperAndLowerCasePasswordIfNotAllowed" classname="org.openmrs.util.OpenmrsUtilTest" time="0.045"/>
  <testcase name="shortenedStackTrace_shouldReturnNullIfStackTraceIsNull" classname="org.openmrs.util.OpenmrsUtilTest" time="0.045"/>
  <testcase name="validatePassword_shouldFailWithShortPasswordIfNotAllowed" classname="org.openmrs.util.OpenmrsUtilTest" time="0.05"/>
  <testcase name="validatePassword_shouldStillWorkWithoutAnOpenSession" classname="org.openmrs.util.OpenmrsUtilTest" time="0.047"/>
  <testcase name="validatePassword_shouldFailWithPasswordEqualsToUserNameIfNotAllowed" classname="org.openmrs.util.OpenmrsUtilTest" time="0.051"/>
  <testcase name="validatePassword_shouldPassWithPasswordMatchingConfiguredRegex" classname="org.openmrs.util.OpenmrsUtilTest" time="0.052"/>
  <testcase name="copyFile_shouldNotCopyTheOutputstreamIfInputstreamIsNull" classname="org.openmrs.util.OpenmrsUtilTest" time="0.048"/>
  <testcase name="copyFile_shouldNotCopyTheOutputstreamWhenOutputstreamIsNull" classname="org.openmrs.util.OpenmrsUtilTest" time="0.056"/>
  <testcase name="validatePassword_shouldPassWithoutUpperAndLowerCasePasswordIfAllowed" classname="org.openmrs.util.OpenmrsUtilTest" time="0.051"/>
  <testcase name="containsUpperAndLowerCase_shouldReturnFalseIfStringDoesNotContainLowerCaseCharacters" classname="org.openmrs.util.OpenmrsUtilTest" time="0.05"/>
  <testcase name="validatePassword_shouldFailWithoutUpperAndLowerCasePasswordByDefault" classname="org.openmrs.util.OpenmrsUtilTest" time="0.05"/>
  <testcase name="collectionContains_shouldUseEqualsMethodForComparisonInsteadOfCompareToGivenSortedSetCollection" classname="org.openmrs.util.OpenmrsUtilTest" time="0.047"/>
  <testcase name="validatePassword_shouldFailWithPasswordEqualsToUserNameByDefault" classname="org.openmrs.util.OpenmrsUtilTest" time="0.048"/>
  <testcase name="validatePassword_shouldFailWithDigitOnlyPasswordIfNotAllowed" classname="org.openmrs.util.OpenmrsUtilTest" time="0.048"/>
  <testcase name="validatePassword_shouldPassWithPasswordEqualsToSystemIdIfAllowed" classname="org.openmrs.util.OpenmrsUtilTest" time="0.048"/>
  <testcase name="getDateFormat_shouldNotAllowTheReturnedSimpleDateFormatToBeModified" classname="org.openmrs.util.OpenmrsUtilTest" time="0.06"/>
  <testcase name="validatePassword_shouldFailWithPasswordEqualsToSystemIdIfNotAllowed" classname="org.openmrs.util.OpenmrsUtilTest" time="0.045"/>
  <testcase name="validatePassword_shouldPassWithCharOnlyPasswordIfAllowed" classname="org.openmrs.util.OpenmrsUtilTest" time="0.053"/>
  <testcase name="shortenedStackTrace_shouldRemoveSpringframeworkAndReflectionRelatedLines" classname="org.openmrs.util.OpenmrsUtilTest" time="0.048"/>
  <testcase name="validatePassword_shouldFailWithPasswordNotMatchingConfiguredRegex" classname="org.openmrs.util.OpenmrsUtilTest" time="0.044"/>
  <testcase name="containsOnlyDigits_shouldReturnTrueIfStringContainsOnlyDigits" classname="org.openmrs.util.OpenmrsUtilTest" time="0.047"/>
  <testcase name="validatePassword_shouldFailWithPasswordEqualsToSystemIdByDefault" classname="org.openmrs.util.OpenmrsUtilTest" time="0.044"/>
  <testcase name="validatePassword_shouldPassWithShortPasswordIfAllowed" classname="org.openmrs.util.OpenmrsUtilTest" time="0.047"/>
  <testcase name="openmrsDateFormat_shouldNotAllowTwoDigitYears" classname="org.openmrs.util.OpenmrsUtilTest" time="0.043"/>
  <testcase name="collectionContains_shouldUseEqualsMethodForComparisonInsteadOfCompareToGivenListCollection" classname="org.openmrs.util.OpenmrsUtilTest" time="0.043"/>
  <testcase name="storeProperties_shouldEscapeSlashes" classname="org.openmrs.util.OpenmrsUtilTest" time="0.044"/>
</testsuite>