<?xml version="1.0" encoding="UTF-8"?>
<testsuite name="org.openmrs.api.impl.ConceptServiceImplTest" time="0.435" tests="55" errors="0" skipped="0" failures="0">
  <properties>
    <property name="java.runtime.name" value="OpenJDK Runtime Environment"/>
    <property name="sun.boot.library.path" value="/usr/lib/jvm/java-1.8.0-openjdk-1.8.0.201.b09-0.amzn2.x86_64/jre/lib/amd64"/>
    <property name="java.vm.version" value="25.201-b09"/>
    <property name="java.vm.vendor" value="Oracle Corporation"/>
    <property name="maven.multiModuleProjectDirectory" value="/home/ec2-user/3tireapp/openmrs-core"/>
    <property name="java.vendor.url" value="http://java.oracle.com/"/>
    <property name="path.separator" value=":"/>
    <property name="guice.disable.misplaced.annotation.check" value="true"/>
    <property name="java.vm.name" value="OpenJDK 64-Bit Server VM"/>
    <property name="file.encoding.pkg" value="sun.io"/>
    <property name="user.country" value="US"/>
    <property name="sun.java.launcher" value="SUN_STANDARD"/>
    <property name="sun.os.patch.level" value="unknown"/>
    <property name="java.vm.specification.name" value="Java Virtual Machine Specification"/>
    <property name="user.dir" value="/home/ec2-user/3tireapp/openmrs-core"/>
    <property name="java.runtime.version" value="1.8.0_201-b09"/>
    <property name="java.awt.graphicsenv" value="sun.awt.X11GraphicsEnvironment"/>
    <property name="java.endorsed.dirs" value="/usr/lib/jvm/java-1.8.0-openjdk-1.8.0.201.b09-0.amzn2.x86_64/jre/lib/endorsed"/>
    <property name="os.arch" value="amd64"/>
    <property name="java.io.tmpdir" value="/tmp"/>
    <property name="line.separator" value="&#10;"/>
    <property name="java.vm.specification.vendor" value="Oracle Corporation"/>
    <property name="os.name" value="Linux"/>
    <property name="classworlds.conf" value="/usr/share/apache-maven/bin/m2.conf"/>
    <property name="sun.jnu.encoding" value="UTF-8"/>
    <property name="java.library.path" value="/usr/java/packages/lib/amd64:/usr/lib64:/lib64:/lib:/usr/lib"/>
    <property name="maven.conf" value="/usr/share/apache-maven/conf"/>
    <property name="java.specification.name" value="Java Platform API Specification"/>
    <property name="java.class.version" value="52.0"/>
    <property name="sun.management.compiler" value="HotSpot 64-Bit Tiered Compilers"/>
    <property name="os.version" value="4.14.88-88.76.amzn2.x86_64"/>
    <property name="library.jansi.path" value="/usr/share/apache-maven/lib/jansi-native"/>
    <property name="user.home" value="/root"/>
    <property name="user.timezone" value="UTC"/>
    <property name="java.awt.printerjob" value="sun.print.PSPrinterJob"/>
    <property name="java.specification.version" value="1.8"/>
    <property name="file.encoding" value="UTF-8"/>
    <property name="user.name" value="root"/>
    <property name="java.class.path" value="/usr/share/apache-maven/boot/plexus-classworlds-2.5.2.jar"/>
    <property name="java.vm.specification.version" value="1.8"/>
    <property name="sun.arch.data.model" value="64"/>
    <property name="java.home" value="/usr/lib/jvm/java-1.8.0-openjdk-1.8.0.201.b09-0.amzn2.x86_64/jre"/>
    <property name="sun.java.command" value="org.codehaus.plexus.classworlds.launcher.Launcher clean install"/>
    <property name="java.specification.vendor" value="Oracle Corporation"/>
    <property name="user.language" value="en"/>
    <property name="awt.toolkit" value="sun.awt.X11.XToolkit"/>
    <property name="java.vm.info" value="mixed mode"/>
    <property name="java.version" value="1.8.0_201"/>
    <property name="java.ext.dirs" value="/usr/lib/jvm/java-1.8.0-openjdk-1.8.0.201.b09-0.amzn2.x86_64/jre/lib/ext:/usr/java/packages/lib/ext"/>
    <property name="securerandom.source" value="file:/dev/./urandom"/>
    <property name="sun.boot.class.path" value="/usr/lib/jvm/java-1.8.0-openjdk-1.8.0.201.b09-0.amzn2.x86_64/jre/lib/resources.jar:/usr/lib/jvm/java-1.8.0-openjdk-1.8.0.201.b09-0.amzn2.x86_64/jre/lib/rt.jar:/usr/lib/jvm/java-1.8.0-openjdk-1.8.0.201.b09-0.amzn2.x86_64/jre/lib/sunrsasign.jar:/usr/lib/jvm/java-1.8.0-openjdk-1.8.0.201.b09-0.amzn2.x86_64/jre/lib/jsse.jar:/usr/lib/jvm/java-1.8.0-openjdk-1.8.0.201.b09-0.amzn2.x86_64/jre/lib/jce.jar:/usr/lib/jvm/java-1.8.0-openjdk-1.8.0.201.b09-0.amzn2.x86_64/jre/lib/charsets.jar:/usr/lib/jvm/java-1.8.0-openjdk-1.8.0.201.b09-0.amzn2.x86_64/jre/lib/jfr.jar:/usr/lib/jvm/java-1.8.0-openjdk-1.8.0.201.b09-0.amzn2.x86_64/jre/classes"/>
    <property name="java.vendor" value="Oracle Corporation"/>
    <property name="maven.home" value="/usr/share/apache-maven"/>
    <property name="file.separator" value="/"/>
    <property name="java.vendor.url.bug" value="http://bugreport.sun.com/bugreport/"/>
    <property name="sun.cpu.endian" value="little"/>
    <property name="sun.io.unicode.encoding" value="UnicodeLittle"/>
    <property name="sun.cpu.isalist" value=""/>
  </properties>
  <testcase name="getLocalesOfConceptNames_shouldReturnAListOfMatchingLocales" classname="org.openmrs.api.impl.ConceptServiceImplTest" time="0.007"/>
  <testcase name="purgeConceptSource_shouldPurgetTheGivenConceptSource" classname="org.openmrs.api.impl.ConceptServiceImplTest" time="0.004"/>
  <testcase name="unretireDrug_shouldNotChangeAttributesOfDrugThatIsAlreadyNotRetired" classname="org.openmrs.api.impl.ConceptServiceImplTest" time="0.01"/>
  <testcase name="getAllConceptProposals_shouldReturnAllConceptProposalsExcludingRetiredOnesWhenGivenFalse" classname="org.openmrs.api.impl.ConceptServiceImplTest" time="0.004"/>
  <testcase name="getAllDrugs_shouldReturnAllDrugsIncludingRetiredOnesIfGivenTrue" classname="org.openmrs.api.impl.ConceptServiceImplTest" time="0.005"/>
  <testcase name="getCountOfDrugs_shouldReturnTheTotalNumberOfMatchingNumbers" classname="org.openmrs.api.impl.ConceptServiceImplTest" time="0.011"/>
  <testcase name="purgeDrug_shouldPurgeTheGivenDrug" classname="org.openmrs.api.impl.ConceptServiceImplTest" time="0.006"/>
  <testcase name="getAllConceptClasses_shouldReturnAllConceptClassesExcludingRetiredOnesWhenGivenFalse" classname="org.openmrs.api.impl.ConceptServiceImplTest" time="0.004"/>
  <testcase name="getAllDrugs_shouldReturnAllDrugsExcludingRetiredOnesIfGivenFalse" classname="org.openmrs.api.impl.ConceptServiceImplTest" time="0.003"/>
  <testcase name="getDrug_shouldReturnTheMatchingDrugObject" classname="org.openmrs.api.impl.ConceptServiceImplTest" time="0.004"/>
  <testcase name="purgeConceptReferenceTerm_shouldPurgeTheGivenConceptReferenceTerm" classname="org.openmrs.api.impl.ConceptServiceImplTest" time="0.005"/>
  <testcase name="getSetsContainingConcept_shouldGiveAnEmptyListIfConceptIdIsNull" classname="org.openmrs.api.impl.ConceptServiceImplTest" time="0.004"/>
  <testcase name="purgeConceptClass_shouldDeleteTheGivenConceptClass" classname="org.openmrs.api.impl.ConceptServiceImplTest" time="0.006"/>
  <testcase name="getMaxConceptId_shouldGiveTheMaximumConceptId" classname="org.openmrs.api.impl.ConceptServiceImplTest" time="0.006"/>
  <testcase name="getAllConceptClasses_shouldReturnAListOfAllConceptClasses" classname="org.openmrs.api.impl.ConceptServiceImplTest" time="0.005"/>
  <testcase name="retireDrug_shouldRetireTheGivenDrug" classname="org.openmrs.api.impl.ConceptServiceImplTest" time="0.005"/>
  <testcase name="saveConcept_shouldReturnTheConceptWithSameConceptIDIfUpdatingExistingConcept" classname="org.openmrs.api.impl.ConceptServiceImplTest" time="0.03"/>
  <testcase name="getConceptReferenceTermByName_shouldReturnNullIfNoConceptReferenceTermIsFound" classname="org.openmrs.api.impl.ConceptServiceImplTest" time="0"/>
  <testcase name="getAllConceptSources_shouldReturnAllConceptSourcesExcludingRetiredOnesWhenGivenFalse" classname="org.openmrs.api.impl.ConceptServiceImplTest" time="0.009"/>
  <testcase name="purgeConceptProposal_shouldPurgeTheGivenConceptProposal" classname="org.openmrs.api.impl.ConceptServiceImplTest" time="0.005"/>
  <testcase name="getConcepts_shouldGiveAListOfConceptSearchResultForTheMatchingConcepts" classname="org.openmrs.api.impl.ConceptServiceImplTest" time="0.021"/>
  <testcase name="saveConcept_shouldReturnTheConceptWithNewConceptIDIfCreatingNewConcept" classname="org.openmrs.api.impl.ConceptServiceImplTest" time="0.016"/>
  <testcase name="saveConcept_shouldForceSetFlagIfSetMembersExist" classname="org.openmrs.api.impl.ConceptServiceImplTest" time="0.021"/>
  <testcase name="getSetsContainingConcept_shouldGiveAListOfConceptSetContainingTheGivenConcept" classname="org.openmrs.api.impl.ConceptServiceImplTest" time="0.015"/>
  <testcase name="findConceptAnswers_shouldReturnAListOfAllMatchingConceptSearchResults" classname="org.openmrs.api.impl.ConceptServiceImplTest" time="0.014"/>
  <testcase name="getAllConceptClasses_shouldReturnAllConceptClassesIncludingRetiredOnesWhenGivenTrue" classname="org.openmrs.api.impl.ConceptServiceImplTest" time="0.009"/>
  <testcase name="getPrevConcept_shouldReturnTheConceptPreviousToTheGivenConcept" classname="org.openmrs.api.impl.ConceptServiceImplTest" time="0.005"/>
  <testcase name="purgeConceptMapType_shouldDeleteTheSpecifiedConceptMapTypeFromTheDatabase" classname="org.openmrs.api.impl.ConceptServiceImplTest" time="0.008"/>
  <testcase name="getAllConceptNameTags_shouldReturnAListOfAllConceptNameTags" classname="org.openmrs.api.impl.ConceptServiceImplTest" time="0.01"/>
  <testcase name="saveConcept_shouldLeavePreferredNamePreferredIfSet" classname="org.openmrs.api.impl.ConceptServiceImplTest" time="0.009"/>
  <testcase name="getConceptsByAnswer_shouldReturnAnEmptyListIfConceptIdIsNull" classname="org.openmrs.api.impl.ConceptServiceImplTest" time="0.004"/>
  <testcase name="getAllConceptDatatypes_shouldGiveAListOfAllConceptDataypes" classname="org.openmrs.api.impl.ConceptServiceImplTest" time="0.008"/>
  <testcase name="saveConcept_shouldSetDefaultPreferredNameToFullySpecifiedFirst" classname="org.openmrs.api.impl.ConceptServiceImplTest" time="0.022"/>
  <testcase name="saveConcept_shouldNotSetDefaultPreferredNameToShortOrIndexTerms" classname="org.openmrs.api.impl.ConceptServiceImplTest" time="0.006"/>
  <testcase name="getDrug_shouldReturnNullIfNoMatchingDrugIsFound" classname="org.openmrs.api.impl.ConceptServiceImplTest" time="0.004"/>
  <testcase name="purgeConceptReferenceTerm_shouldFailIfGivenConceptReferenceTermIsInUse" classname="org.openmrs.api.impl.ConceptServiceImplTest" time="0.005"/>
  <testcase name="getAllConceptSources_shouldReturnAllConceptSourcesIncludingRetiredOnesWhenGivenTrue" classname="org.openmrs.api.impl.ConceptServiceImplTest" time="0.005"/>
  <testcase name="getAllConceptDatatypes_shouldReturnAllConceptDataypesExcludingRetiredOnesWhenGivenFalse" classname="org.openmrs.api.impl.ConceptServiceImplTest" time="0.004"/>
  <testcase name="saveConcept_shouldTrimWhitespacesInConceptName" classname="org.openmrs.api.impl.ConceptServiceImplTest" time="0.008"/>
  <testcase name="purgeConcept_shouldPurgeTheConceptIfNotBeingUsedByAnObs" classname="org.openmrs.api.impl.ConceptServiceImplTest" time="0.006"/>
  <testcase name="getNextConcept_shouldReturnTheConceptNextToTheGivenConcept" classname="org.openmrs.api.impl.ConceptServiceImplTest" time="0.005"/>
  <testcase name="unretireDrug_shouldMarkDrugAsNotRetired" classname="org.openmrs.api.impl.ConceptServiceImplTest" time="0.009"/>
  <testcase name="retireConcept_shouldRetireTheGivenConcept" classname="org.openmrs.api.impl.ConceptServiceImplTest" time="0.006"/>
  <testcase name="getOrderableConcepts_shouldReturnAnEmptyListIfNoConceptSearchResultIsFound" classname="org.openmrs.api.impl.ConceptServiceImplTest" time="0.013"/>
  <testcase name="retireConcept_shouldFailIfNoReasonIsGiven" classname="org.openmrs.api.impl.ConceptServiceImplTest" time="0.006"/>
  <testcase name="getConceptsWithDrugsInFormulary_shouldGiveAListOfAllMatchingConcepts" classname="org.openmrs.api.impl.ConceptServiceImplTest" time="0.009"/>
  <testcase name="saveConcept_shouldSetDefaultPreferredNameToASynonymSecond" classname="org.openmrs.api.impl.ConceptServiceImplTest" time="0.008"/>
  <testcase name="mapConceptProposalToConcept_shouldThrowAPIExceptionWhenMappingToNullConcept" classname="org.openmrs.api.impl.ConceptServiceImplTest" time="0.005"/>
  <testcase name="getAllDrugs_shouldReturnAListOfAllDrugs" classname="org.openmrs.api.impl.ConceptServiceImplTest" time="0.004"/>
  <testcase name="getAllConceptDatatypes_shouldReturnAllConceptDataypesIncludingRetiredOnesWhenGivenTrue" classname="org.openmrs.api.impl.ConceptServiceImplTest" time="0.004"/>
  <testcase name="getDrugs_shouldReturnListOfMatchingDrugs" classname="org.openmrs.api.impl.ConceptServiceImplTest" time="0.016"/>
  <testcase name="getDrugsByIngredient_shouldRaiseExceptionIfNoConceptIsGiven" classname="org.openmrs.api.impl.ConceptServiceImplTest" time="0.004"/>
  <testcase name="getSetsContainingConcept_shouldGiveAnEmptyListIfNoMatchingConceptSetIsFound" classname="org.openmrs.api.impl.ConceptServiceImplTest" time="0.003"/>
  <testcase name="getAllConceptProposals_shouldReturnAllConceptProposalsIncludingRetiredOnesWhenGivenTrue" classname="org.openmrs.api.impl.ConceptServiceImplTest" time="0.004"/>
  <testcase name="saveConceptClass_shouldSaveTheGivenConceptClass" classname="org.openmrs.api.impl.ConceptServiceImplTest" time="0.006"/>
</testsuite>