<?xml version="1.0" encoding="UTF-8"?>
<testsuite name="org.openmrs.api.VisitServiceTest" time="1.776" tests="68" errors="0" skipped="0" failures="0">
  <properties>
    <property name="java.runtime.name" value="OpenJDK Runtime Environment"/>
    <property name="sun.boot.library.path" value="/usr/lib/jvm/java-1.8.0-openjdk-1.8.0.201.b09-0.amzn2.x86_64/jre/lib/amd64"/>
    <property name="java.vm.version" value="25.201-b09"/>
    <property name="java.vm.vendor" value="Oracle Corporation"/>
    <property name="maven.multiModuleProjectDirectory" value="/home/ec2-user/3tireapp/openmrs-core"/>
    <property name="java.vendor.url" value="http://java.oracle.com/"/>
    <property name="path.separator" value=":"/>
    <property name="guice.disable.misplaced.annotation.check" value="true"/>
    <property name="java.vm.name" value="OpenJDK 64-Bit Server VM"/>
    <property name="file.encoding.pkg" value="sun.io"/>
    <property name="user.country" value="US"/>
    <property name="sun.java.launcher" value="SUN_STANDARD"/>
    <property name="sun.os.patch.level" value="unknown"/>
    <property name="java.vm.specification.name" value="Java Virtual Machine Specification"/>
    <property name="user.dir" value="/home/ec2-user/3tireapp/openmrs-core"/>
    <property name="java.runtime.version" value="1.8.0_201-b09"/>
    <property name="java.awt.graphicsenv" value="sun.awt.X11GraphicsEnvironment"/>
    <property name="java.endorsed.dirs" value="/usr/lib/jvm/java-1.8.0-openjdk-1.8.0.201.b09-0.amzn2.x86_64/jre/lib/endorsed"/>
    <property name="os.arch" value="amd64"/>
    <property name="java.io.tmpdir" value="/tmp"/>
    <property name="line.separator" value="&#10;"/>
    <property name="java.vm.specification.vendor" value="Oracle Corporation"/>
    <property name="os.name" value="Linux"/>
    <property name="classworlds.conf" value="/usr/share/apache-maven/bin/m2.conf"/>
    <property name="sun.jnu.encoding" value="UTF-8"/>
    <property name="java.library.path" value="/usr/java/packages/lib/amd64:/usr/lib64:/lib64:/lib:/usr/lib"/>
    <property name="maven.conf" value="/usr/share/apache-maven/conf"/>
    <property name="java.specification.name" value="Java Platform API Specification"/>
    <property name="java.class.version" value="52.0"/>
    <property name="sun.management.compiler" value="HotSpot 64-Bit Tiered Compilers"/>
    <property name="os.version" value="4.14.88-88.76.amzn2.x86_64"/>
    <property name="library.jansi.path" value="/usr/share/apache-maven/lib/jansi-native"/>
    <property name="user.home" value="/root"/>
    <property name="user.timezone" value="UTC"/>
    <property name="java.awt.printerjob" value="sun.print.PSPrinterJob"/>
    <property name="java.specification.version" value="1.8"/>
    <property name="file.encoding" value="UTF-8"/>
    <property name="user.name" value="root"/>
    <property name="java.class.path" value="/usr/share/apache-maven/boot/plexus-classworlds-2.5.2.jar"/>
    <property name="java.vm.specification.version" value="1.8"/>
    <property name="sun.arch.data.model" value="64"/>
    <property name="java.home" value="/usr/lib/jvm/java-1.8.0-openjdk-1.8.0.201.b09-0.amzn2.x86_64/jre"/>
    <property name="sun.java.command" value="org.codehaus.plexus.classworlds.launcher.Launcher clean install"/>
    <property name="java.specification.vendor" value="Oracle Corporation"/>
    <property name="user.language" value="en"/>
    <property name="awt.toolkit" value="sun.awt.X11.XToolkit"/>
    <property name="java.vm.info" value="mixed mode"/>
    <property name="java.version" value="1.8.0_201"/>
    <property name="java.ext.dirs" value="/usr/lib/jvm/java-1.8.0-openjdk-1.8.0.201.b09-0.amzn2.x86_64/jre/lib/ext:/usr/java/packages/lib/ext"/>
    <property name="securerandom.source" value="file:/dev/./urandom"/>
    <property name="sun.boot.class.path" value="/usr/lib/jvm/java-1.8.0-openjdk-1.8.0.201.b09-0.amzn2.x86_64/jre/lib/resources.jar:/usr/lib/jvm/java-1.8.0-openjdk-1.8.0.201.b09-0.amzn2.x86_64/jre/lib/rt.jar:/usr/lib/jvm/java-1.8.0-openjdk-1.8.0.201.b09-0.amzn2.x86_64/jre/lib/sunrsasign.jar:/usr/lib/jvm/java-1.8.0-openjdk-1.8.0.201.b09-0.amzn2.x86_64/jre/lib/jsse.jar:/usr/lib/jvm/java-1.8.0-openjdk-1.8.0.201.b09-0.amzn2.x86_64/jre/lib/jce.jar:/usr/lib/jvm/java-1.8.0-openjdk-1.8.0.201.b09-0.amzn2.x86_64/jre/lib/charsets.jar:/usr/lib/jvm/java-1.8.0-openjdk-1.8.0.201.b09-0.amzn2.x86_64/jre/lib/jfr.jar:/usr/lib/jvm/java-1.8.0-openjdk-1.8.0.201.b09-0.amzn2.x86_64/jre/classes"/>
    <property name="java.vendor" value="Oracle Corporation"/>
    <property name="maven.home" value="/usr/share/apache-maven"/>
    <property name="file.separator" value="/"/>
    <property name="java.vendor.url.bug" value="http://bugreport.sun.com/bugreport/"/>
    <property name="sun.cpu.endian" value="little"/>
    <property name="sun.io.unicode.encoding" value="UnicodeLittle"/>
    <property name="sun.cpu.isalist" value=""/>
  </properties>
  <testcase name="saveVisitType_shouldSaveNewVisitType" classname="org.openmrs.api.VisitServiceTest" time="0.01"/>
  <testcase name="getActiveVisitsByPatient_shouldReturnAllActiveVisitsForTheSpecifiedPatient" classname="org.openmrs.api.VisitServiceTest" time="0.119"/>
  <testcase name="purgeVisit_shouldReturnWithoutVoidingIfVisitIsUnsaved" classname="org.openmrs.api.VisitServiceTest" time="0.013"/>
  <testcase name="unretireVisitAttributeType_shouldUnretireARetiredVisitAttributeType" classname="org.openmrs.api.VisitServiceTest" time="0.03"/>
  <testcase name="getVisitTypeByUuid_shouldReturnNullIfVisitTypeIsNotFound" classname="org.openmrs.api.VisitServiceTest" time="0.006"/>
  <testcase name="getVisitType_shouldReturnNullIfVisitTypeIsNotFound" classname="org.openmrs.api.VisitServiceTest" time="0.004"/>
  <testcase name="saveVisit_shouldAssociateEncounterWithVisitOnSaveEncounter" classname="org.openmrs.api.VisitServiceTest" time="0.016"/>
  <testcase name="getAllVisitTypes_shouldGetAllVisitTypes" classname="org.openmrs.api.VisitServiceTest" time="0.005"/>
  <testcase name="getVisits_shouldGetVisitsEndedBetweenTheGivenEndDates" classname="org.openmrs.api.VisitServiceTest" time="0.113"/>
  <testcase name="saveVisitAttributeType_shouldEditAnExistingVisitAttributeType" classname="org.openmrs.api.VisitServiceTest" time="0.026"/>
  <testcase name="getVisits_shouldGetVisitsThatAreStillOpenEvenIfMinStartDatetimeIsSpecified" classname="org.openmrs.api.VisitServiceTest" time="0.01"/>
  <testcase name="getVisitAttributeByUuid_shouldReturnNullIfNoVisitAttributeHasTheGivenUuid" classname="org.openmrs.api.VisitServiceTest" time="0.024"/>
  <testcase name="saveVisitAttributeType_shouldCreateANewVisitAttributeType" classname="org.openmrs.api.VisitServiceTest" time="0.025"/>
  <testcase name="unvoidVisit_shouldUnvoidEncountersVoidedWithVisit" classname="org.openmrs.api.VisitServiceTest" time="0.137"/>
  <testcase name="endVisit_shouldSetStopDateTimeAsCurrentDateIfStopDateIsNull" classname="org.openmrs.api.VisitServiceTest" time="0.013"/>
  <testcase name="getVisitsByPatient_shouldReturnEmptyListGivenNull" classname="org.openmrs.api.VisitServiceTest" time="0.005"/>
  <testcase name="saveVisit_shouldFailIfValidationErrorsAreFound" classname="org.openmrs.api.VisitServiceTest" time="0.005"/>
  <testcase name="retireVisitType_shouldRetireGivenVisitType" classname="org.openmrs.api.VisitServiceTest" time="0.005"/>
  <testcase name="saveVisit_shouldSaveNewVisitWithEncountersSuccessfully" classname="org.openmrs.api.VisitServiceTest" time="0.024"/>
  <testcase name="getVisits_shouldGetVisitsStartedBetweenTheGivenStartDates" classname="org.openmrs.api.VisitServiceTest" time="0.172"/>
  <testcase name="getVisitsByPatient_shouldReturnEmptyListGivenPatientWithNullPatientId" classname="org.openmrs.api.VisitServiceTest" time="0.005"/>
  <testcase name="getVisits_shouldGetVisitsByVisitType" classname="org.openmrs.api.VisitServiceTest" time="0.009"/>
  <testcase name="purgeVisit_shouldEraseTheVisitFromTheDatabase" classname="org.openmrs.api.VisitServiceTest" time="0.015"/>
  <testcase name="getVisits_shouldGetVisitsByIndications" classname="org.openmrs.api.VisitServiceTest" time="0.009"/>
  <testcase name="getVisitsByPatient_shouldReturnAllUnvoidedVisitsForTheSpecifiedPatient" classname="org.openmrs.api.VisitServiceTest" time="0.008"/>
  <testcase name="getAllVisitTypes_shouldGetAllVisitTypesBasedOnIncludeRetiredFlag" classname="org.openmrs.api.VisitServiceTest" time="0.005"/>
  <testcase name="saveVisit_shouldUpdateAnExistingVisitInTheDatabase" classname="org.openmrs.api.VisitServiceTest" time="0.013"/>
  <testcase name="getVisitType_shouldGetCorrectVisitType" classname="org.openmrs.api.VisitServiceTest" time="0.004"/>
  <testcase name="endVisit_shouldFailIfValidationErrorsAreFound" classname="org.openmrs.api.VisitServiceTest" time="0.011"/>
  <testcase name="retireVisitAttributeType_shouldRetireAVisitAttributeType" classname="org.openmrs.api.VisitServiceTest" time="0.022"/>
  <testcase name="unretireVisitType_shouldUnretireGivenVisitType" classname="org.openmrs.api.VisitServiceTest" time="0.006"/>
  <testcase name="getVisitTypes_shouldGetCorrentVisitTypes" classname="org.openmrs.api.VisitServiceTest" time="0.005"/>
  <testcase name="getActiveVisitsByPatient_shouldReturnAllUnvoidedVisitsForTheSpecifiedPatient" classname="org.openmrs.api.VisitServiceTest" time="0.107"/>
  <testcase name="getActiveVisitsByPatient_shouldReturnAllUnvoidedActiveVisitsForTheSpecifiedPatient" classname="org.openmrs.api.VisitServiceTest" time="0.109"/>
  <testcase name="getVisits_shouldReturnAllVisitsIfIncludeVoidedIsSetToTrue" classname="org.openmrs.api.VisitServiceTest" time="0.009"/>
  <testcase name="getVisits_shouldGetAllVisitsWithGivenAttributeValues" classname="org.openmrs.api.VisitServiceTest" time="0.028"/>
  <testcase name="stopVisits_shouldCloseAllUnvoidedActiveVisitMatchingTheSpecifiedVisitTypes" classname="org.openmrs.api.VisitServiceTest" time="0.054"/>
  <testcase name="getVisitAttributeByUuid_shouldGetTheVisitAttributeWithTheGivenUuid" classname="org.openmrs.api.VisitServiceTest" time="0.025"/>
  <testcase name="getAllVisitAttributeTypes_shouldReturnAllVisitAttributeTypesIncludingRetiredOnes" classname="org.openmrs.api.VisitServiceTest" time="0.025"/>
  <testcase name="saveVisit_shouldSaveAVisitThoughChangedByAndDateCreatedAreNotSetForVisitAttributeExplictly" classname="org.openmrs.api.VisitServiceTest" time="0.03"/>
  <testcase name="saveVisit_shouldBeAbleToAddAnAttributeToAVisit" classname="org.openmrs.api.VisitServiceTest" time="0.014"/>
  <testcase name="getVisits_shouldGetVisitsByLocations" classname="org.openmrs.api.VisitServiceTest" time="0.009"/>
  <testcase name="endVisit_shouldNotFailIfNoValidationErrorsAreFound" classname="org.openmrs.api.VisitServiceTest" time="0.013"/>
  <testcase name="getVisitTypes_shouldReturnAnEmptyListIfNoVisitTypesAreFound" classname="org.openmrs.api.VisitServiceTest" time="0.004"/>
  <testcase name="saveVisit_shouldPassIfNoValidationErrorsAreFound" classname="org.openmrs.api.VisitServiceTest" time="0.008"/>
  <testcase name="voidVisit_shouldVoidEncountersWithVisit" classname="org.openmrs.api.VisitServiceTest" time="0.124"/>
  <testcase name="saveVisit_shouldAddANewVisitToTheDatabase" classname="org.openmrs.api.VisitServiceTest" time="0.012"/>
  <testcase name="shouldVoidASimpleAttribute" classname="org.openmrs.api.VisitServiceTest" time="0.031"/>
  <testcase name="getVisitAttributeType_shouldReturnNullIfNoVisitAttributeTypeExistsWithTheGivenId" classname="org.openmrs.api.VisitServiceTest" time="0.024"/>
  <testcase name="getVisitTypeByUuid_shouldGetCorrentVisitType" classname="org.openmrs.api.VisitServiceTest" time="0.005"/>
  <testcase name="purgeVisit_shouldFailIfTheVisitHasEncountersAssociatedToIt" classname="org.openmrs.api.VisitServiceTest" time="0.026"/>
  <testcase name="getVisitAttributeTypeByUuid_shouldReturnNullIfNoVisitAttributeTypeExistsWithTheGivenUuid" classname="org.openmrs.api.VisitServiceTest" time="0.023"/>
  <testcase name="saveVisit_shouldNotPersistNewEncounter" classname="org.openmrs.api.VisitServiceTest" time="0.028"/>
  <testcase name="unvoidVisit_shouldUnvoidTheVisitAndUnsetAllTheVoidRelatedFields" classname="org.openmrs.api.VisitServiceTest" time="0.016"/>
  <testcase name="purgeVisitAttributeType_shouldCompletelyRemoveAVisitAttributeType" classname="org.openmrs.api.VisitServiceTest" time="0.023"/>
  <testcase name="getAllVisits_shouldReturnAllUnvoidedVisits" classname="org.openmrs.api.VisitServiceTest" time="0.008"/>
  <testcase name="saveVisitType_shouldThrowErrorWhenNameIsNull" classname="org.openmrs.api.VisitServiceTest" time="0.004"/>
  <testcase name="getVisitsByPatient_shouldReturnEmptyListGivenPatientWithNullPatientIdAndFalse" classname="org.openmrs.api.VisitServiceTest" time="0.004"/>
  <testcase name="voidVisit_shouldVoidTheVisitAndSetTheVoidReason" classname="org.openmrs.api.VisitServiceTest" time="0.01"/>
  <testcase name="getVisitAttributeType_shouldReturnTheVisitAttributeTypeWithTheGivenId" classname="org.openmrs.api.VisitServiceTest" time="0.022"/>
  <testcase name="saveVisit_shouldVoidAnAttributeIfMaxOccursIs1AndSameAttributeTypeAlreadyExists" classname="org.openmrs.api.VisitServiceTest" time="0.025"/>
  <testcase name="saveVisitType_shouldSaveEditedVisitType" classname="org.openmrs.api.VisitServiceTest" time="0.006"/>
  <testcase name="getVisits_shouldNotFindAnyVisitsIfNoneHaveGivenAttributeValues" classname="org.openmrs.api.VisitServiceTest" time="0.028"/>
  <testcase name="getVisitAttributeTypeByUuid_shouldReturnTheVisitAttributeTypeWithTheGivenUuid" classname="org.openmrs.api.VisitServiceTest" time="0.023"/>
  <testcase name="getVisitByUuid_shouldReturnAVisitMatchingTheSpecifiedUuid" classname="org.openmrs.api.VisitServiceTest" time="0.012"/>
  <testcase name="purgeVisitType_shouldDeleteGivenVisitType" classname="org.openmrs.api.VisitServiceTest" time="0.005"/>
  <testcase name="saveVisitType_shouldThrowErrorWhenNameIsEmptyString" classname="org.openmrs.api.VisitServiceTest" time="0.004"/>
  <testcase name="getVisitsByPatient_shouldReturnEmptyListGivenNullAndFalse" classname="org.openmrs.api.VisitServiceTest" time="0.004"/>
</testsuite>