<?xml version="1.0" encoding="UTF-8"?>
<testsuite name="org.openmrs.module.ModuleFileParserUnitTest" time="0.599" tests="73" errors="0" skipped="0" failures="0">
  <properties>
    <property name="java.runtime.name" value="OpenJDK Runtime Environment"/>
    <property name="sun.boot.library.path" value="/usr/lib/jvm/java-1.8.0-openjdk-1.8.0.201.b09-0.amzn2.x86_64/jre/lib/amd64"/>
    <property name="java.vm.version" value="25.201-b09"/>
    <property name="java.vm.vendor" value="Oracle Corporation"/>
    <property name="maven.multiModuleProjectDirectory" value="/home/ec2-user/3tireapp/openmrs-core"/>
    <property name="java.vendor.url" value="http://java.oracle.com/"/>
    <property name="path.separator" value=":"/>
    <property name="guice.disable.misplaced.annotation.check" value="true"/>
    <property name="java.vm.name" value="OpenJDK 64-Bit Server VM"/>
    <property name="file.encoding.pkg" value="sun.io"/>
    <property name="user.country" value="US"/>
    <property name="sun.java.launcher" value="SUN_STANDARD"/>
    <property name="sun.os.patch.level" value="unknown"/>
    <property name="java.vm.specification.name" value="Java Virtual Machine Specification"/>
    <property name="user.dir" value="/home/ec2-user/3tireapp/openmrs-core"/>
    <property name="java.runtime.version" value="1.8.0_201-b09"/>
    <property name="java.awt.graphicsenv" value="sun.awt.X11GraphicsEnvironment"/>
    <property name="java.endorsed.dirs" value="/usr/lib/jvm/java-1.8.0-openjdk-1.8.0.201.b09-0.amzn2.x86_64/jre/lib/endorsed"/>
    <property name="os.arch" value="amd64"/>
    <property name="java.io.tmpdir" value="/tmp"/>
    <property name="line.separator" value="&#10;"/>
    <property name="java.vm.specification.vendor" value="Oracle Corporation"/>
    <property name="os.name" value="Linux"/>
    <property name="classworlds.conf" value="/usr/share/apache-maven/bin/m2.conf"/>
    <property name="sun.jnu.encoding" value="UTF-8"/>
    <property name="java.library.path" value="/usr/java/packages/lib/amd64:/usr/lib64:/lib64:/lib:/usr/lib"/>
    <property name="maven.conf" value="/usr/share/apache-maven/conf"/>
    <property name="java.specification.name" value="Java Platform API Specification"/>
    <property name="java.class.version" value="52.0"/>
    <property name="sun.management.compiler" value="HotSpot 64-Bit Tiered Compilers"/>
    <property name="os.version" value="4.14.88-88.76.amzn2.x86_64"/>
    <property name="library.jansi.path" value="/usr/share/apache-maven/lib/jansi-native"/>
    <property name="user.home" value="/root"/>
    <property name="user.timezone" value="UTC"/>
    <property name="java.awt.printerjob" value="sun.print.PSPrinterJob"/>
    <property name="java.specification.version" value="1.8"/>
    <property name="file.encoding" value="UTF-8"/>
    <property name="user.name" value="root"/>
    <property name="java.class.path" value="/usr/share/apache-maven/boot/plexus-classworlds-2.5.2.jar"/>
    <property name="java.vm.specification.version" value="1.8"/>
    <property name="sun.arch.data.model" value="64"/>
    <property name="java.home" value="/usr/lib/jvm/java-1.8.0-openjdk-1.8.0.201.b09-0.amzn2.x86_64/jre"/>
    <property name="sun.java.command" value="org.codehaus.plexus.classworlds.launcher.Launcher clean install"/>
    <property name="java.specification.vendor" value="Oracle Corporation"/>
    <property name="user.language" value="en"/>
    <property name="awt.toolkit" value="sun.awt.X11.XToolkit"/>
    <property name="java.vm.info" value="mixed mode"/>
    <property name="java.version" value="1.8.0_201"/>
    <property name="java.ext.dirs" value="/usr/lib/jvm/java-1.8.0-openjdk-1.8.0.201.b09-0.amzn2.x86_64/jre/lib/ext:/usr/java/packages/lib/ext"/>
    <property name="securerandom.source" value="file:/dev/./urandom"/>
    <property name="sun.boot.class.path" value="/usr/lib/jvm/java-1.8.0-openjdk-1.8.0.201.b09-0.amzn2.x86_64/jre/lib/resources.jar:/usr/lib/jvm/java-1.8.0-openjdk-1.8.0.201.b09-0.amzn2.x86_64/jre/lib/rt.jar:/usr/lib/jvm/java-1.8.0-openjdk-1.8.0.201.b09-0.amzn2.x86_64/jre/lib/sunrsasign.jar:/usr/lib/jvm/java-1.8.0-openjdk-1.8.0.201.b09-0.amzn2.x86_64/jre/lib/jsse.jar:/usr/lib/jvm/java-1.8.0-openjdk-1.8.0.201.b09-0.amzn2.x86_64/jre/lib/jce.jar:/usr/lib/jvm/java-1.8.0-openjdk-1.8.0.201.b09-0.amzn2.x86_64/jre/lib/charsets.jar:/usr/lib/jvm/java-1.8.0-openjdk-1.8.0.201.b09-0.amzn2.x86_64/jre/lib/jfr.jar:/usr/lib/jvm/java-1.8.0-openjdk-1.8.0.201.b09-0.amzn2.x86_64/jre/classes"/>
    <property name="java.vendor" value="Oracle Corporation"/>
    <property name="maven.home" value="/usr/share/apache-maven"/>
    <property name="file.separator" value="/"/>
    <property name="java.vendor.url.bug" value="http://bugreport.sun.com/bugreport/"/>
    <property name="sun.cpu.endian" value="little"/>
    <property name="sun.io.unicode.encoding" value="UnicodeLittle"/>
    <property name="sun.cpu.isalist" value=""/>
  </properties>
  <testcase name="parse_shouldParseAwareOfModulesContainingDuplicatesAndKeepOnlyOneModule" classname="org.openmrs.module.ModuleFileParserUnitTest" time="0.012"/>
  <testcase name="parse_shouldIgnoreAdviceWithoutChildren" classname="org.openmrs.module.ModuleFileParserUnitTest" time="0.014"/>
  <testcase name="parse_shouldParsePrivilegeContainingElementsOtherThanNameAndDescription" classname="org.openmrs.module.ModuleFileParserUnitTest" time="0.009"/>
  <testcase name="parse_shouldParseMandatoryAfterSpecificConfigVersion" classname="org.openmrs.module.ModuleFileParserUnitTest" time="0.008"/>
  <testcase name="parse_shouldIgnoreExtensionWithExtensionIdSeparatorInPoint" classname="org.openmrs.module.ModuleFileParserUnitTest" time="0.009"/>
  <testcase name="parse_shouldFailIfModuleHasConfigWithEmptyModuleId" classname="org.openmrs.module.ModuleFileParserUnitTest" time="0.01"/>
  <testcase name="parse_shouldIgnoreGlobalPropertyWithDatatypeClassThatIsNotSubclassingCustomDatatype" classname="org.openmrs.module.ModuleFileParserUnitTest" time="0.007"/>
  <testcase name="parse_shouldParseRequireModulesContainingDuplicatesAndKeepOnlyTheLastOneRegardlessOfVersions" classname="org.openmrs.module.ModuleFileParserUnitTest" time="0.007"/>
  <testcase name="parse_shouldFailIfModuleHasConfigWithNoModuleName" classname="org.openmrs.module.ModuleFileParserUnitTest" time="0.008"/>
  <testcase name="moduleFileParserConstruction_shouldFailIfGivenNull" classname="org.openmrs.module.ModuleFileParserUnitTest" time="0.009"/>
  <testcase name="parse_shouldIgnoreAdviceOnlyContainingText" classname="org.openmrs.module.ModuleFileParserUnitTest" time="0.008"/>
  <testcase name="parse_shouldParseGlobalPropertyWithoutDescriptionElement" classname="org.openmrs.module.ModuleFileParserUnitTest" time="0.007"/>
  <testcase name="parse_shouldIgnoreExtensionWithoutClass" classname="org.openmrs.module.ModuleFileParserUnitTest" time="0.01"/>
  <testcase name="parse_shouldIgnoreExtensionWithoutPoint" classname="org.openmrs.module.ModuleFileParserUnitTest" time="0.008"/>
  <testcase name="parse_shouldParseRequireModulesContainingModuleWithoutVersionAttribute" classname="org.openmrs.module.ModuleFileParserUnitTest" time="0.007"/>
  <testcase name="parse_shouldIgnoreExtensionWithoutPointAndClass" classname="org.openmrs.module.ModuleFileParserUnitTest" time="0.009"/>
  <testcase name="parse_shouldParseConditionalResources" classname="org.openmrs.module.ModuleFileParserUnitTest" time="0.014"/>
  <testcase name="parse_shouldIgnoreGlobalPropertyWithoutChildren" classname="org.openmrs.module.ModuleFileParserUnitTest" time="0.01"/>
  <testcase name="parse_shouldParseGlobalPropertyContainingElementsNotIncludedInGlobalProperty" classname="org.openmrs.module.ModuleFileParserUnitTest" time="0.011"/>
  <testcase name="parse_shouldFailIfModuleHasConfigWithNoModuleId" classname="org.openmrs.module.ModuleFileParserUnitTest" time="0.007"/>
  <testcase name="parse_shouldIgnoreAdviceWithoutClass" classname="org.openmrs.module.ModuleFileParserUnitTest" time="0.009"/>
  <testcase name="parse_shouldIgnoreAdviceWithoutPoint" classname="org.openmrs.module.ModuleFileParserUnitTest" time="0.008"/>
  <testcase name="parse_shouldIgnorePrivilegeWithoutChildren" classname="org.openmrs.module.ModuleFileParserUnitTest" time="0.012"/>
  <testcase name="parse_shouldFailIfModuleFileCannotBeFound" classname="org.openmrs.module.ModuleFileParserUnitTest" time="0.008"/>
  <testcase name="parse_shouldParseConditionalResourcesEvenIfPathAndVersionAreMissing" classname="org.openmrs.module.ModuleFileParserUnitTest" time="0.007"/>
  <testcase name="parse_shouldFailIfModuleHasConfigWithNoPackageName" classname="org.openmrs.module.ModuleFileParserUnitTest" time="0.007"/>
  <testcase name="parse_shouldParseValidXmlConfigAndEmptyRequireModules" classname="org.openmrs.module.ModuleFileParserUnitTest" time="0.008"/>
  <testcase name="parse_shouldFailIfModuleHasConfigXmlInRootWhichCannotBeParsedBecauseOfInvalidXml" classname="org.openmrs.module.ModuleFileParserUnitTest" time="0.01"/>
  <testcase name="parse_shouldParseValidXmlAndIgnoreExternalEntitiesLikeDtd" classname="org.openmrs.module.ModuleFileParserUnitTest" time="0.01"/>
  <testcase name="parse_shouldFailIfConditionalResourcePathIsBlank" classname="org.openmrs.module.ModuleFileParserUnitTest" time="0.008"/>
  <testcase name="parse_shouldParseValidXmlConfig" classname="org.openmrs.module.ModuleFileParserUnitTest" time="0.011"/>
  <testcase name="parse_shouldIgnorePrivilegeWithoutName" classname="org.openmrs.module.ModuleFileParserUnitTest" time="0.007"/>
  <testcase name="parse_shouldParseGlobalPropertyAndTrimWhitespacesFromDescription" classname="org.openmrs.module.ModuleFileParserUnitTest" time="0.012"/>
  <testcase name="parse_shouldParseConditionalResourcesEvenIfPathIsMissing" classname="org.openmrs.module.ModuleFileParserUnitTest" time="0.013"/>
  <testcase name="parse_shouldParseMappingFiles" classname="org.openmrs.module.ModuleFileParserUnitTest" time="0.008"/>
  <testcase name="parse_shouldParseAdvice" classname="org.openmrs.module.ModuleFileParserUnitTest" time="0.008"/>
  <testcase name="parse_shouldIgnoreGlobalPropertyOnlyContainingText" classname="org.openmrs.module.ModuleFileParserUnitTest" time="0.007"/>
  <testcase name="parseFromInputstream_shouldParseValidXmlConfig" classname="org.openmrs.module.ModuleFileParserUnitTest" time="0.01"/>
  <testcase name="parse_shouldParseAwareOfModulesWithoutChildren" classname="org.openmrs.module.ModuleFileParserUnitTest" time="0.01"/>
  <testcase name="deprecatedParse_shouldFailIfParserWasCreatedWithNewConstructorAndModuleFileIsNull" classname="org.openmrs.module.ModuleFileParserUnitTest" time="0.005"/>
  <testcase name="parse_shouldParseAwareOfModulesOnlyContainingText" classname="org.openmrs.module.ModuleFileParserUnitTest" time="0.006"/>
  <testcase name="parse_shouldIgnorePackagesWithMappedClassesOnlyContainingWhitespaces" classname="org.openmrs.module.ModuleFileParserUnitTest" time="0.006"/>
  <testcase name="parse_shouldParseRequireModulesContainingMultipleChildren" classname="org.openmrs.module.ModuleFileParserUnitTest" time="0.008"/>
  <testcase name="parse_shouldParseExtensions" classname="org.openmrs.module.ModuleFileParserUnitTest" time="0.014"/>
  <testcase name="parse_shouldFailIfModuleHasNoConfigXmlInRoot" classname="org.openmrs.module.ModuleFileParserUnitTest" time="0.005"/>
  <testcase name="parse_shouldFailIfModuleHasConfigWithEmptyModuleName" classname="org.openmrs.module.ModuleFileParserUnitTest" time="0.007"/>
  <testcase name="parse_shouldParsePrivileges" classname="org.openmrs.module.ModuleFileParserUnitTest" time="0.009"/>
  <testcase name="parse_shouldIgnorePrivilegeOnlyContainingText" classname="org.openmrs.module.ModuleFileParserUnitTest" time="0.006"/>
  <testcase name="parse_shouldIgnoreMandatoryBeforeSpecificConfigVersion" classname="org.openmrs.module.ModuleFileParserUnitTest" time="0.008"/>
  <testcase name="parse_shouldIgnoreGlobalPropertyWithEmptyProperty" classname="org.openmrs.module.ModuleFileParserUnitTest" time="0.006"/>
  <testcase name="parse_shouldFailIfModuleFileHasInvalidExtension" classname="org.openmrs.module.ModuleFileParserUnitTest" time="0.006"/>
  <testcase name="parse_shouldParseRequireModulesByTakingTheFirstRequireModulesIfMultipleExist" classname="org.openmrs.module.ModuleFileParserUnitTest" time="0.007"/>
  <testcase name="parse_shouldParseConditionalResourcesWithWhitespace" classname="org.openmrs.module.ModuleFileParserUnitTest" time="0.007"/>
  <testcase name="parse_shouldIgnoreEmptyMandatory" classname="org.openmrs.module.ModuleFileParserUnitTest" time="0.007"/>
  <testcase name="parse_shouldFailIfMultipleConditionalResourcesTagsFound" classname="org.openmrs.module.ModuleFileParserUnitTest" time="0.007"/>
  <testcase name="parseInputStream_shouldFailFileIfInputStreamClosed" classname="org.openmrs.module.ModuleFileParserUnitTest" time="0.006"/>
  <testcase name="parse_shouldFailIfModuleHasConfigWithEmptyPackageName" classname="org.openmrs.module.ModuleFileParserUnitTest" time="0.007"/>
  <testcase name="parse_shouldParseMandatoryAtSpecificConfigVersion" classname="org.openmrs.module.ModuleFileParserUnitTest" time="0.007"/>
  <testcase name="parse_shouldParseMandatoryAndSetToFalse" classname="org.openmrs.module.ModuleFileParserUnitTest" time="0.006"/>
  <testcase name="parse_shouldParsePackagesWithMappedClasses" classname="org.openmrs.module.ModuleFileParserUnitTest" time="0.006"/>
  <testcase name="parse_shouldFailIfModuleHasConfigXmlInRootWhichCannotBeParsed" classname="org.openmrs.module.ModuleFileParserUnitTest" time="0.006"/>
  <testcase name="parse_shouldIgnoreGlobalPropertyWithDatatypeClassThatIsNotFound" classname="org.openmrs.module.ModuleFileParserUnitTest" time="0.008"/>
  <testcase name="parse_shouldFailIfModuleFileIsNull" classname="org.openmrs.module.ModuleFileParserUnitTest" time="0.009"/>
  <testcase name="parse_shouldParseAdviceContainingElementsOtherThanPointAndClass" classname="org.openmrs.module.ModuleFileParserUnitTest" time="0.008"/>
  <testcase name="parse_shouldIgnoreGlobalPropertyWithoutPropertyElement" classname="org.openmrs.module.ModuleFileParserUnitTest" time="0.012"/>
  <testcase name="parse_shouldIgnoreMappingFilesOnlyContainingWhitespaces" classname="org.openmrs.module.ModuleFileParserUnitTest" time="0.007"/>
  <testcase name="parse_shouldParseGlobalProperty" classname="org.openmrs.module.ModuleFileParserUnitTest" time="0.006"/>
  <testcase name="parse_shouldParseRequireModulesContainingModuleWithEmptyVersionAttribute" classname="org.openmrs.module.ModuleFileParserUnitTest" time="0.006"/>
  <testcase name="parse_shouldParseConditionalResourcesEvenIfVersionIsMissing" classname="org.openmrs.module.ModuleFileParserUnitTest" time="0.007"/>
  <testcase name="parse_shouldFailIfConditionalResourcesContainInvalidTags" classname="org.openmrs.module.ModuleFileParserUnitTest" time="0.006"/>
  <testcase name="parse_shouldParseAwareOfModulesContainingMultipleChildren" classname="org.openmrs.module.ModuleFileParserUnitTest" time="0.008"/>
  <testcase name="parse_shouldIgnorePrivilegeWithoutDescription" classname="org.openmrs.module.ModuleFileParserUnitTest" time="0.006"/>
  <testcase name="parse_shouldIgnoreExtensionOnlyContainingText" classname="org.openmrs.module.ModuleFileParserUnitTest" time="0.007"/>
</testsuite>