<?xml version="1.0" encoding="UTF-8"?>
<testsuite name="org.openmrs.validator.PersonNameValidatorTest" time="0.822" tests="59" errors="0" skipped="8" failures="0">
  <properties>
    <property name="java.runtime.name" value="OpenJDK Runtime Environment"/>
    <property name="sun.boot.library.path" value="/usr/lib/jvm/java-1.8.0-openjdk-1.8.0.201.b09-0.amzn2.x86_64/jre/lib/amd64"/>
    <property name="java.vm.version" value="25.201-b09"/>
    <property name="java.vm.vendor" value="Oracle Corporation"/>
    <property name="maven.multiModuleProjectDirectory" value="/home/ec2-user/3tireapp/openmrs-core"/>
    <property name="java.vendor.url" value="http://java.oracle.com/"/>
    <property name="path.separator" value=":"/>
    <property name="guice.disable.misplaced.annotation.check" value="true"/>
    <property name="java.vm.name" value="OpenJDK 64-Bit Server VM"/>
    <property name="file.encoding.pkg" value="sun.io"/>
    <property name="user.country" value="US"/>
    <property name="sun.java.launcher" value="SUN_STANDARD"/>
    <property name="sun.os.patch.level" value="unknown"/>
    <property name="java.vm.specification.name" value="Java Virtual Machine Specification"/>
    <property name="user.dir" value="/home/ec2-user/3tireapp/openmrs-core"/>
    <property name="java.runtime.version" value="1.8.0_201-b09"/>
    <property name="java.awt.graphicsenv" value="sun.awt.X11GraphicsEnvironment"/>
    <property name="java.endorsed.dirs" value="/usr/lib/jvm/java-1.8.0-openjdk-1.8.0.201.b09-0.amzn2.x86_64/jre/lib/endorsed"/>
    <property name="os.arch" value="amd64"/>
    <property name="java.io.tmpdir" value="/tmp"/>
    <property name="line.separator" value="&#10;"/>
    <property name="java.vm.specification.vendor" value="Oracle Corporation"/>
    <property name="os.name" value="Linux"/>
    <property name="classworlds.conf" value="/usr/share/apache-maven/bin/m2.conf"/>
    <property name="sun.jnu.encoding" value="UTF-8"/>
    <property name="java.library.path" value="/usr/java/packages/lib/amd64:/usr/lib64:/lib64:/lib:/usr/lib"/>
    <property name="maven.conf" value="/usr/share/apache-maven/conf"/>
    <property name="java.specification.name" value="Java Platform API Specification"/>
    <property name="java.class.version" value="52.0"/>
    <property name="sun.management.compiler" value="HotSpot 64-Bit Tiered Compilers"/>
    <property name="os.version" value="4.14.88-88.76.amzn2.x86_64"/>
    <property name="library.jansi.path" value="/usr/share/apache-maven/lib/jansi-native"/>
    <property name="user.home" value="/root"/>
    <property name="user.timezone" value="UTC"/>
    <property name="java.awt.printerjob" value="sun.print.PSPrinterJob"/>
    <property name="java.specification.version" value="1.8"/>
    <property name="file.encoding" value="UTF-8"/>
    <property name="user.name" value="root"/>
    <property name="java.class.path" value="/usr/share/apache-maven/boot/plexus-classworlds-2.5.2.jar"/>
    <property name="java.vm.specification.version" value="1.8"/>
    <property name="sun.arch.data.model" value="64"/>
    <property name="java.home" value="/usr/lib/jvm/java-1.8.0-openjdk-1.8.0.201.b09-0.amzn2.x86_64/jre"/>
    <property name="sun.java.command" value="org.codehaus.plexus.classworlds.launcher.Launcher clean install"/>
    <property name="java.specification.vendor" value="Oracle Corporation"/>
    <property name="user.language" value="en"/>
    <property name="awt.toolkit" value="sun.awt.X11.XToolkit"/>
    <property name="java.vm.info" value="mixed mode"/>
    <property name="java.version" value="1.8.0_201"/>
    <property name="java.ext.dirs" value="/usr/lib/jvm/java-1.8.0-openjdk-1.8.0.201.b09-0.amzn2.x86_64/jre/lib/ext:/usr/java/packages/lib/ext"/>
    <property name="securerandom.source" value="file:/dev/./urandom"/>
    <property name="sun.boot.class.path" value="/usr/lib/jvm/java-1.8.0-openjdk-1.8.0.201.b09-0.amzn2.x86_64/jre/lib/resources.jar:/usr/lib/jvm/java-1.8.0-openjdk-1.8.0.201.b09-0.amzn2.x86_64/jre/lib/rt.jar:/usr/lib/jvm/java-1.8.0-openjdk-1.8.0.201.b09-0.amzn2.x86_64/jre/lib/sunrsasign.jar:/usr/lib/jvm/java-1.8.0-openjdk-1.8.0.201.b09-0.amzn2.x86_64/jre/lib/jsse.jar:/usr/lib/jvm/java-1.8.0-openjdk-1.8.0.201.b09-0.amzn2.x86_64/jre/lib/jce.jar:/usr/lib/jvm/java-1.8.0-openjdk-1.8.0.201.b09-0.amzn2.x86_64/jre/lib/charsets.jar:/usr/lib/jvm/java-1.8.0-openjdk-1.8.0.201.b09-0.amzn2.x86_64/jre/lib/jfr.jar:/usr/lib/jvm/java-1.8.0-openjdk-1.8.0.201.b09-0.amzn2.x86_64/jre/classes"/>
    <property name="java.vendor" value="Oracle Corporation"/>
    <property name="maven.home" value="/usr/share/apache-maven"/>
    <property name="file.separator" value="/"/>
    <property name="java.vendor.url.bug" value="http://bugreport.sun.com/bugreport/"/>
    <property name="sun.cpu.endian" value="little"/>
    <property name="sun.io.unicode.encoding" value="UnicodeLittle"/>
    <property name="sun.cpu.isalist" value=""/>
  </properties>
  <testcase name="validate_shouldFailValidationIfPersonNameFamilyName2HasLeadingSpaces" classname="org.openmrs.validator.PersonNameValidatorTest" time="0">
    <skipped message="Unignore after investigating and fixing - RA-543"/>
  </testcase>
  <testcase name="validate_shouldPassValidationIfPersonNameMiddleNameIsLessThanMaxFieldLength" classname="org.openmrs.validator.PersonNameValidatorTest" time="0.658"/>
  <testcase name="validate_shouldFailValidationIfPersonNameMiddleNameHasTrailingSpaces" classname="org.openmrs.validator.PersonNameValidatorTest" time="0">
    <skipped message="Unignore after investigating and fixing - RA-543"/>
  </testcase>
  <testcase name="validate_shouldReportErrorsOnCorrectFieldNames" classname="org.openmrs.validator.PersonNameValidatorTest" time="0.008"/>
  <testcase name="validatePersonName_shouldReportErrorsWithNonStandardPrefixWhenCalledInHistoricWay" classname="org.openmrs.validator.PersonNameValidatorTest" time="0.003"/>
  <testcase name="validate_shouldFailValidationIfPersonNameDegreeIsTooLong" classname="org.openmrs.validator.PersonNameValidatorTest" time="0.007"/>
  <testcase name="validate_shouldPassValidationIfPersonNameFamilyNamePrefixIsLessThanMaxFieldLength" classname="org.openmrs.validator.PersonNameValidatorTest" time="0.002"/>
  <testcase name="validate_shouldFailValidationIfPersonNameMiddleNameHasLeadingSpaces" classname="org.openmrs.validator.PersonNameValidatorTest" time="0">
    <skipped message="Unignore after investigating and fixing - RA-543"/>
  </testcase>
  <testcase name="validate_shouldFailValidationIfPersonNameGivenNameHasTrailingSpaces" classname="org.openmrs.validator.PersonNameValidatorTest" time="0">
    <skipped message="Unignore after investigating and fixing - RA-543"/>
  </testcase>
  <testcase name="validate_shouldSkipRegexValidationIfValidationStringIsEmpty" classname="org.openmrs.validator.PersonNameValidatorTest" time="0.004"/>
  <testcase name="validate_shouldFailValidationIfPersonNameGivenNameIsNull" classname="org.openmrs.validator.PersonNameValidatorTest" time="0.003"/>
  <testcase name="validate_shouldFailValidationIfPersonNameFamilyName2HasTrailingSpaces" classname="org.openmrs.validator.PersonNameValidatorTest" time="0">
    <skipped message="Unignore after investigating and fixing - RA-543"/>
  </testcase>
  <testcase name="validate_shouldPassValidationIfPersonNamePrefixIsExactlyMaxLength" classname="org.openmrs.validator.PersonNameValidatorTest" time="0.004"/>
  <testcase name="validate_shouldPassValidationIfPersonNameFamilyName2IsExactlyMaxLength" classname="org.openmrs.validator.PersonNameValidatorTest" time="0.004"/>
  <testcase name="validate_shouldFailValidationIfPersonNameFamilyNameHasLeadingSpaces" classname="org.openmrs.validator.PersonNameValidatorTest" time="0">
    <skipped message="Unignore after investigating and fixing - RA-543"/>
  </testcase>
  <testcase name="validate_shouldFailValidationIfPersonNameGivenNameIsInvalid" classname="org.openmrs.validator.PersonNameValidatorTest" time="0.003"/>
  <testcase name="validate_shouldPassValidationIfPersonNameMiddleNameIsExactlyMaxLength" classname="org.openmrs.validator.PersonNameValidatorTest" time="0.001"/>
  <testcase name="validate_shouldFailValidationIfPersonNameGivenNameHasLeadingSpaces" classname="org.openmrs.validator.PersonNameValidatorTest" time="0">
    <skipped message="Unignore after investigating and fixing - RA-543"/>
  </testcase>
  <testcase name="validate_shouldPassValidationIfPersonNameFamilyNameSuffixIsExactlyMaxLength" classname="org.openmrs.validator.PersonNameValidatorTest" time="0.003"/>
  <testcase name="validate_shouldFailValidationIfPersonNameMiddleNameIsInvalid" classname="org.openmrs.validator.PersonNameValidatorTest" time="0.003"/>
  <testcase name="validate_shouldPassValidationIfPersonNameFamilyNameIsExactlyMaxLength" classname="org.openmrs.validator.PersonNameValidatorTest" time="0.003"/>
  <testcase name="validate_shouldFailValidationIfFieldLengthsAreNotCorrect" classname="org.openmrs.validator.PersonNameValidatorTest" time="0.004"/>
  <testcase name="validate_shouldFailValidationIfPersonNameFamilyNameSuffixIsTooLong" classname="org.openmrs.validator.PersonNameValidatorTest" time="0.004"/>
  <testcase name="validate_shouldPassValidationIfPersonNameDegreeIsExactlyMaxLength" classname="org.openmrs.validator.PersonNameValidatorTest" time="0.004"/>
  <testcase name="validate_shouldFailValidationIfPersonNameFamilyNameIsInvalid" classname="org.openmrs.validator.PersonNameValidatorTest" time="0.004"/>
  <testcase name="validate_shouldFailValidationIfPersonNameGivenNameIsJustSpaces" classname="org.openmrs.validator.PersonNameValidatorTest" time="0.003"/>
  <testcase name="validate_shouldPassValidationIfPersonNameGivenNameIsLessThanMaxFieldLength" classname="org.openmrs.validator.PersonNameValidatorTest" time="0.003"/>
  <testcase name="validate_shouldPassValidationIfPersonNameFamilyName2IsLessThanMaxFieldLength" classname="org.openmrs.validator.PersonNameValidatorTest" time="0.003"/>
  <testcase name="validate_shouldPassValidationIfPersonNameFamilyName2IsValid" classname="org.openmrs.validator.PersonNameValidatorTest" time="0.003"/>
  <testcase name="validate_shouldFailValidationIfPersonNameFamilyNameHasTrailingSpaces" classname="org.openmrs.validator.PersonNameValidatorTest" time="0">
    <skipped message="Unignore after investigating and fixing - RA-543"/>
  </testcase>
  <testcase name="validate_shouldFailValidationIfPersonNameFamilyNameIsSpacesSurroundedByQuotationMarks" classname="org.openmrs.validator.PersonNameValidatorTest" time="0.003"/>
  <testcase name="validate_shouldPassValidationIfPersonNameDegreeIsLessThanMaxFieldLength" classname="org.openmrs.validator.PersonNameValidatorTest" time="0.004"/>
  <testcase name="validate_shouldPassValidationIfPersonNameFamilyNameSuffixIsLessThanMaxFieldLength" classname="org.openmrs.validator.PersonNameValidatorTest" time="0.003"/>
  <testcase name="validate_shouldPassValidationIfPersonNameGivenNameIsNotBlank" classname="org.openmrs.validator.PersonNameValidatorTest" time="0.003"/>
  <testcase name="validate_shouldFailValidationIfPersonNameGivenNameIsTooLong" classname="org.openmrs.validator.PersonNameValidatorTest" time="0.004"/>
  <testcase name="validate_shouldFailValidationIfPersonNameMiddleNameIsTooLong" classname="org.openmrs.validator.PersonNameValidatorTest" time="0.003"/>
  <testcase name="validate_shouldFailValidationIfPersonNameObjectIsNull" classname="org.openmrs.validator.PersonNameValidatorTest" time="0.004"/>
  <testcase name="validate_shouldFailValidationIfPersonNameFamilyName2IsInvalid" classname="org.openmrs.validator.PersonNameValidatorTest" time="0.004"/>
  <testcase name="validate_shouldPassValidationIfFieldLengthsAreCorrect" classname="org.openmrs.validator.PersonNameValidatorTest" time="0.003"/>
  <testcase name="validatePersonName_shouldNotValidateAgainstRegexForBlankNames" classname="org.openmrs.validator.PersonNameValidatorTest" time="0.003"/>
  <testcase name="validate_shouldPassValidationIfPersonNameFamilyNameIsNull" classname="org.openmrs.validator.PersonNameValidatorTest" time="0.003"/>
  <testcase name="validate_shouldPassValidationIfPersonNameFamilyNameIsJustSpaces" classname="org.openmrs.validator.PersonNameValidatorTest" time="0.004"/>
  <testcase name="validate_shouldFailValidationIfPersonNameGivenNameIsSpacesSurroundedByQuotationMarks" classname="org.openmrs.validator.PersonNameValidatorTest" time="0.004"/>
  <testcase name="validate_shouldFailValidationIfPersonNameFamilyNameIsTooLong" classname="org.openmrs.validator.PersonNameValidatorTest" time="0.003"/>
  <testcase name="validate_shouldPassValidationIfPersonNameFamilyNameIsEmpty" classname="org.openmrs.validator.PersonNameValidatorTest" time="0.003"/>
  <testcase name="validate_shouldPassValidationIfPersonNameFamilyNameIsValid" classname="org.openmrs.validator.PersonNameValidatorTest" time="0.003"/>
  <testcase name="validate_shouldFailValidationIfPersonNameGivenNameIsEmpty" classname="org.openmrs.validator.PersonNameValidatorTest" time="0.003"/>
  <testcase name="validate_shouldFailValidationIfPersonNameFamilyNamePrefixIsTooLong" classname="org.openmrs.validator.PersonNameValidatorTest" time="0.003"/>
  <testcase name="validate_shouldPassValidationIfPersonNameMiddleNameIsValid" classname="org.openmrs.validator.PersonNameValidatorTest" time="0.002"/>
  <testcase name="validate_shouldPassValidationIfPersonNameFamilyNameIsLessThanMaxFieldLength" classname="org.openmrs.validator.PersonNameValidatorTest" time="0.002"/>
  <testcase name="validate_shouldPassValidationIfNameIsInvalidButVoided" classname="org.openmrs.validator.PersonNameValidatorTest" time="0.002"/>
  <testcase name="validate_shouldPassValidationIfPersonNamePrefixIsLessThanMaxFieldLength" classname="org.openmrs.validator.PersonNameValidatorTest" time="0.003"/>
  <testcase name="validate_shouldPassValidationIfPersonNameFamilyNameIsNotBlank" classname="org.openmrs.validator.PersonNameValidatorTest" time="0.002"/>
  <testcase name="validate_shouldFailValidationIfPersonNameFamilyName2IsTooLong" classname="org.openmrs.validator.PersonNameValidatorTest" time="0.002"/>
  <testcase name="validate_shouldPassValidationIfPersonNameGivenNameIsExactlyMaxLength" classname="org.openmrs.validator.PersonNameValidatorTest" time="0.002"/>
  <testcase name="validate_shouldSkipRegexValidationIfValidationStringIsNull" classname="org.openmrs.validator.PersonNameValidatorTest" time="0.004"/>
  <testcase name="validate_shouldPassValidationIfPersonNameGivenNameIsValid" classname="org.openmrs.validator.PersonNameValidatorTest" time="0.003"/>
  <testcase name="validate_shouldFailValidationIfPersonNamePrefixIsTooLong" classname="org.openmrs.validator.PersonNameValidatorTest" time="0.003"/>
  <testcase name="validate_shouldPassValidationIfPersonNameFamilyNamePrefixIsExactlyMaxLength" classname="org.openmrs.validator.PersonNameValidatorTest" time="0.003"/>
</testsuite>