<?xml version="1.0" encoding="UTF-8"?>
<testsuite xmlns:xsi="http://www.w3.org/2001/XMLSchema-instance" xsi:noNamespaceSchemaLocation="https://maven.apache.org/surefire/maven-surefire-plugin/xsd/surefire-test-report.xsd" name="org.openmrs.web.dwr.DWRConceptServiceTest" time="1.251" tests="11" errors="0" skipped="0" failures="0">
  <properties>
    <property name="awt.toolkit" value="sun.awt.X11.XToolkit"/>
    <property name="file.encoding.pkg" value="sun.io"/>
    <property name="java.specification.version" value="1.8"/>
    <property name="sun.cpu.isalist" value=""/>
    <property name="sun.jnu.encoding" value="UTF-8"/>
    <property name="java.class.path" value="/home/ec2-user/3tireapp/openmrs-module-legacyui/omod/target/test-classes:/home/ec2-user/3tireapp/openmrs-module-legacyui/omod/target/classes:/home/ec2-user/3tireapp/openmrs-module-legacyui/api/target/legacyui-api-1.6.0-SNAPSHOT.jar:/root/.m2/repository/org/openmrs/api/openmrs-api/2.0.0/openmrs-api-2.0.0.jar:/root/.m2/repository/commons-collections/commons-collections/3.2.2/commons-collections-3.2.2.jar:/root/.m2/repository/org/apache/commons/commons-lang3/3.1/commons-lang3-3.1.jar:/root/.m2/repository/commons-beanutils/commons-beanutils/1.7.0/commons-beanutils-1.7.0.jar:/root/.m2/repository/commons-io/commons-io/1.4/commons-io-1.4.jar:/root/.m2/repository/org/azeckoski/reflectutils/0.9.14/reflectutils-0.9.14.jar:/root/.m2/repository/org/apache/velocity/velocity/1.6.2/velocity-1.6.2.jar:/root/.m2/repository/commons-lang/commons-lang/2.4/commons-lang-2.4.jar:/root/.m2/repository/log4j/log4j/1.2.15/log4j-1.2.15.jar:/root/.m2/repository/org/springframework/spring-core/4.1.4.RELEASE/spring-core-4.1.4.RELEASE.jar:/root/.m2/repository/org/springframework/spring-beans/4.1.4.RELEASE/spring-beans-4.1.4.RELEASE.jar:/root/.m2/repository/org/springframework/spring-context/4.1.4.RELEASE/spring-context-4.1.4.RELEASE.jar:/root/.m2/repository/org/springframework/spring-expression/4.1.4.RELEASE/spring-expression-4.1.4.RELEASE.jar:/root/.m2/repository/org/springframework/spring-aop/4.1.4.RELEASE/spring-aop-4.1.4.RELEASE.jar:/root/.m2/repository/aopalliance/aopalliance/1.0/aopalliance-1.0.jar:/root/.m2/repository/org/springframework/spring-orm/4.1.4.RELEASE/spring-orm-4.1.4.RELEASE.jar:/root/.m2/repository/org/springframework/spring-tx/4.1.4.RELEASE/spring-tx-4.1.4.RELEASE.jar:/root/.m2/repository/org/springframework/spring-jdbc/4.1.4.RELEASE/spring-jdbc-4.1.4.RELEASE.jar:/root/.m2/repository/asm/asm-commons/2.2.3/asm-commons-2.2.3.jar:/root/.m2/repository/asm/asm-tree/2.2.3/asm-tree-2.2.3.jar:/root/.m2/repository/asm/asm/2.2.3/asm-2.2.3.jar:/root/.m2/repository/asm/asm-util/2.2.3/asm-util-2.2.3.jar:/root/.m2/repository/cglib/cglib-nodep/2.2/cglib-nodep-2.2.jar:/root/.m2/repository/ca/uhn/hapi/hapi-base/2.0/hapi-base-2.0.jar:/root/.m2/repository/commons-cli/commons-cli/1.2/commons-cli-1.2.jar:/root/.m2/repository/org/jdom/jdom/1.1/jdom-1.1.jar:/root/.m2/repository/xalan/xalan/2.7.0/xalan-2.7.0.jar:/root/.m2/repository/ca/uhn/hapi/hapi-structures-v25/2.0/hapi-structures-v25-2.0.jar:/root/.m2/repository/ca/uhn/hapi/hapi-structures-v26/2.0/hapi-structures-v26-2.0.jar:/root/.m2/repository/org/javassist/javassist/3.19.0-GA/javassist-3.19.0-GA.jar:/root/.m2/repository/org/hibernate/hibernate-core/4.3.9.Final/hibernate-core-4.3.9.Final.jar:/root/.m2/repository/org/jboss/logging/jboss-logging/3.1.3.GA/jboss-logging-3.1.3.GA.jar:/root/.m2/repository/org/jboss/logging/jboss-logging-annotations/1.2.0.Beta1/jboss-logging-annotations-1.2.0.Beta1.jar:/root/.m2/repository/org/jboss/spec/javax/transaction/jboss-transaction-api_1.2_spec/1.0.0.Final/jboss-transaction-api_1.2_spec-1.0.0.Final.jar:/root/.m2/repository/org/hibernate/common/hibernate-commons-annotations/4.0.5.Final/hibernate-commons-annotations-4.0.5.Final.jar:/root/.m2/repository/org/hibernate/javax/persistence/hibernate-jpa-2.1-api/1.0.0.Final/hibernate-jpa-2.1-api-1.0.0.Final.jar:/root/.m2/repository/antlr/antlr/2.7.7/antlr-2.7.7.jar:/root/.m2/repository/org/jboss/jandex/1.1.0.Final/jandex-1.1.0.Final.jar:/root/.m2/repository/org/hibernate/hibernate-c3p0/4.3.9.Final/hibernate-c3p0-4.3.9.Final.jar:/root/.m2/repository/com/mchange/c3p0/0.9.2.1/c3p0-0.9.2.1.jar:/root/.m2/repository/com/mchange/mchange-commons-java/0.2.3.4/mchange-commons-java-0.2.3.4.jar:/root/.m2/repository/org/hibernate/hibernate-ehcache/4.3.9.Final/hibernate-ehcache-4.3.9.Final.jar:/root/.m2/repository/org/hibernate/hibernate-search-orm/5.1.2.Final/hibernate-search-orm-5.1.2.Final.jar:/root/.m2/repository/org/hibernate/hibernate-search-engine/5.1.2.Final/hibernate-search-engine-5.1.2.Final.jar:/root/.m2/repository/org/apache/lucene/lucene-analyzers-common/4.10.4/lucene-analyzers-common-4.10.4.jar:/root/.m2/repository/org/apache/lucene/lucene-facet/4.10.4/lucene-facet-4.10.4.jar:/root/.m2/repository/org/apache/lucene/lucene-queryparser/4.10.4/lucene-queryparser-4.10.4.jar:/root/.m2/repository/org/apache/lucene/lucene-core/4.10.4/lucene-core-4.10.4.jar:/root/.m2/repository/org/apache/lucene/lucene-sandbox/4.10.4/lucene-sandbox-4.10.4.jar:/root/.m2/repository/org/apache/lucene/lucene-queries/4.10.4/lucene-queries-4.10.4.jar:/root/.m2/repository/dom4j/dom4j/1.6.1/dom4j-1.6.1.jar:/root/.m2/repository/net/sf/ehcache/ehcache/2.10.0/ehcache-2.10.0.jar:/root/.m2/repository/org/slf4j/slf4j-api/1.6.0/slf4j-api-1.6.0.jar:/root/.m2/repository/org/slf4j/jcl-over-slf4j/1.6.0/jcl-over-slf4j-1.6.0.jar:/root/.m2/repository/org/slf4j/slf4j-log4j12/1.6.0/slf4j-log4j12-1.6.0.jar:/root/.m2/repository/com/thoughtworks/xstream/xstream/1.4.3/xstream-1.4.3.jar:/root/.m2/repository/xmlpull/xmlpull/1.1.3.1/xmlpull-1.1.3.1.jar:/root/.m2/repository/xpp3/xpp3_min/1.1.4c/xpp3_min-1.1.4c.jar:/root/.m2/repository/javax/mail/mail/1.4.1/mail-1.4.1.jar:/root/.m2/repository/javax/activation/activation/1.1/activation-1.1.jar:/root/.m2/repository/org/liquibase/liquibase-core/2.0.5/liquibase-core-2.0.5.jar:/root/.m2/repository/org/openmrs/liquibase/ext/modify-column/2.0.2/modify-column-2.0.2.jar:/root/.m2/repository/org/openmrs/liquibase/ext/identity-insert/1.2.1/identity-insert-1.2.1.jar:/root/.m2/repository/org/openmrs/liquibase/ext/type-converter/1.0.1/type-converter-1.0.1.jar:/root/.m2/repository/xerces/xercesImpl/2.8.0/xercesImpl-2.8.0.jar:/root/.m2/repository/javax/validation/validation-api/1.0.0.GA/validation-api-1.0.0.GA.jar:/root/.m2/repository/org/hibernate/hibernate-validator/4.2.0.Final/hibernate-validator-4.2.0.Final.jar:/root/.m2/repository/org/codehaus/jackson/jackson-core-asl/1.9.13/jackson-core-asl-1.9.13.jar:/root/.m2/repository/org/codehaus/jackson/jackson-mapper-asl/1.9.13/jackson-mapper-asl-1.9.13.jar:/root/.m2/repository/org/codehaus/groovy/groovy-all/2.4.6/groovy-all-2.4.6.jar:/root/.m2/repository/org/openmrs/web/openmrs-web/2.0.0/openmrs-web-2.0.0.jar:/root/.m2/repository/javax/servlet/jstl/1.1.2/jstl-1.1.2.jar:/root/.m2/repository/commons-fileupload/commons-fileupload/1.2.1/commons-fileupload-1.2.1.jar:/root/.m2/repository/org/springframework/spring-web/4.1.4.RELEASE/spring-web-4.1.4.RELEASE.jar:/root/.m2/repository/org/springframework/spring-webmvc/4.1.4.RELEASE/spring-webmvc-4.1.4.RELEASE.jar:/root/.m2/repository/org/springframework/spring-oxm/4.1.4.RELEASE/spring-oxm-4.1.4.RELEASE.jar:/root/.m2/repository/mysql/mysql-connector-java/5.1.28/mysql-connector-java-5.1.28.jar:/root/.m2/repository/postgresql/postgresql/9.0-801.jdbc4/postgresql-9.0-801.jdbc4.jar:/root/.m2/repository/taglibs/request/1.0.1/request-1.0.1.jar:/root/.m2/repository/taglibs/response/1.0.1/response-1.0.1.jar:/root/.m2/repository/taglibs/standard/1.1.2/standard-1.1.2.jar:/root/.m2/repository/taglibs/page/1.0.1/page-1.0.1.jar:/root/.m2/repository/org/apache/velocity/velocity-tools/2.0/velocity-tools-2.0.jar:/root/.m2/repository/commons-digester/commons-digester/1.8/commons-digester-1.8.jar:/root/.m2/repository/commons-chain/commons-chain/1.1/commons-chain-1.1.jar:/root/.m2/repository/commons-validator/commons-validator/1.3.1/commons-validator-1.3.1.jar:/root/.m2/repository/oro/oro/2.0.8/oro-2.0.8.jar:/root/.m2/repository/sslext/sslext/1.2-0/sslext-1.2-0.jar:/root/.m2/repository/org/apache/struts/struts-core/1.3.8/struts-core-1.3.8.jar:/root/.m2/repository/org/apache/struts/struts-taglib/1.3.8/struts-taglib-1.3.8.jar:/root/.m2/repository/org/apache/struts/struts-tiles/1.3.8/struts-tiles-1.3.8.jar:/root/.m2/repository/org/owasp/encoder/encoder/1.2/encoder-1.2.jar:/root/.m2/repository/org/openmrs/api/openmrs-api/2.0.0/openmrs-api-2.0.0-tests.jar:/root/.m2/repository/org/openmrs/web/openmrs-web/2.0.0/openmrs-web-2.0.0-tests.jar:/root/.m2/repository/org/springframework/spring-test/4.1.4.RELEASE/spring-test-4.1.4.RELEASE.jar:/root/.m2/repository/com/h2database/h2/1.4.187/h2-1.4.187.jar:/root/.m2/repository/junit/junit/4.11/junit-4.11.jar:/root/.m2/repository/org/databene/databene-benerator/0.5.9/databene-benerator-0.5.9.jar:/root/.m2/repository/org/databene/databene-webdecs/0.4.9/databene-webdecs-0.4.9.jar:/root/.m2/repository/org/apache/poi/poi/3.5-beta5/poi-3.5-beta5.jar:/root/.m2/repository/org/freemarker/freemarker/2.3.9/freemarker-2.3.9.jar:/root/.m2/repository/org/databene/databene-commons/0.4.9/databene-commons-0.4.9.jar:/root/.m2/repository/org/databene/databene-gui/0.1.9/databene-gui-0.1.9.jar:/root/.m2/repository/net/sourceforge/jtds/jtds/1.2.2/jtds-1.2.2.jar:/root/.m2/repository/org/apache/derby/derbyclient/10.4.2.0/derbyclient-10.4.2.0.jar:/root/.m2/repository/org/dbunit/dbunit/2.4.7/dbunit-2.4.7.jar:/root/.m2/repository/xmlunit/xmlunit/1.3/xmlunit-1.3.jar:/root/.m2/repository/org/mockito/mockito-core/1.9.5/mockito-core-1.9.5.jar:/root/.m2/repository/org/objenesis/objenesis/1.0/objenesis-1.0.jar:/root/.m2/repository/org/powermock/powermock-module-junit4/1.5/powermock-module-junit4-1.5.jar:/root/.m2/repository/org/powermock/powermock-module-junit4-common/1.5/powermock-module-junit4-common-1.5.jar:/root/.m2/repository/org/powermock/powermock-core/1.5/powermock-core-1.5.jar:/root/.m2/repository/org/powermock/powermock-reflect/1.5/powermock-reflect-1.5.jar:/root/.m2/repository/org/powermock/powermock-api-mockito/1.5/powermock-api-mockito-1.5.jar:/root/.m2/repository/org/powermock/powermock-api-support/1.5/powermock-api-support-1.5.jar:/root/.m2/repository/org/hamcrest/hamcrest-core/1.3/hamcrest-core-1.3.jar:/root/.m2/repository/org/hamcrest/hamcrest-library/1.3/hamcrest-library-1.3.jar:/root/.m2/repository/com/carrotsearch/junit-benchmarks/0.7.0/junit-benchmarks-0.7.0.jar:/root/.m2/repository/org/openmrs/directwebremoting/dwr/2.0.7-mod/dwr-2.0.7-mod.jar:/root/.m2/repository/javax/servlet/javax.servlet-api/3.0.1/javax.servlet-api-3.0.1.jar:/root/.m2/repository/jfree/jfreechart/1.0.12/jfreechart-1.0.12.jar:/root/.m2/repository/jfree/jcommon/1.0.15/jcommon-1.0.15.jar:/root/.m2/repository/javax/servlet/jsp-api/2.0/jsp-api-2.0.jar:/root/.m2/repository/javax/servlet/servlet-api/2.4/servlet-api-2.4.jar:"/>
    <property name="java.vm.vendor" value="Oracle Corporation"/>
    <property name="sun.arch.data.model" value="64"/>
    <property name="java.vendor.url" value="http://java.oracle.com/"/>
    <property name="user.timezone" value=""/>
    <property name="java.vm.specification.version" value="1.8"/>
    <property name="os.name" value="Linux"/>
    <property name="user.country" value="US"/>
    <property name="sun.java.launcher" value="SUN_STANDARD"/>
    <property name="sun.boot.library.path" value="/usr/lib/jvm/java-1.8.0-openjdk-1.8.0.201.b09-0.amzn2.x86_64/jre/lib/amd64"/>
    <property name="sun.java.command" value="/home/ec2-user/3tireapp/openmrs-module-legacyui/omod/target/surefire/surefirebooter7042895257581316876.jar /home/ec2-user/3tireapp/openmrs-module-legacyui/omod/target/surefire 2019-07-22T09-42-55_736-jvmRun1 surefire6991796490847640920tmp surefire_02638066856263621324tmp"/>
    <property name="surefire.test.class.path" value="/home/ec2-user/3tireapp/openmrs-module-legacyui/omod/target/test-classes:/home/ec2-user/3tireapp/openmrs-module-legacyui/omod/target/classes:/home/ec2-user/3tireapp/openmrs-module-legacyui/api/target/legacyui-api-1.6.0-SNAPSHOT.jar:/root/.m2/repository/org/openmrs/api/openmrs-api/2.0.0/openmrs-api-2.0.0.jar:/root/.m2/repository/commons-collections/commons-collections/3.2.2/commons-collections-3.2.2.jar:/root/.m2/repository/org/apache/commons/commons-lang3/3.1/commons-lang3-3.1.jar:/root/.m2/repository/commons-beanutils/commons-beanutils/1.7.0/commons-beanutils-1.7.0.jar:/root/.m2/repository/commons-io/commons-io/1.4/commons-io-1.4.jar:/root/.m2/repository/org/azeckoski/reflectutils/0.9.14/reflectutils-0.9.14.jar:/root/.m2/repository/org/apache/velocity/velocity/1.6.2/velocity-1.6.2.jar:/root/.m2/repository/commons-lang/commons-lang/2.4/commons-lang-2.4.jar:/root/.m2/repository/log4j/log4j/1.2.15/log4j-1.2.15.jar:/root/.m2/repository/org/springframework/spring-core/4.1.4.RELEASE/spring-core-4.1.4.RELEASE.jar:/root/.m2/repository/org/springframework/spring-beans/4.1.4.RELEASE/spring-beans-4.1.4.RELEASE.jar:/root/.m2/repository/org/springframework/spring-context/4.1.4.RELEASE/spring-context-4.1.4.RELEASE.jar:/root/.m2/repository/org/springframework/spring-expression/4.1.4.RELEASE/spring-expression-4.1.4.RELEASE.jar:/root/.m2/repository/org/springframework/spring-aop/4.1.4.RELEASE/spring-aop-4.1.4.RELEASE.jar:/root/.m2/repository/aopalliance/aopalliance/1.0/aopalliance-1.0.jar:/root/.m2/repository/org/springframework/spring-orm/4.1.4.RELEASE/spring-orm-4.1.4.RELEASE.jar:/root/.m2/repository/org/springframework/spring-tx/4.1.4.RELEASE/spring-tx-4.1.4.RELEASE.jar:/root/.m2/repository/org/springframework/spring-jdbc/4.1.4.RELEASE/spring-jdbc-4.1.4.RELEASE.jar:/root/.m2/repository/asm/asm-commons/2.2.3/asm-commons-2.2.3.jar:/root/.m2/repository/asm/asm-tree/2.2.3/asm-tree-2.2.3.jar:/root/.m2/repository/asm/asm/2.2.3/asm-2.2.3.jar:/root/.m2/repository/asm/asm-util/2.2.3/asm-util-2.2.3.jar:/root/.m2/repository/cglib/cglib-nodep/2.2/cglib-nodep-2.2.jar:/root/.m2/repository/ca/uhn/hapi/hapi-base/2.0/hapi-base-2.0.jar:/root/.m2/repository/commons-cli/commons-cli/1.2/commons-cli-1.2.jar:/root/.m2/repository/org/jdom/jdom/1.1/jdom-1.1.jar:/root/.m2/repository/xalan/xalan/2.7.0/xalan-2.7.0.jar:/root/.m2/repository/ca/uhn/hapi/hapi-structures-v25/2.0/hapi-structures-v25-2.0.jar:/root/.m2/repository/ca/uhn/hapi/hapi-structures-v26/2.0/hapi-structures-v26-2.0.jar:/root/.m2/repository/org/javassist/javassist/3.19.0-GA/javassist-3.19.0-GA.jar:/root/.m2/repository/org/hibernate/hibernate-core/4.3.9.Final/hibernate-core-4.3.9.Final.jar:/root/.m2/repository/org/jboss/logging/jboss-logging/3.1.3.GA/jboss-logging-3.1.3.GA.jar:/root/.m2/repository/org/jboss/logging/jboss-logging-annotations/1.2.0.Beta1/jboss-logging-annotations-1.2.0.Beta1.jar:/root/.m2/repository/org/jboss/spec/javax/transaction/jboss-transaction-api_1.2_spec/1.0.0.Final/jboss-transaction-api_1.2_spec-1.0.0.Final.jar:/root/.m2/repository/org/hibernate/common/hibernate-commons-annotations/4.0.5.Final/hibernate-commons-annotations-4.0.5.Final.jar:/root/.m2/repository/org/hibernate/javax/persistence/hibernate-jpa-2.1-api/1.0.0.Final/hibernate-jpa-2.1-api-1.0.0.Final.jar:/root/.m2/repository/antlr/antlr/2.7.7/antlr-2.7.7.jar:/root/.m2/repository/org/jboss/jandex/1.1.0.Final/jandex-1.1.0.Final.jar:/root/.m2/repository/org/hibernate/hibernate-c3p0/4.3.9.Final/hibernate-c3p0-4.3.9.Final.jar:/root/.m2/repository/com/mchange/c3p0/0.9.2.1/c3p0-0.9.2.1.jar:/root/.m2/repository/com/mchange/mchange-commons-java/0.2.3.4/mchange-commons-java-0.2.3.4.jar:/root/.m2/repository/org/hibernate/hibernate-ehcache/4.3.9.Final/hibernate-ehcache-4.3.9.Final.jar:/root/.m2/repository/org/hibernate/hibernate-search-orm/5.1.2.Final/hibernate-search-orm-5.1.2.Final.jar:/root/.m2/repository/org/hibernate/hibernate-search-engine/5.1.2.Final/hibernate-search-engine-5.1.2.Final.jar:/root/.m2/repository/org/apache/lucene/lucene-analyzers-common/4.10.4/lucene-analyzers-common-4.10.4.jar:/root/.m2/repository/org/apache/lucene/lucene-facet/4.10.4/lucene-facet-4.10.4.jar:/root/.m2/repository/org/apache/lucene/lucene-queryparser/4.10.4/lucene-queryparser-4.10.4.jar:/root/.m2/repository/org/apache/lucene/lucene-core/4.10.4/lucene-core-4.10.4.jar:/root/.m2/repository/org/apache/lucene/lucene-sandbox/4.10.4/lucene-sandbox-4.10.4.jar:/root/.m2/repository/org/apache/lucene/lucene-queries/4.10.4/lucene-queries-4.10.4.jar:/root/.m2/repository/dom4j/dom4j/1.6.1/dom4j-1.6.1.jar:/root/.m2/repository/net/sf/ehcache/ehcache/2.10.0/ehcache-2.10.0.jar:/root/.m2/repository/org/slf4j/slf4j-api/1.6.0/slf4j-api-1.6.0.jar:/root/.m2/repository/org/slf4j/jcl-over-slf4j/1.6.0/jcl-over-slf4j-1.6.0.jar:/root/.m2/repository/org/slf4j/slf4j-log4j12/1.6.0/slf4j-log4j12-1.6.0.jar:/root/.m2/repository/com/thoughtworks/xstream/xstream/1.4.3/xstream-1.4.3.jar:/root/.m2/repository/xmlpull/xmlpull/1.1.3.1/xmlpull-1.1.3.1.jar:/root/.m2/repository/xpp3/xpp3_min/1.1.4c/xpp3_min-1.1.4c.jar:/root/.m2/repository/javax/mail/mail/1.4.1/mail-1.4.1.jar:/root/.m2/repository/javax/activation/activation/1.1/activation-1.1.jar:/root/.m2/repository/org/liquibase/liquibase-core/2.0.5/liquibase-core-2.0.5.jar:/root/.m2/repository/org/openmrs/liquibase/ext/modify-column/2.0.2/modify-column-2.0.2.jar:/root/.m2/repository/org/openmrs/liquibase/ext/identity-insert/1.2.1/identity-insert-1.2.1.jar:/root/.m2/repository/org/openmrs/liquibase/ext/type-converter/1.0.1/type-converter-1.0.1.jar:/root/.m2/repository/xerces/xercesImpl/2.8.0/xercesImpl-2.8.0.jar:/root/.m2/repository/javax/validation/validation-api/1.0.0.GA/validation-api-1.0.0.GA.jar:/root/.m2/repository/org/hibernate/hibernate-validator/4.2.0.Final/hibernate-validator-4.2.0.Final.jar:/root/.m2/repository/org/codehaus/jackson/jackson-core-asl/1.9.13/jackson-core-asl-1.9.13.jar:/root/.m2/repository/org/codehaus/jackson/jackson-mapper-asl/1.9.13/jackson-mapper-asl-1.9.13.jar:/root/.m2/repository/org/codehaus/groovy/groovy-all/2.4.6/groovy-all-2.4.6.jar:/root/.m2/repository/org/openmrs/web/openmrs-web/2.0.0/openmrs-web-2.0.0.jar:/root/.m2/repository/javax/servlet/jstl/1.1.2/jstl-1.1.2.jar:/root/.m2/repository/commons-fileupload/commons-fileupload/1.2.1/commons-fileupload-1.2.1.jar:/root/.m2/repository/org/springframework/spring-web/4.1.4.RELEASE/spring-web-4.1.4.RELEASE.jar:/root/.m2/repository/org/springframework/spring-webmvc/4.1.4.RELEASE/spring-webmvc-4.1.4.RELEASE.jar:/root/.m2/repository/org/springframework/spring-oxm/4.1.4.RELEASE/spring-oxm-4.1.4.RELEASE.jar:/root/.m2/repository/mysql/mysql-connector-java/5.1.28/mysql-connector-java-5.1.28.jar:/root/.m2/repository/postgresql/postgresql/9.0-801.jdbc4/postgresql-9.0-801.jdbc4.jar:/root/.m2/repository/taglibs/request/1.0.1/request-1.0.1.jar:/root/.m2/repository/taglibs/response/1.0.1/response-1.0.1.jar:/root/.m2/repository/taglibs/standard/1.1.2/standard-1.1.2.jar:/root/.m2/repository/taglibs/page/1.0.1/page-1.0.1.jar:/root/.m2/repository/org/apache/velocity/velocity-tools/2.0/velocity-tools-2.0.jar:/root/.m2/repository/commons-digester/commons-digester/1.8/commons-digester-1.8.jar:/root/.m2/repository/commons-chain/commons-chain/1.1/commons-chain-1.1.jar:/root/.m2/repository/commons-validator/commons-validator/1.3.1/commons-validator-1.3.1.jar:/root/.m2/repository/oro/oro/2.0.8/oro-2.0.8.jar:/root/.m2/repository/sslext/sslext/1.2-0/sslext-1.2-0.jar:/root/.m2/repository/org/apache/struts/struts-core/1.3.8/struts-core-1.3.8.jar:/root/.m2/repository/org/apache/struts/struts-taglib/1.3.8/struts-taglib-1.3.8.jar:/root/.m2/repository/org/apache/struts/struts-tiles/1.3.8/struts-tiles-1.3.8.jar:/root/.m2/repository/org/owasp/encoder/encoder/1.2/encoder-1.2.jar:/root/.m2/repository/org/openmrs/api/openmrs-api/2.0.0/openmrs-api-2.0.0-tests.jar:/root/.m2/repository/org/openmrs/web/openmrs-web/2.0.0/openmrs-web-2.0.0-tests.jar:/root/.m2/repository/org/springframework/spring-test/4.1.4.RELEASE/spring-test-4.1.4.RELEASE.jar:/root/.m2/repository/com/h2database/h2/1.4.187/h2-1.4.187.jar:/root/.m2/repository/junit/junit/4.11/junit-4.11.jar:/root/.m2/repository/org/databene/databene-benerator/0.5.9/databene-benerator-0.5.9.jar:/root/.m2/repository/org/databene/databene-webdecs/0.4.9/databene-webdecs-0.4.9.jar:/root/.m2/repository/org/apache/poi/poi/3.5-beta5/poi-3.5-beta5.jar:/root/.m2/repository/org/freemarker/freemarker/2.3.9/freemarker-2.3.9.jar:/root/.m2/repository/org/databene/databene-commons/0.4.9/databene-commons-0.4.9.jar:/root/.m2/repository/org/databene/databene-gui/0.1.9/databene-gui-0.1.9.jar:/root/.m2/repository/net/sourceforge/jtds/jtds/1.2.2/jtds-1.2.2.jar:/root/.m2/repository/org/apache/derby/derbyclient/10.4.2.0/derbyclient-10.4.2.0.jar:/root/.m2/repository/org/dbunit/dbunit/2.4.7/dbunit-2.4.7.jar:/root/.m2/repository/xmlunit/xmlunit/1.3/xmlunit-1.3.jar:/root/.m2/repository/org/mockito/mockito-core/1.9.5/mockito-core-1.9.5.jar:/root/.m2/repository/org/objenesis/objenesis/1.0/objenesis-1.0.jar:/root/.m2/repository/org/powermock/powermock-module-junit4/1.5/powermock-module-junit4-1.5.jar:/root/.m2/repository/org/powermock/powermock-module-junit4-common/1.5/powermock-module-junit4-common-1.5.jar:/root/.m2/repository/org/powermock/powermock-core/1.5/powermock-core-1.5.jar:/root/.m2/repository/org/powermock/powermock-reflect/1.5/powermock-reflect-1.5.jar:/root/.m2/repository/org/powermock/powermock-api-mockito/1.5/powermock-api-mockito-1.5.jar:/root/.m2/repository/org/powermock/powermock-api-support/1.5/powermock-api-support-1.5.jar:/root/.m2/repository/org/hamcrest/hamcrest-core/1.3/hamcrest-core-1.3.jar:/root/.m2/repository/org/hamcrest/hamcrest-library/1.3/hamcrest-library-1.3.jar:/root/.m2/repository/com/carrotsearch/junit-benchmarks/0.7.0/junit-benchmarks-0.7.0.jar:/root/.m2/repository/org/openmrs/directwebremoting/dwr/2.0.7-mod/dwr-2.0.7-mod.jar:/root/.m2/repository/javax/servlet/javax.servlet-api/3.0.1/javax.servlet-api-3.0.1.jar:/root/.m2/repository/jfree/jfreechart/1.0.12/jfreechart-1.0.12.jar:/root/.m2/repository/jfree/jcommon/1.0.15/jcommon-1.0.15.jar:/root/.m2/repository/javax/servlet/jsp-api/2.0/jsp-api-2.0.jar:/root/.m2/repository/javax/servlet/servlet-api/2.4/servlet-api-2.4.jar:"/>
    <property name="sun.cpu.endian" value="little"/>
    <property name="user.home" value="/root"/>
    <property name="user.language" value="en"/>
    <property name="java.specification.vendor" value="Oracle Corporation"/>
    <property name="java.home" value="/usr/lib/jvm/java-1.8.0-openjdk-1.8.0.201.b09-0.amzn2.x86_64/jre"/>
    <property name="basedir" value="/home/ec2-user/3tireapp/openmrs-module-legacyui/omod"/>
    <property name="file.separator" value="/"/>
    <property name="line.separator" value="&#10;"/>
    <property name="java.vm.specification.vendor" value="Oracle Corporation"/>
    <property name="java.specification.name" value="Java Platform API Specification"/>
    <property name="java.awt.graphicsenv" value="sun.awt.X11GraphicsEnvironment"/>
    <property name="surefire.real.class.path" value="/home/ec2-user/3tireapp/openmrs-module-legacyui/omod/target/surefire/surefirebooter7042895257581316876.jar"/>
    <property name="jdk.net.URLClassPath.disableClassPathURLCheck" value="true"/>
    <property name="sun.boot.class.path" value="/usr/lib/jvm/java-1.8.0-openjdk-1.8.0.201.b09-0.amzn2.x86_64/jre/lib/resources.jar:/usr/lib/jvm/java-1.8.0-openjdk-1.8.0.201.b09-0.amzn2.x86_64/jre/lib/rt.jar:/usr/lib/jvm/java-1.8.0-openjdk-1.8.0.201.b09-0.amzn2.x86_64/jre/lib/sunrsasign.jar:/usr/lib/jvm/java-1.8.0-openjdk-1.8.0.201.b09-0.amzn2.x86_64/jre/lib/jsse.jar:/usr/lib/jvm/java-1.8.0-openjdk-1.8.0.201.b09-0.amzn2.x86_64/jre/lib/jce.jar:/usr/lib/jvm/java-1.8.0-openjdk-1.8.0.201.b09-0.amzn2.x86_64/jre/lib/charsets.jar:/usr/lib/jvm/java-1.8.0-openjdk-1.8.0.201.b09-0.amzn2.x86_64/jre/lib/jfr.jar:/usr/lib/jvm/java-1.8.0-openjdk-1.8.0.201.b09-0.amzn2.x86_64/jre/classes"/>
    <property name="sun.management.compiler" value="HotSpot 64-Bit Tiered Compilers"/>
    <property name="java.runtime.version" value="1.8.0_201-b09"/>
    <property name="user.name" value="root"/>
    <property name="path.separator" value=":"/>
    <property name="os.version" value="4.14.128-112.105.amzn2.x86_64"/>
    <property name="java.endorsed.dirs" value="/usr/lib/jvm/java-1.8.0-openjdk-1.8.0.201.b09-0.amzn2.x86_64/jre/lib/endorsed"/>
    <property name="java.runtime.name" value="OpenJDK Runtime Environment"/>
    <property name="file.encoding" value="UTF-8"/>
    <property name="java.vm.name" value="OpenJDK 64-Bit Server VM"/>
    <property name="localRepository" value="/root/.m2/repository"/>
    <property name="java.vendor.url.bug" value="http://bugreport.sun.com/bugreport/"/>
    <property name="java.io.tmpdir" value="/tmp"/>
    <property name="java.version" value="1.8.0_201"/>
    <property name="user.dir" value="/home/ec2-user/3tireapp/openmrs-module-legacyui/omod"/>
    <property name="os.arch" value="amd64"/>
    <property name="java.vm.specification.name" value="Java Virtual Machine Specification"/>
    <property name="java.awt.printerjob" value="sun.print.PSPrinterJob"/>
    <property name="sun.os.patch.level" value="unknown"/>
    <property name="java.library.path" value="/usr/java/packages/lib/amd64:/usr/lib64:/lib64:/lib:/usr/lib"/>
    <property name="java.vm.info" value="mixed mode"/>
    <property name="java.vendor" value="Oracle Corporation"/>
    <property name="java.vm.version" value="25.201-b09"/>
    <property name="java.ext.dirs" value="/usr/lib/jvm/java-1.8.0-openjdk-1.8.0.201.b09-0.amzn2.x86_64/jre/lib/ext:/usr/java/packages/lib/ext"/>
    <property name="sun.io.unicode.encoding" value="UnicodeLittle"/>
    <property name="java.class.version" value="52.0"/>
  </properties>
  <testcase name="findConceptAnswers_shouldSearchForConceptAnswersInAllSearchLocales" classname="org.openmrs.web.dwr.DWRConceptServiceTest" time="0.465"/>
  <testcase name="findBatchOfConcepts_shouldNotReturnConceptByGivenIdIfClassnameIsExcluded" classname="org.openmrs.web.dwr.DWRConceptServiceTest" time="0.069"/>
  <testcase name="findBatchOfConcepts_shouldNotReturnDuplicatesWhenSearchingByConceptId" classname="org.openmrs.web.dwr.DWRConceptServiceTest" time="0.064"/>
  <testcase name="findBatchOfConcepts_shouldReturnConceptByGivenIdIfClassnameIsIncluded" classname="org.openmrs.web.dwr.DWRConceptServiceTest" time="0.067"/>
  <testcase name="findConceptAnswers_shouldNotReturnDuplicates" classname="org.openmrs.web.dwr.DWRConceptServiceTest" time="0.148"/>
  <testcase name="findBatchOfConcepts_shouldReturnConceptByGivenIdIfDatatypeIsIncluded" classname="org.openmrs.web.dwr.DWRConceptServiceTest" time="0.061"/>
  <testcase name="findConceptAnswers_shouldNotFailIfTheSpecifiedConceptHasNoAnswersRegressionTestForTRUNK2807" classname="org.openmrs.web.dwr.DWRConceptServiceTest" time="0.092"/>
  <testcase name="findBatchOfConcepts_shouldNotReturnConceptByGivenIdIfDatatypeIsNotIncluded" classname="org.openmrs.web.dwr.DWRConceptServiceTest" time="0.052"/>
  <testcase name="findBatchOfConcepts_shouldNotReturnConceptByGivenIdIfDatatypeIsExcluded" classname="org.openmrs.web.dwr.DWRConceptServiceTest" time="0.056"/>
  <testcase name="findBatchOfConcepts_shouldNotReturnConceptByGivenIdIfClassnameIsNotIncluded" classname="org.openmrs.web.dwr.DWRConceptServiceTest" time="0.055"/>
  <testcase name="findBatchOfConcepts_shouldReturnConceptByGivenIdIfExclusionAndInclusionListsAreEmpty" classname="org.openmrs.web.dwr.DWRConceptServiceTest" time="0.058"/>
</testsuite>